26-Aug-2018 10:10:05.261 INFO [main] org.apache.catalina.startup.VersionLoggerListener.log Server version:        Apache Tomcat/8.0.20
26-Aug-2018 10:10:05.266 INFO [main] org.apache.catalina.startup.VersionLoggerListener.log Server built:          Feb 15 2015 18:10:42 UTC
26-Aug-2018 10:10:05.267 INFO [main] org.apache.catalina.startup.VersionLoggerListener.log Server number:         8.0.20.0
26-Aug-2018 10:10:05.268 INFO [main] org.apache.catalina.startup.VersionLoggerListener.log OS Name:               Windows 7
26-Aug-2018 10:10:05.269 INFO [main] org.apache.catalina.startup.VersionLoggerListener.log OS Version:            6.1
26-Aug-2018 10:10:05.269 INFO [main] org.apache.catalina.startup.VersionLoggerListener.log Architecture:          amd64
26-Aug-2018 10:10:05.270 INFO [main] org.apache.catalina.startup.VersionLoggerListener.log Java Home:             D:\Program Files\java\install1.8\jre
26-Aug-2018 10:10:05.271 INFO [main] org.apache.catalina.startup.VersionLoggerListener.log JVM Version:           1.8.0_20-b26
26-Aug-2018 10:10:05.272 INFO [main] org.apache.catalina.startup.VersionLoggerListener.log JVM Vendor:            Oracle Corporation
26-Aug-2018 10:10:05.273 INFO [main] org.apache.catalina.startup.VersionLoggerListener.log CATALINA_BASE:         F:\nginx\projects\apache-tomcat-8.0.20-8080
26-Aug-2018 10:10:05.273 INFO [main] org.apache.catalina.startup.VersionLoggerListener.log CATALINA_HOME:         F:\nginx\projects\apache-tomcat-8.0.20-8080
26-Aug-2018 10:10:05.275 INFO [main] org.apache.catalina.startup.VersionLoggerListener.log Command line argument: -Djava.util.logging.config.file=F:\nginx\projects\apache-tomcat-8.0.20-8080\conf\logging.properties
26-Aug-2018 10:10:05.277 INFO [main] org.apache.catalina.startup.VersionLoggerListener.log Command line argument: -Djava.util.logging.manager=org.apache.juli.ClassLoaderLogManager
26-Aug-2018 10:10:05.279 INFO [main] org.apache.catalina.startup.VersionLoggerListener.log Command line argument: -Djava.endorsed.dirs=F:\nginx\projects\apache-tomcat-8.0.20-8080\endorsed
26-Aug-2018 10:10:05.282 INFO [main] org.apache.catalina.startup.VersionLoggerListener.log Command line argument: -Dcatalina.base=F:\nginx\projects\apache-tomcat-8.0.20-8080
26-Aug-2018 10:10:05.284 INFO [main] org.apache.catalina.startup.VersionLoggerListener.log Command line argument: -Dcatalina.home=F:\nginx\projects\apache-tomcat-8.0.20-8080
26-Aug-2018 10:10:05.286 INFO [main] org.apache.catalina.startup.VersionLoggerListener.log Command line argument: -Djava.io.tmpdir=F:\nginx\projects\apache-tomcat-8.0.20-8080\temp
26-Aug-2018 10:10:05.289 INFO [main] org.apache.catalina.core.AprLifecycleListener.lifecycleEvent Loaded APR based Apache Tomcat Native library 1.1.32 using APR version 1.5.1.
26-Aug-2018 10:10:05.292 INFO [main] org.apache.catalina.core.AprLifecycleListener.lifecycleEvent APR capabilities: IPv6 [true], sendfile [true], accept filters [false], random [true].
26-Aug-2018 10:10:06.595 INFO [main] org.apache.catalina.core.AprLifecycleListener.initializeSSL OpenSSL successfully initialized (OpenSSL 1.0.1j 15 Oct 2014)
26-Aug-2018 10:10:07.120 INFO [main] org.apache.coyote.AbstractProtocol.init Initializing ProtocolHandler ["http-apr-8080"]
26-Aug-2018 10:10:07.161 INFO [main] org.apache.coyote.AbstractProtocol.init Initializing ProtocolHandler ["ajp-apr-8001"]
26-Aug-2018 10:10:07.168 INFO [main] org.apache.catalina.startup.Catalina.load Initialization processed in 3820 ms
26-Aug-2018 10:10:07.313 INFO [main] org.apache.catalina.core.StandardService.startInternal Starting service Catalina
26-Aug-2018 10:10:07.324 INFO [main] org.apache.catalina.core.StandardEngine.startInternal Starting Servlet Engine: Apache Tomcat/8.0.20
26-Aug-2018 10:10:07.399 INFO [localhost-startStop-1] org.apache.catalina.startup.HostConfig.deployDirectory Deploying web application directory F:\nginx\projects\apache-tomcat-8.0.20-8080\webapps\ROOT
26-Aug-2018 10:10:08.961 INFO [localhost-startStop-1] org.apache.catalina.util.SessionIdGeneratorBase.createSecureRandom Creation of SecureRandom instance for session ID generation using [SHA1PRNG] took [394] milliseconds.
26-Aug-2018 10:10:09.032 INFO [localhost-startStop-1] org.apache.catalina.startup.HostConfig.deployDirectory Deployment of web application directory F:\nginx\projects\apache-tomcat-8.0.20-8080\webapps\ROOT has finished in 1,633 ms
26-Aug-2018 10:10:09.042 INFO [main] org.apache.coyote.AbstractProtocol.start Starting ProtocolHandler ["http-apr-8080"]
26-Aug-2018 10:10:09.064 INFO [main] org.apache.coyote.AbstractProtocol.start Starting ProtocolHandler ["ajp-apr-8001"]
26-Aug-2018 10:10:09.067 INFO [main] org.apache.catalina.startup.Catalina.start Server startup in 1901 ms
