25-Aug-2018 15:50:03.970 INFO [main] org.apache.catalina.startup.VersionLoggerListener.log Server version:        Apache Tomcat/8.0.20
25-Aug-2018 15:50:03.979 INFO [main] org.apache.catalina.startup.VersionLoggerListener.log Server built:          Feb 15 2015 18:10:42 UTC
25-Aug-2018 15:50:03.982 INFO [main] org.apache.catalina.startup.VersionLoggerListener.log Server number:         8.0.20.0
25-Aug-2018 15:50:03.984 INFO [main] org.apache.catalina.startup.VersionLoggerListener.log OS Name:               Windows 7
25-Aug-2018 15:50:03.985 INFO [main] org.apache.catalina.startup.VersionLoggerListener.log OS Version:            6.1
25-Aug-2018 15:50:03.987 INFO [main] org.apache.catalina.startup.VersionLoggerListener.log Architecture:          amd64
25-Aug-2018 15:50:03.988 INFO [main] org.apache.catalina.startup.VersionLoggerListener.log Java Home:             D:\Program Files\java\install1.8\jre
25-Aug-2018 15:50:03.989 INFO [main] org.apache.catalina.startup.VersionLoggerListener.log JVM Version:           1.8.0_20-b26
25-Aug-2018 15:50:03.991 INFO [main] org.apache.catalina.startup.VersionLoggerListener.log JVM Vendor:            Oracle Corporation
25-Aug-2018 15:50:03.993 INFO [main] org.apache.catalina.startup.VersionLoggerListener.log CATALINA_BASE:         F:\nginx\infos\apache-tomcat-8.0.20
25-Aug-2018 15:50:04.001 INFO [main] org.apache.catalina.startup.VersionLoggerListener.log CATALINA_HOME:         F:\nginx\infos\apache-tomcat-8.0.20
25-Aug-2018 15:50:04.004 INFO [main] org.apache.catalina.startup.VersionLoggerListener.log Command line argument: -Djava.util.logging.config.file=F:\nginx\infos\apache-tomcat-8.0.20\conf\logging.properties
25-Aug-2018 15:50:04.012 INFO [main] org.apache.catalina.startup.VersionLoggerListener.log Command line argument: -Djava.util.logging.manager=org.apache.juli.ClassLoaderLogManager
25-Aug-2018 15:50:04.015 INFO [main] org.apache.catalina.startup.VersionLoggerListener.log Command line argument: -Djava.endorsed.dirs=F:\nginx\infos\apache-tomcat-8.0.20\endorsed
25-Aug-2018 15:50:04.019 INFO [main] org.apache.catalina.startup.VersionLoggerListener.log Command line argument: -Dcatalina.base=F:\nginx\infos\apache-tomcat-8.0.20
25-Aug-2018 15:50:04.024 INFO [main] org.apache.catalina.startup.VersionLoggerListener.log Command line argument: -Dcatalina.home=F:\nginx\infos\apache-tomcat-8.0.20
25-Aug-2018 15:50:04.033 INFO [main] org.apache.catalina.startup.VersionLoggerListener.log Command line argument: -Djava.io.tmpdir=F:\nginx\infos\apache-tomcat-8.0.20\temp
25-Aug-2018 15:50:04.048 INFO [main] org.apache.catalina.core.AprLifecycleListener.lifecycleEvent Loaded APR based Apache Tomcat Native library 1.1.32 using APR version 1.5.1.
25-Aug-2018 15:50:04.051 INFO [main] org.apache.catalina.core.AprLifecycleListener.lifecycleEvent APR capabilities: IPv6 [true], sendfile [true], accept filters [false], random [true].
25-Aug-2018 15:50:05.568 INFO [main] org.apache.catalina.core.AprLifecycleListener.initializeSSL OpenSSL successfully initialized (OpenSSL 1.0.1j 15 Oct 2014)
25-Aug-2018 15:50:06.358 INFO [main] org.apache.coyote.AbstractProtocol.init Initializing ProtocolHandler ["http-apr-8080"]
25-Aug-2018 15:50:06.410 INFO [main] org.apache.coyote.AbstractProtocol.init Initializing ProtocolHandler ["ajp-apr-8009"]
25-Aug-2018 15:50:06.415 INFO [main] org.apache.catalina.startup.Catalina.load Initialization processed in 4437 ms
25-Aug-2018 15:50:06.562 INFO [main] org.apache.catalina.core.StandardService.startInternal Starting service Catalina
25-Aug-2018 15:50:06.565 INFO [main] org.apache.catalina.core.StandardEngine.startInternal Starting Servlet Engine: Apache Tomcat/8.0.20
25-Aug-2018 15:50:06.818 INFO [localhost-startStop-1] org.apache.catalina.startup.HostConfig.deployWAR Deploying web application archive F:\nginx\infos\apache-tomcat-8.0.20\webapps\repository2018.war
25-Aug-2018 15:51:14.834 INFO [localhost-startStop-1] org.apache.catalina.startup.HostConfig.deployWAR Deployment of web application archive F:\nginx\infos\apache-tomcat-8.0.20\webapps\repository2018.war has finished in 68,015 ms
25-Aug-2018 15:51:14.933 INFO [main] org.apache.coyote.AbstractProtocol.start Starting ProtocolHandler ["http-apr-8080"]
25-Aug-2018 15:51:15.050 INFO [main] org.apache.coyote.AbstractProtocol.start Starting ProtocolHandler ["ajp-apr-8009"]
25-Aug-2018 15:51:15.059 INFO [main] org.apache.catalina.startup.Catalina.start Server startup in 69227 ms
25-Aug-2018 16:36:03.662 SEVERE [main] org.apache.catalina.startup.Catalina.stopServer Could not contact localhost:8005. Tomcat may not be running.
25-Aug-2018 16:36:03.672 SEVERE [main] org.apache.catalina.startup.Catalina.stopServer Catalina.stop: 
 java.net.ConnectException: Connection refused: connect
	at java.net.DualStackPlainSocketImpl.connect0(Native Method)
	at java.net.DualStackPlainSocketImpl.socketConnect(DualStackPlainSocketImpl.java:79)
	at java.net.AbstractPlainSocketImpl.doConnect(AbstractPlainSocketImpl.java:345)
	at java.net.AbstractPlainSocketImpl.connectToAddress(AbstractPlainSocketImpl.java:206)
	at java.net.AbstractPlainSocketImpl.connect(AbstractPlainSocketImpl.java:188)
	at java.net.PlainSocketImpl.connect(PlainSocketImpl.java:172)
	at java.net.SocksSocketImpl.connect(SocksSocketImpl.java:392)
	at java.net.Socket.connect(Socket.java:589)
	at java.net.Socket.connect(Socket.java:538)
	at java.net.Socket.<init>(Socket.java:434)
	at java.net.Socket.<init>(Socket.java:211)
	at org.apache.catalina.startup.Catalina.stopServer(Catalina.java:450)
	at sun.reflect.NativeMethodAccessorImpl.invoke0(Native Method)
	at sun.reflect.NativeMethodAccessorImpl.invoke(NativeMethodAccessorImpl.java:62)
	at sun.reflect.DelegatingMethodAccessorImpl.invoke(DelegatingMethodAccessorImpl.java:43)
	at java.lang.reflect.Method.invoke(Method.java:483)
	at org.apache.catalina.startup.Bootstrap.stopServer(Bootstrap.java:400)
	at org.apache.catalina.startup.Bootstrap.main(Bootstrap.java:487)

25-Aug-2018 16:36:09.198 INFO [main] org.apache.catalina.startup.VersionLoggerListener.log Server version:        Apache Tomcat/8.0.20
25-Aug-2018 16:36:09.209 INFO [main] org.apache.catalina.startup.VersionLoggerListener.log Server built:          Feb 15 2015 18:10:42 UTC
25-Aug-2018 16:36:09.213 INFO [main] org.apache.catalina.startup.VersionLoggerListener.log Server number:         8.0.20.0
25-Aug-2018 16:36:09.217 INFO [main] org.apache.catalina.startup.VersionLoggerListener.log OS Name:               Windows 7
25-Aug-2018 16:36:09.221 INFO [main] org.apache.catalina.startup.VersionLoggerListener.log OS Version:            6.1
25-Aug-2018 16:36:09.222 INFO [main] org.apache.catalina.startup.VersionLoggerListener.log Architecture:          amd64
25-Aug-2018 16:36:09.224 INFO [main] org.apache.catalina.startup.VersionLoggerListener.log Java Home:             D:\Program Files\java\install1.8\jre
25-Aug-2018 16:36:09.233 INFO [main] org.apache.catalina.startup.VersionLoggerListener.log JVM Version:           1.8.0_20-b26
25-Aug-2018 16:36:09.239 INFO [main] org.apache.catalina.startup.VersionLoggerListener.log JVM Vendor:            Oracle Corporation
25-Aug-2018 16:36:09.243 INFO [main] org.apache.catalina.startup.VersionLoggerListener.log CATALINA_BASE:         F:\nginx\projects\apache-tomcat-8.0.20
25-Aug-2018 16:36:09.245 INFO [main] org.apache.catalina.startup.VersionLoggerListener.log CATALINA_HOME:         F:\nginx\projects\apache-tomcat-8.0.20
25-Aug-2018 16:36:09.253 INFO [main] org.apache.catalina.startup.VersionLoggerListener.log Command line argument: -Djava.util.logging.config.file=F:\nginx\projects\apache-tomcat-8.0.20\conf\logging.properties
25-Aug-2018 16:36:09.264 INFO [main] org.apache.catalina.startup.VersionLoggerListener.log Command line argument: -Djava.util.logging.manager=org.apache.juli.ClassLoaderLogManager
25-Aug-2018 16:36:09.270 INFO [main] org.apache.catalina.startup.VersionLoggerListener.log Command line argument: -Djava.endorsed.dirs=F:\nginx\projects\apache-tomcat-8.0.20\endorsed
25-Aug-2018 16:36:09.276 INFO [main] org.apache.catalina.startup.VersionLoggerListener.log Command line argument: -Dcatalina.base=F:\nginx\projects\apache-tomcat-8.0.20
25-Aug-2018 16:36:09.289 INFO [main] org.apache.catalina.startup.VersionLoggerListener.log Command line argument: -Dcatalina.home=F:\nginx\projects\apache-tomcat-8.0.20
25-Aug-2018 16:36:09.300 INFO [main] org.apache.catalina.startup.VersionLoggerListener.log Command line argument: -Djava.io.tmpdir=F:\nginx\projects\apache-tomcat-8.0.20\temp
25-Aug-2018 16:36:09.330 INFO [main] org.apache.catalina.core.AprLifecycleListener.lifecycleEvent Loaded APR based Apache Tomcat Native library 1.1.32 using APR version 1.5.1.
25-Aug-2018 16:36:09.341 INFO [main] org.apache.catalina.core.AprLifecycleListener.lifecycleEvent APR capabilities: IPv6 [true], sendfile [true], accept filters [false], random [true].
25-Aug-2018 16:36:10.667 INFO [main] org.apache.catalina.core.AprLifecycleListener.initializeSSL OpenSSL successfully initialized (OpenSSL 1.0.1j 15 Oct 2014)
25-Aug-2018 16:36:11.393 INFO [main] org.apache.coyote.AbstractProtocol.init Initializing ProtocolHandler ["http-apr-8080"]
25-Aug-2018 16:36:11.437 INFO [main] org.apache.coyote.AbstractProtocol.init Initializing ProtocolHandler ["ajp-apr-8009"]
25-Aug-2018 16:36:11.444 INFO [main] org.apache.catalina.startup.Catalina.load Initialization processed in 4671 ms
25-Aug-2018 16:36:11.624 INFO [main] org.apache.catalina.core.StandardService.startInternal Starting service Catalina
25-Aug-2018 16:36:11.626 INFO [main] org.apache.catalina.core.StandardEngine.startInternal Starting Servlet Engine: Apache Tomcat/8.0.20
25-Aug-2018 16:36:11.679 INFO [localhost-startStop-1] org.apache.catalina.startup.HostConfig.deployDirectory Deploying web application directory F:\nginx\projects\apache-tomcat-8.0.20\webapps\javaapp
25-Aug-2018 16:36:13.578 INFO [localhost-startStop-1] org.apache.catalina.util.SessionIdGeneratorBase.createSecureRandom Creation of SecureRandom instance for session ID generation using [SHA1PRNG] took [589] milliseconds.
25-Aug-2018 16:36:13.655 INFO [localhost-startStop-1] org.apache.catalina.startup.HostConfig.deployDirectory Deployment of web application directory F:\nginx\projects\apache-tomcat-8.0.20\webapps\javaapp has finished in 1,977 ms
25-Aug-2018 16:36:13.666 INFO [main] org.apache.coyote.AbstractProtocol.start Starting ProtocolHandler ["http-apr-8080"]
25-Aug-2018 16:36:13.691 INFO [main] org.apache.coyote.AbstractProtocol.start Starting ProtocolHandler ["ajp-apr-8009"]
25-Aug-2018 16:36:13.694 INFO [main] org.apache.catalina.startup.Catalina.start Server startup in 2256 ms
25-Aug-2018 17:09:17.019 INFO [main] org.apache.catalina.startup.VersionLoggerListener.log Server version:        Apache Tomcat/8.0.20
25-Aug-2018 17:09:17.028 INFO [main] org.apache.catalina.startup.VersionLoggerListener.log Server built:          Feb 15 2015 18:10:42 UTC
25-Aug-2018 17:09:17.030 INFO [main] org.apache.catalina.startup.VersionLoggerListener.log Server number:         8.0.20.0
25-Aug-2018 17:09:17.031 INFO [main] org.apache.catalina.startup.VersionLoggerListener.log OS Name:               Windows 7
25-Aug-2018 17:09:17.033 INFO [main] org.apache.catalina.startup.VersionLoggerListener.log OS Version:            6.1
25-Aug-2018 17:09:17.034 INFO [main] org.apache.catalina.startup.VersionLoggerListener.log Architecture:          amd64
25-Aug-2018 17:09:17.035 INFO [main] org.apache.catalina.startup.VersionLoggerListener.log Java Home:             D:\Program Files\java\install1.8\jre
25-Aug-2018 17:09:17.036 INFO [main] org.apache.catalina.startup.VersionLoggerListener.log JVM Version:           1.8.0_20-b26
25-Aug-2018 17:09:17.037 INFO [main] org.apache.catalina.startup.VersionLoggerListener.log JVM Vendor:            Oracle Corporation
25-Aug-2018 17:09:17.038 INFO [main] org.apache.catalina.startup.VersionLoggerListener.log CATALINA_BASE:         F:\nginx\projects\apache-tomcat-8.0.20
25-Aug-2018 17:09:17.039 INFO [main] org.apache.catalina.startup.VersionLoggerListener.log CATALINA_HOME:         F:\nginx\projects\apache-tomcat-8.0.20
25-Aug-2018 17:09:17.041 INFO [main] org.apache.catalina.startup.VersionLoggerListener.log Command line argument: -Djava.util.logging.config.file=F:\nginx\projects\apache-tomcat-8.0.20\conf\logging.properties
25-Aug-2018 17:09:17.047 INFO [main] org.apache.catalina.startup.VersionLoggerListener.log Command line argument: -Djava.util.logging.manager=org.apache.juli.ClassLoaderLogManager
25-Aug-2018 17:09:17.062 INFO [main] org.apache.catalina.startup.VersionLoggerListener.log Command line argument: -Djava.endorsed.dirs=F:\nginx\projects\apache-tomcat-8.0.20\endorsed
25-Aug-2018 17:09:17.063 INFO [main] org.apache.catalina.startup.VersionLoggerListener.log Command line argument: -Dcatalina.base=F:\nginx\projects\apache-tomcat-8.0.20
25-Aug-2018 17:09:17.070 INFO [main] org.apache.catalina.startup.VersionLoggerListener.log Command line argument: -Dcatalina.home=F:\nginx\projects\apache-tomcat-8.0.20
25-Aug-2018 17:09:17.075 INFO [main] org.apache.catalina.startup.VersionLoggerListener.log Command line argument: -Djava.io.tmpdir=F:\nginx\projects\apache-tomcat-8.0.20\temp
25-Aug-2018 17:09:17.082 INFO [main] org.apache.catalina.core.AprLifecycleListener.lifecycleEvent Loaded APR based Apache Tomcat Native library 1.1.32 using APR version 1.5.1.
25-Aug-2018 17:09:17.086 INFO [main] org.apache.catalina.core.AprLifecycleListener.lifecycleEvent APR capabilities: IPv6 [true], sendfile [true], accept filters [false], random [true].
25-Aug-2018 17:09:18.362 INFO [main] org.apache.catalina.core.AprLifecycleListener.initializeSSL OpenSSL successfully initialized (OpenSSL 1.0.1j 15 Oct 2014)
25-Aug-2018 17:09:19.084 INFO [main] org.apache.coyote.AbstractProtocol.init Initializing ProtocolHandler ["http-apr-8080"]
25-Aug-2018 17:09:19.122 INFO [main] org.apache.coyote.AbstractProtocol.init Initializing ProtocolHandler ["ajp-apr-8009"]
25-Aug-2018 17:09:19.129 INFO [main] org.apache.catalina.startup.Catalina.load Initialization processed in 4167 ms
25-Aug-2018 17:09:19.277 INFO [main] org.apache.catalina.core.StandardService.startInternal Starting service Catalina
25-Aug-2018 17:09:19.279 INFO [main] org.apache.catalina.core.StandardEngine.startInternal Starting Servlet Engine: Apache Tomcat/8.0.20
25-Aug-2018 17:09:19.435 INFO [localhost-startStop-1] org.apache.catalina.startup.HostConfig.deployWAR Deploying web application archive F:\nginx\projects\apache-tomcat-8.0.20\webapps\repository2018.war
25-Aug-2018 17:10:35.520 INFO [main] org.apache.catalina.startup.VersionLoggerListener.log Server version:        Apache Tomcat/8.0.20
25-Aug-2018 17:10:35.525 INFO [main] org.apache.catalina.startup.VersionLoggerListener.log Server built:          Feb 15 2015 18:10:42 UTC
25-Aug-2018 17:10:35.526 INFO [main] org.apache.catalina.startup.VersionLoggerListener.log Server number:         8.0.20.0
25-Aug-2018 17:10:35.527 INFO [main] org.apache.catalina.startup.VersionLoggerListener.log OS Name:               Windows 7
25-Aug-2018 17:10:35.528 INFO [main] org.apache.catalina.startup.VersionLoggerListener.log OS Version:            6.1
25-Aug-2018 17:10:35.528 INFO [main] org.apache.catalina.startup.VersionLoggerListener.log Architecture:          amd64
25-Aug-2018 17:10:35.529 INFO [main] org.apache.catalina.startup.VersionLoggerListener.log Java Home:             D:\Program Files\java\install1.8\jre
25-Aug-2018 17:10:35.530 INFO [main] org.apache.catalina.startup.VersionLoggerListener.log JVM Version:           1.8.0_20-b26
25-Aug-2018 17:10:35.531 INFO [main] org.apache.catalina.startup.VersionLoggerListener.log JVM Vendor:            Oracle Corporation
25-Aug-2018 17:10:35.532 INFO [main] org.apache.catalina.startup.VersionLoggerListener.log CATALINA_BASE:         F:\nginx\projects\apache-tomcat-8.0.20
25-Aug-2018 17:10:35.532 INFO [main] org.apache.catalina.startup.VersionLoggerListener.log CATALINA_HOME:         F:\nginx\projects\apache-tomcat-8.0.20
25-Aug-2018 17:10:35.534 INFO [main] org.apache.catalina.startup.VersionLoggerListener.log Command line argument: -Djava.util.logging.config.file=F:\nginx\projects\apache-tomcat-8.0.20\conf\logging.properties
25-Aug-2018 17:10:35.536 INFO [main] org.apache.catalina.startup.VersionLoggerListener.log Command line argument: -Djava.util.logging.manager=org.apache.juli.ClassLoaderLogManager
25-Aug-2018 17:10:35.539 INFO [main] org.apache.catalina.startup.VersionLoggerListener.log Command line argument: -Djava.endorsed.dirs=F:\nginx\projects\apache-tomcat-8.0.20\endorsed
25-Aug-2018 17:10:35.542 INFO [main] org.apache.catalina.startup.VersionLoggerListener.log Command line argument: -Dcatalina.base=F:\nginx\projects\apache-tomcat-8.0.20
25-Aug-2018 17:10:35.544 INFO [main] org.apache.catalina.startup.VersionLoggerListener.log Command line argument: -Dcatalina.home=F:\nginx\projects\apache-tomcat-8.0.20
25-Aug-2018 17:10:35.548 INFO [main] org.apache.catalina.startup.VersionLoggerListener.log Command line argument: -Djava.io.tmpdir=F:\nginx\projects\apache-tomcat-8.0.20\temp
25-Aug-2018 17:10:35.551 INFO [main] org.apache.catalina.core.AprLifecycleListener.lifecycleEvent Loaded APR based Apache Tomcat Native library 1.1.32 using APR version 1.5.1.
25-Aug-2018 17:10:35.554 INFO [main] org.apache.catalina.core.AprLifecycleListener.lifecycleEvent APR capabilities: IPv6 [true], sendfile [true], accept filters [false], random [true].
25-Aug-2018 17:10:36.812 INFO [main] org.apache.catalina.core.AprLifecycleListener.initializeSSL OpenSSL successfully initialized (OpenSSL 1.0.1j 15 Oct 2014)
25-Aug-2018 17:10:37.342 INFO [main] org.apache.coyote.AbstractProtocol.init Initializing ProtocolHandler ["http-apr-8080"]
25-Aug-2018 17:10:37.372 INFO [main] org.apache.coyote.AbstractProtocol.init Initializing ProtocolHandler ["ajp-apr-8009"]
25-Aug-2018 17:10:37.377 INFO [main] org.apache.catalina.startup.Catalina.load Initialization processed in 3808 ms
25-Aug-2018 17:10:37.489 INFO [main] org.apache.catalina.core.StandardService.startInternal Starting service Catalina
25-Aug-2018 17:10:37.492 INFO [main] org.apache.catalina.core.StandardEngine.startInternal Starting Servlet Engine: Apache Tomcat/8.0.20
25-Aug-2018 17:10:37.606 INFO [localhost-startStop-1] org.apache.catalina.startup.HostConfig.deployWAR Deploying web application archive F:\nginx\projects\apache-tomcat-8.0.20\webapps\repository2018.war
25-Aug-2018 17:11:29.740 INFO [localhost-startStop-1] org.apache.catalina.startup.HostConfig.deployWAR Deployment of web application archive F:\nginx\projects\apache-tomcat-8.0.20\webapps\repository2018.war has finished in 52,131 ms
25-Aug-2018 17:11:29.783 INFO [main] org.apache.coyote.AbstractProtocol.start Starting ProtocolHandler ["http-apr-8080"]
25-Aug-2018 17:11:29.870 INFO [main] org.apache.coyote.AbstractProtocol.start Starting ProtocolHandler ["ajp-apr-8009"]
25-Aug-2018 17:11:29.873 INFO [main] org.apache.catalina.startup.Catalina.start Server startup in 52932 ms
25-Aug-2018 20:52:50.186 INFO [main] org.apache.catalina.startup.VersionLoggerListener.log Server version:        Apache Tomcat/8.0.20
25-Aug-2018 20:52:50.192 INFO [main] org.apache.catalina.startup.VersionLoggerListener.log Server built:          Feb 15 2015 18:10:42 UTC
25-Aug-2018 20:52:50.192 INFO [main] org.apache.catalina.startup.VersionLoggerListener.log Server number:         8.0.20.0
25-Aug-2018 20:52:50.193 INFO [main] org.apache.catalina.startup.VersionLoggerListener.log OS Name:               Windows 7
25-Aug-2018 20:52:50.194 INFO [main] org.apache.catalina.startup.VersionLoggerListener.log OS Version:            6.1
25-Aug-2018 20:52:50.195 INFO [main] org.apache.catalina.startup.VersionLoggerListener.log Architecture:          amd64
25-Aug-2018 20:52:50.196 INFO [main] org.apache.catalina.startup.VersionLoggerListener.log Java Home:             D:\Program Files\java\install1.8\jre
25-Aug-2018 20:52:50.197 INFO [main] org.apache.catalina.startup.VersionLoggerListener.log JVM Version:           1.8.0_20-b26
25-Aug-2018 20:52:50.197 INFO [main] org.apache.catalina.startup.VersionLoggerListener.log JVM Vendor:            Oracle Corporation
25-Aug-2018 20:52:50.198 INFO [main] org.apache.catalina.startup.VersionLoggerListener.log CATALINA_BASE:         F:\nginx\projects\apache-tomcat-8.0.20-8080
25-Aug-2018 20:52:50.199 INFO [main] org.apache.catalina.startup.VersionLoggerListener.log CATALINA_HOME:         F:\nginx\projects\apache-tomcat-8.0.20-8080
25-Aug-2018 20:52:50.200 INFO [main] org.apache.catalina.startup.VersionLoggerListener.log Command line argument: -Djava.util.logging.config.file=F:\nginx\projects\apache-tomcat-8.0.20-8080\conf\logging.properties
25-Aug-2018 20:52:50.202 INFO [main] org.apache.catalina.startup.VersionLoggerListener.log Command line argument: -Djava.util.logging.manager=org.apache.juli.ClassLoaderLogManager
25-Aug-2018 20:52:50.205 INFO [main] org.apache.catalina.startup.VersionLoggerListener.log Command line argument: -Djava.endorsed.dirs=F:\nginx\projects\apache-tomcat-8.0.20-8080\endorsed
25-Aug-2018 20:52:50.208 INFO [main] org.apache.catalina.startup.VersionLoggerListener.log Command line argument: -Dcatalina.base=F:\nginx\projects\apache-tomcat-8.0.20-8080
25-Aug-2018 20:52:50.210 INFO [main] org.apache.catalina.startup.VersionLoggerListener.log Command line argument: -Dcatalina.home=F:\nginx\projects\apache-tomcat-8.0.20-8080
25-Aug-2018 20:52:50.212 INFO [main] org.apache.catalina.startup.VersionLoggerListener.log Command line argument: -Djava.io.tmpdir=F:\nginx\projects\apache-tomcat-8.0.20-8080\temp
25-Aug-2018 20:52:50.214 INFO [main] org.apache.catalina.core.AprLifecycleListener.lifecycleEvent Loaded APR based Apache Tomcat Native library 1.1.32 using APR version 1.5.1.
25-Aug-2018 20:52:50.217 INFO [main] org.apache.catalina.core.AprLifecycleListener.lifecycleEvent APR capabilities: IPv6 [true], sendfile [true], accept filters [false], random [true].
25-Aug-2018 20:52:51.507 INFO [main] org.apache.catalina.core.AprLifecycleListener.initializeSSL OpenSSL successfully initialized (OpenSSL 1.0.1j 15 Oct 2014)
25-Aug-2018 20:52:52.097 INFO [main] org.apache.coyote.AbstractProtocol.init Initializing ProtocolHandler ["http-apr-8080"]
25-Aug-2018 20:52:52.141 SEVERE [main] org.apache.coyote.AbstractProtocol.init Failed to initialize end point associated with ProtocolHandler ["http-apr-8080"]
 java.lang.Exception: Socket bind failed: [730048] ?????????б┴???(з┐?иж/???????/???)????ик??
	at org.apache.tomcat.util.net.AprEndpoint.bind(AprEndpoint.java:459)
	at org.apache.tomcat.util.net.AbstractEndpoint.init(AbstractEndpoint.java:732)
	at org.apache.coyote.AbstractProtocol.init(AbstractProtocol.java:457)
	at org.apache.catalina.connector.Connector.initInternal(Connector.java:960)
	at org.apache.catalina.util.LifecycleBase.init(LifecycleBase.java:102)
	at org.apache.catalina.core.StandardService.initInternal(StandardService.java:567)
	at org.apache.catalina.util.LifecycleBase.init(LifecycleBase.java:102)
	at org.apache.catalina.core.StandardServer.initInternal(StandardServer.java:851)
	at org.apache.catalina.util.LifecycleBase.init(LifecycleBase.java:102)
	at org.apache.catalina.startup.Catalina.load(Catalina.java:576)
	at org.apache.catalina.startup.Catalina.load(Catalina.java:599)
	at sun.reflect.NativeMethodAccessorImpl.invoke0(Native Method)
	at sun.reflect.NativeMethodAccessorImpl.invoke(NativeMethodAccessorImpl.java:62)
	at sun.reflect.DelegatingMethodAccessorImpl.invoke(DelegatingMethodAccessorImpl.java:43)
	at java.lang.reflect.Method.invoke(Method.java:483)
	at org.apache.catalina.startup.Bootstrap.load(Bootstrap.java:310)
	at org.apache.catalina.startup.Bootstrap.main(Bootstrap.java:484)

25-Aug-2018 20:52:52.163 SEVERE [main] org.apache.catalina.core.StandardService.initInternal Failed to initialize connector [Connector[HTTP/1.1-8080]]
 org.apache.catalina.LifecycleException: Failed to initialize component [Connector[HTTP/1.1-8080]]
	at org.apache.catalina.util.LifecycleBase.init(LifecycleBase.java:106)
	at org.apache.catalina.core.StandardService.initInternal(StandardService.java:567)
	at org.apache.catalina.util.LifecycleBase.init(LifecycleBase.java:102)
	at org.apache.catalina.core.StandardServer.initInternal(StandardServer.java:851)
	at org.apache.catalina.util.LifecycleBase.init(LifecycleBase.java:102)
	at org.apache.catalina.startup.Catalina.load(Catalina.java:576)
	at org.apache.catalina.startup.Catalina.load(Catalina.java:599)
	at sun.reflect.NativeMethodAccessorImpl.invoke0(Native Method)
	at sun.reflect.NativeMethodAccessorImpl.invoke(NativeMethodAccessorImpl.java:62)
	at sun.reflect.DelegatingMethodAccessorImpl.invoke(DelegatingMethodAccessorImpl.java:43)
	at java.lang.reflect.Method.invoke(Method.java:483)
	at org.apache.catalina.startup.Bootstrap.load(Bootstrap.java:310)
	at org.apache.catalina.startup.Bootstrap.main(Bootstrap.java:484)
Caused by: org.apache.catalina.LifecycleException: Protocol handler initialization failed
	at org.apache.catalina.connector.Connector.initInternal(Connector.java:962)
	at org.apache.catalina.util.LifecycleBase.init(LifecycleBase.java:102)
	... 12 more
Caused by: java.lang.Exception: Socket bind failed: [730048] ?????????б┴???(з┐?иж/???????/???)????ик??
	at org.apache.tomcat.util.net.AprEndpoint.bind(AprEndpoint.java:459)
	at org.apache.tomcat.util.net.AbstractEndpoint.init(AbstractEndpoint.java:732)
	at org.apache.coyote.AbstractProtocol.init(AbstractProtocol.java:457)
	at org.apache.catalina.connector.Connector.initInternal(Connector.java:960)
	... 13 more

25-Aug-2018 20:52:52.188 INFO [main] org.apache.coyote.AbstractProtocol.init Initializing ProtocolHandler ["ajp-apr-8009"]
25-Aug-2018 20:52:52.195 SEVERE [main] org.apache.coyote.AbstractProtocol.init Failed to initialize end point associated with ProtocolHandler ["ajp-apr-8009"]
 java.lang.Exception: Socket bind failed: [730048] ?????????б┴???(з┐?иж/???????/???)????ик??
	at org.apache.tomcat.util.net.AprEndpoint.bind(AprEndpoint.java:459)
	at org.apache.tomcat.util.net.AbstractEndpoint.init(AbstractEndpoint.java:732)
	at org.apache.coyote.AbstractProtocol.init(AbstractProtocol.java:457)
	at org.apache.catalina.connector.Connector.initInternal(Connector.java:960)
	at org.apache.catalina.util.LifecycleBase.init(LifecycleBase.java:102)
	at org.apache.catalina.core.StandardService.initInternal(StandardService.java:567)
	at org.apache.catalina.util.LifecycleBase.init(LifecycleBase.java:102)
	at org.apache.catalina.core.StandardServer.initInternal(StandardServer.java:851)
	at org.apache.catalina.util.LifecycleBase.init(LifecycleBase.java:102)
	at org.apache.catalina.startup.Catalina.load(Catalina.java:576)
	at org.apache.catalina.startup.Catalina.load(Catalina.java:599)
	at sun.reflect.NativeMethodAccessorImpl.invoke0(Native Method)
	at sun.reflect.NativeMethodAccessorImpl.invoke(NativeMethodAccessorImpl.java:62)
	at sun.reflect.DelegatingMethodAccessorImpl.invoke(DelegatingMethodAccessorImpl.java:43)
	at java.lang.reflect.Method.invoke(Method.java:483)
	at org.apache.catalina.startup.Bootstrap.load(Bootstrap.java:310)
	at org.apache.catalina.startup.Bootstrap.main(Bootstrap.java:484)

25-Aug-2018 20:52:52.224 SEVERE [main] org.apache.catalina.core.StandardService.initInternal Failed to initialize connector [Connector[AJP/1.3-8009]]
 org.apache.catalina.LifecycleException: Failed to initialize component [Connector[AJP/1.3-8009]]
	at org.apache.catalina.util.LifecycleBase.init(LifecycleBase.java:106)
	at org.apache.catalina.core.StandardService.initInternal(StandardService.java:567)
	at org.apache.catalina.util.LifecycleBase.init(LifecycleBase.java:102)
	at org.apache.catalina.core.StandardServer.initInternal(StandardServer.java:851)
	at org.apache.catalina.util.LifecycleBase.init(LifecycleBase.java:102)
	at org.apache.catalina.startup.Catalina.load(Catalina.java:576)
	at org.apache.catalina.startup.Catalina.load(Catalina.java:599)
	at sun.reflect.NativeMethodAccessorImpl.invoke0(Native Method)
	at sun.reflect.NativeMethodAccessorImpl.invoke(NativeMethodAccessorImpl.java:62)
	at sun.reflect.DelegatingMethodAccessorImpl.invoke(DelegatingMethodAccessorImpl.java:43)
	at java.lang.reflect.Method.invoke(Method.java:483)
	at org.apache.catalina.startup.Bootstrap.load(Bootstrap.java:310)
	at org.apache.catalina.startup.Bootstrap.main(Bootstrap.java:484)
Caused by: org.apache.catalina.LifecycleException: Protocol handler initialization failed
	at org.apache.catalina.connector.Connector.initInternal(Connector.java:962)
	at org.apache.catalina.util.LifecycleBase.init(LifecycleBase.java:102)
	... 12 more
Caused by: java.lang.Exception: Socket bind failed: [730048] ?????????б┴???(з┐?иж/???????/???)????ик??
	at org.apache.tomcat.util.net.AprEndpoint.bind(AprEndpoint.java:459)
	at org.apache.tomcat.util.net.AbstractEndpoint.init(AbstractEndpoint.java:732)
	at org.apache.coyote.AbstractProtocol.init(AbstractProtocol.java:457)
	at org.apache.catalina.connector.Connector.initInternal(Connector.java:960)
	... 13 more

25-Aug-2018 20:52:52.260 INFO [main] org.apache.catalina.startup.Catalina.load Initialization processed in 4005 ms
25-Aug-2018 20:52:52.437 INFO [main] org.apache.catalina.core.StandardService.startInternal Starting service Catalina
25-Aug-2018 20:52:52.439 INFO [main] org.apache.catalina.core.StandardEngine.startInternal Starting Servlet Engine: Apache Tomcat/8.0.20
25-Aug-2018 20:52:52.531 INFO [localhost-startStop-1] org.apache.catalina.startup.HostConfig.deployWAR Deploying web application archive F:\nginx\projects\apache-tomcat-8.0.20-8080\webapps\javawebsimple.war
25-Aug-2018 20:52:54.185 INFO [localhost-startStop-1] org.apache.catalina.util.SessionIdGeneratorBase.createSecureRandom Creation of SecureRandom instance for session ID generation using [SHA1PRNG] took [464] milliseconds.
25-Aug-2018 20:52:54.261 INFO [localhost-startStop-1] org.apache.catalina.startup.HostConfig.deployWAR Deployment of web application archive F:\nginx\projects\apache-tomcat-8.0.20-8080\webapps\javawebsimple.war has finished in 1,729 ms
25-Aug-2018 20:52:54.273 INFO [main] org.apache.catalina.startup.Catalina.start Server startup in 2028 ms
25-Aug-2018 20:52:54.297 SEVERE [main] org.apache.catalina.core.StandardServer.await StandardServer.await: create[localhost:8005]: 
 java.net.BindException: Address already in use: JVM_Bind
	at java.net.DualStackPlainSocketImpl.bind0(Native Method)
	at java.net.DualStackPlainSocketImpl.socketBind(DualStackPlainSocketImpl.java:106)
	at java.net.AbstractPlainSocketImpl.bind(AbstractPlainSocketImpl.java:382)
	at java.net.PlainSocketImpl.bind(PlainSocketImpl.java:190)
	at java.net.ServerSocket.bind(ServerSocket.java:375)
	at java.net.ServerSocket.<init>(ServerSocket.java:237)
	at org.apache.catalina.core.StandardServer.await(StandardServer.java:420)
	at org.apache.catalina.startup.Catalina.await(Catalina.java:713)
	at org.apache.catalina.startup.Catalina.start(Catalina.java:659)
	at sun.reflect.NativeMethodAccessorImpl.invoke0(Native Method)
	at sun.reflect.NativeMethodAccessorImpl.invoke(NativeMethodAccessorImpl.java:62)
	at sun.reflect.DelegatingMethodAccessorImpl.invoke(DelegatingMethodAccessorImpl.java:43)
	at java.lang.reflect.Method.invoke(Method.java:483)
	at org.apache.catalina.startup.Bootstrap.start(Bootstrap.java:351)
	at org.apache.catalina.startup.Bootstrap.main(Bootstrap.java:485)

25-Aug-2018 20:52:54.323 INFO [main] org.apache.coyote.AbstractProtocol.pause Pausing ProtocolHandler ["http-apr-8080"]
25-Aug-2018 20:52:54.326 INFO [main] org.apache.coyote.AbstractProtocol.pause Pausing ProtocolHandler ["ajp-apr-8009"]
25-Aug-2018 20:52:54.329 INFO [main] org.apache.catalina.core.StandardService.stopInternal Stopping service Catalina
25-Aug-2018 20:52:54.362 INFO [main] org.apache.coyote.AbstractProtocol.stop Stopping ProtocolHandler ["http-apr-8080"]
25-Aug-2018 20:52:54.364 INFO [main] org.apache.coyote.AbstractProtocol.destroy Destroying ProtocolHandler ["http-apr-8080"]
25-Aug-2018 20:52:54.367 INFO [main] org.apache.coyote.AbstractProtocol.stop Stopping ProtocolHandler ["ajp-apr-8009"]
25-Aug-2018 20:52:54.370 INFO [main] org.apache.coyote.AbstractProtocol.destroy Destroying ProtocolHandler ["ajp-apr-8009"]
25-Aug-2018 20:53:51.927 INFO [main] org.apache.catalina.startup.VersionLoggerListener.log Server version:        Apache Tomcat/8.0.20
25-Aug-2018 20:53:51.937 INFO [main] org.apache.catalina.startup.VersionLoggerListener.log Server built:          Feb 15 2015 18:10:42 UTC
25-Aug-2018 20:53:51.937 INFO [main] org.apache.catalina.startup.VersionLoggerListener.log Server number:         8.0.20.0
25-Aug-2018 20:53:51.938 INFO [main] org.apache.catalina.startup.VersionLoggerListener.log OS Name:               Windows 7
25-Aug-2018 20:53:51.939 INFO [main] org.apache.catalina.startup.VersionLoggerListener.log OS Version:            6.1
25-Aug-2018 20:53:51.940 INFO [main] org.apache.catalina.startup.VersionLoggerListener.log Architecture:          amd64
25-Aug-2018 20:53:51.941 INFO [main] org.apache.catalina.startup.VersionLoggerListener.log Java Home:             D:\Program Files\java\install1.8\jre
25-Aug-2018 20:53:51.941 INFO [main] org.apache.catalina.startup.VersionLoggerListener.log JVM Version:           1.8.0_20-b26
25-Aug-2018 20:53:51.942 INFO [main] org.apache.catalina.startup.VersionLoggerListener.log JVM Vendor:            Oracle Corporation
25-Aug-2018 20:53:51.943 INFO [main] org.apache.catalina.startup.VersionLoggerListener.log CATALINA_BASE:         F:\nginx\projects\apache-tomcat-8.0.20-8080
25-Aug-2018 20:53:51.944 INFO [main] org.apache.catalina.startup.VersionLoggerListener.log CATALINA_HOME:         F:\nginx\projects\apache-tomcat-8.0.20-8080
25-Aug-2018 20:53:51.946 INFO [main] org.apache.catalina.startup.VersionLoggerListener.log Command line argument: -Djava.util.logging.config.file=F:\nginx\projects\apache-tomcat-8.0.20-8080\conf\logging.properties
25-Aug-2018 20:53:51.948 INFO [main] org.apache.catalina.startup.VersionLoggerListener.log Command line argument: -Djava.util.logging.manager=org.apache.juli.ClassLoaderLogManager
25-Aug-2018 20:53:51.952 INFO [main] org.apache.catalina.startup.VersionLoggerListener.log Command line argument: -Djava.endorsed.dirs=F:\nginx\projects\apache-tomcat-8.0.20-8080\endorsed
25-Aug-2018 20:53:51.954 INFO [main] org.apache.catalina.startup.VersionLoggerListener.log Command line argument: -Dcatalina.base=F:\nginx\projects\apache-tomcat-8.0.20-8080
25-Aug-2018 20:53:51.957 INFO [main] org.apache.catalina.startup.VersionLoggerListener.log Command line argument: -Dcatalina.home=F:\nginx\projects\apache-tomcat-8.0.20-8080
25-Aug-2018 20:53:51.959 INFO [main] org.apache.catalina.startup.VersionLoggerListener.log Command line argument: -Djava.io.tmpdir=F:\nginx\projects\apache-tomcat-8.0.20-8080\temp
25-Aug-2018 20:53:51.963 INFO [main] org.apache.catalina.core.AprLifecycleListener.lifecycleEvent Loaded APR based Apache Tomcat Native library 1.1.32 using APR version 1.5.1.
25-Aug-2018 20:53:51.966 INFO [main] org.apache.catalina.core.AprLifecycleListener.lifecycleEvent APR capabilities: IPv6 [true], sendfile [true], accept filters [false], random [true].
25-Aug-2018 20:53:53.281 INFO [main] org.apache.catalina.core.AprLifecycleListener.initializeSSL OpenSSL successfully initialized (OpenSSL 1.0.1j 15 Oct 2014)
25-Aug-2018 20:53:53.928 INFO [main] org.apache.coyote.AbstractProtocol.init Initializing ProtocolHandler ["http-apr-8080"]
25-Aug-2018 20:53:53.973 INFO [main] org.apache.coyote.AbstractProtocol.init Initializing ProtocolHandler ["ajp-apr-8009"]
25-Aug-2018 20:53:53.982 SEVERE [main] org.apache.coyote.AbstractProtocol.init Failed to initialize end point associated with ProtocolHandler ["ajp-apr-8009"]
 java.lang.Exception: Socket bind failed: [730048] ?????????б┴???(з┐?иж/???????/???)????ик??
	at org.apache.tomcat.util.net.AprEndpoint.bind(AprEndpoint.java:459)
	at org.apache.tomcat.util.net.AbstractEndpoint.init(AbstractEndpoint.java:732)
	at org.apache.coyote.AbstractProtocol.init(AbstractProtocol.java:457)
	at org.apache.catalina.connector.Connector.initInternal(Connector.java:960)
	at org.apache.catalina.util.LifecycleBase.init(LifecycleBase.java:102)
	at org.apache.catalina.core.StandardService.initInternal(StandardService.java:567)
	at org.apache.catalina.util.LifecycleBase.init(LifecycleBase.java:102)
	at org.apache.catalina.core.StandardServer.initInternal(StandardServer.java:851)
	at org.apache.catalina.util.LifecycleBase.init(LifecycleBase.java:102)
	at org.apache.catalina.startup.Catalina.load(Catalina.java:576)
	at org.apache.catalina.startup.Catalina.load(Catalina.java:599)
	at sun.reflect.NativeMethodAccessorImpl.invoke0(Native Method)
	at sun.reflect.NativeMethodAccessorImpl.invoke(NativeMethodAccessorImpl.java:62)
	at sun.reflect.DelegatingMethodAccessorImpl.invoke(DelegatingMethodAccessorImpl.java:43)
	at java.lang.reflect.Method.invoke(Method.java:483)
	at org.apache.catalina.startup.Bootstrap.load(Bootstrap.java:310)
	at org.apache.catalina.startup.Bootstrap.main(Bootstrap.java:484)

25-Aug-2018 20:53:54.013 SEVERE [main] org.apache.catalina.core.StandardService.initInternal Failed to initialize connector [Connector[AJP/1.3-8009]]
 org.apache.catalina.LifecycleException: Failed to initialize component [Connector[AJP/1.3-8009]]
	at org.apache.catalina.util.LifecycleBase.init(LifecycleBase.java:106)
	at org.apache.catalina.core.StandardService.initInternal(StandardService.java:567)
	at org.apache.catalina.util.LifecycleBase.init(LifecycleBase.java:102)
	at org.apache.catalina.core.StandardServer.initInternal(StandardServer.java:851)
	at org.apache.catalina.util.LifecycleBase.init(LifecycleBase.java:102)
	at org.apache.catalina.startup.Catalina.load(Catalina.java:576)
	at org.apache.catalina.startup.Catalina.load(Catalina.java:599)
	at sun.reflect.NativeMethodAccessorImpl.invoke0(Native Method)
	at sun.reflect.NativeMethodAccessorImpl.invoke(NativeMethodAccessorImpl.java:62)
	at sun.reflect.DelegatingMethodAccessorImpl.invoke(DelegatingMethodAccessorImpl.java:43)
	at java.lang.reflect.Method.invoke(Method.java:483)
	at org.apache.catalina.startup.Bootstrap.load(Bootstrap.java:310)
	at org.apache.catalina.startup.Bootstrap.main(Bootstrap.java:484)
Caused by: org.apache.catalina.LifecycleException: Protocol handler initialization failed
	at org.apache.catalina.connector.Connector.initInternal(Connector.java:962)
	at org.apache.catalina.util.LifecycleBase.init(LifecycleBase.java:102)
	... 12 more
Caused by: java.lang.Exception: Socket bind failed: [730048] ?????????б┴???(з┐?иж/???????/???)????ик??
	at org.apache.tomcat.util.net.AprEndpoint.bind(AprEndpoint.java:459)
	at org.apache.tomcat.util.net.AbstractEndpoint.init(AbstractEndpoint.java:732)
	at org.apache.coyote.AbstractProtocol.init(AbstractProtocol.java:457)
	at org.apache.catalina.connector.Connector.initInternal(Connector.java:960)
	... 13 more

25-Aug-2018 20:53:54.042 INFO [main] org.apache.catalina.startup.Catalina.load Initialization processed in 3848 ms
25-Aug-2018 20:53:54.187 INFO [main] org.apache.catalina.core.StandardService.startInternal Starting service Catalina
25-Aug-2018 20:53:54.190 INFO [main] org.apache.catalina.core.StandardEngine.startInternal Starting Servlet Engine: Apache Tomcat/8.0.20
25-Aug-2018 20:53:54.319 INFO [localhost-startStop-1] org.apache.catalina.startup.HostConfig.deployWAR Deploying web application archive F:\nginx\projects\apache-tomcat-8.0.20-8080\webapps\javawebsimple.war
25-Aug-2018 20:53:55.967 INFO [localhost-startStop-1] org.apache.catalina.util.SessionIdGeneratorBase.createSecureRandom Creation of SecureRandom instance for session ID generation using [SHA1PRNG] took [433] milliseconds.
25-Aug-2018 20:53:56.033 INFO [localhost-startStop-1] org.apache.catalina.startup.HostConfig.deployWAR Deployment of web application archive F:\nginx\projects\apache-tomcat-8.0.20-8080\webapps\javawebsimple.war has finished in 1,713 ms
25-Aug-2018 20:53:56.048 INFO [main] org.apache.coyote.AbstractProtocol.start Starting ProtocolHandler ["http-apr-8080"]
25-Aug-2018 20:53:56.070 INFO [main] org.apache.catalina.startup.Catalina.start Server startup in 2039 ms
25-Aug-2018 20:53:56.089 SEVERE [main] org.apache.catalina.core.StandardServer.await StandardServer.await: create[localhost:8005]: 
 java.net.BindException: Address already in use: JVM_Bind
	at java.net.DualStackPlainSocketImpl.bind0(Native Method)
	at java.net.DualStackPlainSocketImpl.socketBind(DualStackPlainSocketImpl.java:106)
	at java.net.AbstractPlainSocketImpl.bind(AbstractPlainSocketImpl.java:382)
	at java.net.PlainSocketImpl.bind(PlainSocketImpl.java:190)
	at java.net.ServerSocket.bind(ServerSocket.java:375)
	at java.net.ServerSocket.<init>(ServerSocket.java:237)
	at org.apache.catalina.core.StandardServer.await(StandardServer.java:420)
	at org.apache.catalina.startup.Catalina.await(Catalina.java:713)
	at org.apache.catalina.startup.Catalina.start(Catalina.java:659)
	at sun.reflect.NativeMethodAccessorImpl.invoke0(Native Method)
	at sun.reflect.NativeMethodAccessorImpl.invoke(NativeMethodAccessorImpl.java:62)
	at sun.reflect.DelegatingMethodAccessorImpl.invoke(DelegatingMethodAccessorImpl.java:43)
	at java.lang.reflect.Method.invoke(Method.java:483)
	at org.apache.catalina.startup.Bootstrap.start(Bootstrap.java:351)
	at org.apache.catalina.startup.Bootstrap.main(Bootstrap.java:485)

25-Aug-2018 20:53:56.099 INFO [main] org.apache.coyote.AbstractProtocol.pause Pausing ProtocolHandler ["http-apr-8080"]
25-Aug-2018 20:53:56.158 INFO [main] org.apache.coyote.AbstractProtocol.pause Pausing ProtocolHandler ["ajp-apr-8009"]
25-Aug-2018 20:53:56.159 INFO [main] org.apache.catalina.core.StandardService.stopInternal Stopping service Catalina
25-Aug-2018 20:53:56.329 INFO [main] org.apache.coyote.AbstractProtocol.stop Stopping ProtocolHandler ["http-apr-8080"]
25-Aug-2018 20:53:56.401 INFO [main] org.apache.coyote.AbstractProtocol.destroy Destroying ProtocolHandler ["http-apr-8080"]
25-Aug-2018 20:53:56.403 INFO [main] org.apache.coyote.AbstractProtocol.stop Stopping ProtocolHandler ["ajp-apr-8009"]
25-Aug-2018 20:53:56.410 INFO [main] org.apache.coyote.AbstractProtocol.destroy Destroying ProtocolHandler ["ajp-apr-8009"]
25-Aug-2018 20:55:01.692 INFO [main] org.apache.catalina.startup.VersionLoggerListener.log Server version:        Apache Tomcat/8.0.20
25-Aug-2018 20:55:01.697 INFO [main] org.apache.catalina.startup.VersionLoggerListener.log Server built:          Feb 15 2015 18:10:42 UTC
25-Aug-2018 20:55:01.698 INFO [main] org.apache.catalina.startup.VersionLoggerListener.log Server number:         8.0.20.0
25-Aug-2018 20:55:01.699 INFO [main] org.apache.catalina.startup.VersionLoggerListener.log OS Name:               Windows 7
25-Aug-2018 20:55:01.700 INFO [main] org.apache.catalina.startup.VersionLoggerListener.log OS Version:            6.1
25-Aug-2018 20:55:01.700 INFO [main] org.apache.catalina.startup.VersionLoggerListener.log Architecture:          amd64
25-Aug-2018 20:55:01.701 INFO [main] org.apache.catalina.startup.VersionLoggerListener.log Java Home:             D:\Program Files\java\install1.8\jre
25-Aug-2018 20:55:01.702 INFO [main] org.apache.catalina.startup.VersionLoggerListener.log JVM Version:           1.8.0_20-b26
25-Aug-2018 20:55:01.703 INFO [main] org.apache.catalina.startup.VersionLoggerListener.log JVM Vendor:            Oracle Corporation
25-Aug-2018 20:55:01.704 INFO [main] org.apache.catalina.startup.VersionLoggerListener.log CATALINA_BASE:         F:\nginx\projects\apache-tomcat-8.0.20-8080
25-Aug-2018 20:55:01.705 INFO [main] org.apache.catalina.startup.VersionLoggerListener.log CATALINA_HOME:         F:\nginx\projects\apache-tomcat-8.0.20-8080
25-Aug-2018 20:55:01.707 INFO [main] org.apache.catalina.startup.VersionLoggerListener.log Command line argument: -Djava.util.logging.config.file=F:\nginx\projects\apache-tomcat-8.0.20-8080\conf\logging.properties
25-Aug-2018 20:55:01.711 INFO [main] org.apache.catalina.startup.VersionLoggerListener.log Command line argument: -Djava.util.logging.manager=org.apache.juli.ClassLoaderLogManager
25-Aug-2018 20:55:01.714 INFO [main] org.apache.catalina.startup.VersionLoggerListener.log Command line argument: -Djava.endorsed.dirs=F:\nginx\projects\apache-tomcat-8.0.20-8080\endorsed
25-Aug-2018 20:55:01.717 INFO [main] org.apache.catalina.startup.VersionLoggerListener.log Command line argument: -Dcatalina.base=F:\nginx\projects\apache-tomcat-8.0.20-8080
25-Aug-2018 20:55:01.719 INFO [main] org.apache.catalina.startup.VersionLoggerListener.log Command line argument: -Dcatalina.home=F:\nginx\projects\apache-tomcat-8.0.20-8080
25-Aug-2018 20:55:01.722 INFO [main] org.apache.catalina.startup.VersionLoggerListener.log Command line argument: -Djava.io.tmpdir=F:\nginx\projects\apache-tomcat-8.0.20-8080\temp
25-Aug-2018 20:55:01.725 INFO [main] org.apache.catalina.core.AprLifecycleListener.lifecycleEvent Loaded APR based Apache Tomcat Native library 1.1.32 using APR version 1.5.1.
25-Aug-2018 20:55:01.729 INFO [main] org.apache.catalina.core.AprLifecycleListener.lifecycleEvent APR capabilities: IPv6 [true], sendfile [true], accept filters [false], random [true].
25-Aug-2018 20:55:02.942 INFO [main] org.apache.catalina.core.AprLifecycleListener.initializeSSL OpenSSL successfully initialized (OpenSSL 1.0.1j 15 Oct 2014)
25-Aug-2018 20:55:03.445 INFO [main] org.apache.coyote.AbstractProtocol.init Initializing ProtocolHandler ["http-apr-8080"]
25-Aug-2018 20:55:03.485 INFO [main] org.apache.coyote.AbstractProtocol.init Initializing ProtocolHandler ["ajp-apr-8009"]
25-Aug-2018 20:55:03.492 SEVERE [main] org.apache.coyote.AbstractProtocol.init Failed to initialize end point associated with ProtocolHandler ["ajp-apr-8009"]
 java.lang.Exception: Socket bind failed: [730048] ?????????б┴???(з┐?иж/???????/???)????ик??
	at org.apache.tomcat.util.net.AprEndpoint.bind(AprEndpoint.java:459)
	at org.apache.tomcat.util.net.AbstractEndpoint.init(AbstractEndpoint.java:732)
	at org.apache.coyote.AbstractProtocol.init(AbstractProtocol.java:457)
	at org.apache.catalina.connector.Connector.initInternal(Connector.java:960)
	at org.apache.catalina.util.LifecycleBase.init(LifecycleBase.java:102)
	at org.apache.catalina.core.StandardService.initInternal(StandardService.java:567)
	at org.apache.catalina.util.LifecycleBase.init(LifecycleBase.java:102)
	at org.apache.catalina.core.StandardServer.initInternal(StandardServer.java:851)
	at org.apache.catalina.util.LifecycleBase.init(LifecycleBase.java:102)
	at org.apache.catalina.startup.Catalina.load(Catalina.java:576)
	at org.apache.catalina.startup.Catalina.load(Catalina.java:599)
	at sun.reflect.NativeMethodAccessorImpl.invoke0(Native Method)
	at sun.reflect.NativeMethodAccessorImpl.invoke(NativeMethodAccessorImpl.java:62)
	at sun.reflect.DelegatingMethodAccessorImpl.invoke(DelegatingMethodAccessorImpl.java:43)
	at java.lang.reflect.Method.invoke(Method.java:483)
	at org.apache.catalina.startup.Bootstrap.load(Bootstrap.java:310)
	at org.apache.catalina.startup.Bootstrap.main(Bootstrap.java:484)

25-Aug-2018 20:55:03.510 SEVERE [main] org.apache.catalina.core.StandardService.initInternal Failed to initialize connector [Connector[AJP/1.3-8009]]
 org.apache.catalina.LifecycleException: Failed to initialize component [Connector[AJP/1.3-8009]]
	at org.apache.catalina.util.LifecycleBase.init(LifecycleBase.java:106)
	at org.apache.catalina.core.StandardService.initInternal(StandardService.java:567)
	at org.apache.catalina.util.LifecycleBase.init(LifecycleBase.java:102)
	at org.apache.catalina.core.StandardServer.initInternal(StandardServer.java:851)
	at org.apache.catalina.util.LifecycleBase.init(LifecycleBase.java:102)
	at org.apache.catalina.startup.Catalina.load(Catalina.java:576)
	at org.apache.catalina.startup.Catalina.load(Catalina.java:599)
	at sun.reflect.NativeMethodAccessorImpl.invoke0(Native Method)
	at sun.reflect.NativeMethodAccessorImpl.invoke(NativeMethodAccessorImpl.java:62)
	at sun.reflect.DelegatingMethodAccessorImpl.invoke(DelegatingMethodAccessorImpl.java:43)
	at java.lang.reflect.Method.invoke(Method.java:483)
	at org.apache.catalina.startup.Bootstrap.load(Bootstrap.java:310)
	at org.apache.catalina.startup.Bootstrap.main(Bootstrap.java:484)
Caused by: org.apache.catalina.LifecycleException: Protocol handler initialization failed
	at org.apache.catalina.connector.Connector.initInternal(Connector.java:962)
	at org.apache.catalina.util.LifecycleBase.init(LifecycleBase.java:102)
	... 12 more
Caused by: java.lang.Exception: Socket bind failed: [730048] ?????????б┴???(з┐?иж/???????/???)????ик??
	at org.apache.tomcat.util.net.AprEndpoint.bind(AprEndpoint.java:459)
	at org.apache.tomcat.util.net.AbstractEndpoint.init(AbstractEndpoint.java:732)
	at org.apache.coyote.AbstractProtocol.init(AbstractProtocol.java:457)
	at org.apache.catalina.connector.Connector.initInternal(Connector.java:960)
	... 13 more

25-Aug-2018 20:55:03.523 INFO [main] org.apache.catalina.startup.Catalina.load Initialization processed in 3480 ms
25-Aug-2018 20:55:03.730 INFO [main] org.apache.catalina.core.StandardService.startInternal Starting service Catalina
25-Aug-2018 20:55:03.732 INFO [main] org.apache.catalina.core.StandardEngine.startInternal Starting Servlet Engine: Apache Tomcat/8.0.20
25-Aug-2018 20:55:03.847 INFO [localhost-startStop-1] org.apache.catalina.startup.HostConfig.deployWAR Deploying web application archive F:\nginx\projects\apache-tomcat-8.0.20-8080\webapps\javawebsimple.war
25-Aug-2018 20:55:05.462 INFO [localhost-startStop-1] org.apache.catalina.util.SessionIdGeneratorBase.createSecureRandom Creation of SecureRandom instance for session ID generation using [SHA1PRNG] took [448] milliseconds.
25-Aug-2018 20:55:05.521 INFO [localhost-startStop-1] org.apache.catalina.startup.HostConfig.deployWAR Deployment of web application archive F:\nginx\projects\apache-tomcat-8.0.20-8080\webapps\javawebsimple.war has finished in 1,674 ms
25-Aug-2018 20:55:05.533 INFO [main] org.apache.coyote.AbstractProtocol.start Starting ProtocolHandler ["http-apr-8080"]
25-Aug-2018 20:55:05.557 INFO [main] org.apache.catalina.startup.Catalina.start Server startup in 2043 ms
25-Aug-2018 20:55:05.574 SEVERE [main] org.apache.catalina.core.StandardServer.await StandardServer.await: create[localhost:8005]: 
 java.net.BindException: Address already in use: JVM_Bind
	at java.net.DualStackPlainSocketImpl.bind0(Native Method)
	at java.net.DualStackPlainSocketImpl.socketBind(DualStackPlainSocketImpl.java:106)
	at java.net.AbstractPlainSocketImpl.bind(AbstractPlainSocketImpl.java:382)
	at java.net.PlainSocketImpl.bind(PlainSocketImpl.java:190)
	at java.net.ServerSocket.bind(ServerSocket.java:375)
	at java.net.ServerSocket.<init>(ServerSocket.java:237)
	at org.apache.catalina.core.StandardServer.await(StandardServer.java:420)
	at org.apache.catalina.startup.Catalina.await(Catalina.java:713)
	at org.apache.catalina.startup.Catalina.start(Catalina.java:659)
	at sun.reflect.NativeMethodAccessorImpl.invoke0(Native Method)
	at sun.reflect.NativeMethodAccessorImpl.invoke(NativeMethodAccessorImpl.java:62)
	at sun.reflect.DelegatingMethodAccessorImpl.invoke(DelegatingMethodAccessorImpl.java:43)
	at java.lang.reflect.Method.invoke(Method.java:483)
	at org.apache.catalina.startup.Bootstrap.start(Bootstrap.java:351)
	at org.apache.catalina.startup.Bootstrap.main(Bootstrap.java:485)

25-Aug-2018 20:55:05.580 INFO [main] org.apache.coyote.AbstractProtocol.pause Pausing ProtocolHandler ["http-apr-8080"]
25-Aug-2018 20:55:05.640 INFO [main] org.apache.coyote.AbstractProtocol.pause Pausing ProtocolHandler ["ajp-apr-8009"]
25-Aug-2018 20:55:05.641 INFO [main] org.apache.catalina.core.StandardService.stopInternal Stopping service Catalina
25-Aug-2018 20:55:05.683 INFO [main] org.apache.coyote.AbstractProtocol.stop Stopping ProtocolHandler ["http-apr-8080"]
25-Aug-2018 20:55:05.737 INFO [main] org.apache.coyote.AbstractProtocol.destroy Destroying ProtocolHandler ["http-apr-8080"]
25-Aug-2018 20:55:05.741 INFO [main] org.apache.coyote.AbstractProtocol.stop Stopping ProtocolHandler ["ajp-apr-8009"]
25-Aug-2018 20:55:05.744 INFO [main] org.apache.coyote.AbstractProtocol.destroy Destroying ProtocolHandler ["ajp-apr-8009"]
25-Aug-2018 20:57:04.316 INFO [main] org.apache.catalina.startup.VersionLoggerListener.log Server version:        Apache Tomcat/8.0.20
25-Aug-2018 20:57:04.322 INFO [main] org.apache.catalina.startup.VersionLoggerListener.log Server built:          Feb 15 2015 18:10:42 UTC
25-Aug-2018 20:57:04.323 INFO [main] org.apache.catalina.startup.VersionLoggerListener.log Server number:         8.0.20.0
25-Aug-2018 20:57:04.324 INFO [main] org.apache.catalina.startup.VersionLoggerListener.log OS Name:               Windows 7
25-Aug-2018 20:57:04.326 INFO [main] org.apache.catalina.startup.VersionLoggerListener.log OS Version:            6.1
25-Aug-2018 20:57:04.327 INFO [main] org.apache.catalina.startup.VersionLoggerListener.log Architecture:          amd64
25-Aug-2018 20:57:04.328 INFO [main] org.apache.catalina.startup.VersionLoggerListener.log Java Home:             D:\Program Files\java\install1.8\jre
25-Aug-2018 20:57:04.329 INFO [main] org.apache.catalina.startup.VersionLoggerListener.log JVM Version:           1.8.0_20-b26
25-Aug-2018 20:57:04.331 INFO [main] org.apache.catalina.startup.VersionLoggerListener.log JVM Vendor:            Oracle Corporation
25-Aug-2018 20:57:04.333 INFO [main] org.apache.catalina.startup.VersionLoggerListener.log CATALINA_BASE:         F:\nginx\projects\apache-tomcat-8.0.20-8080
25-Aug-2018 20:57:04.335 INFO [main] org.apache.catalina.startup.VersionLoggerListener.log CATALINA_HOME:         F:\nginx\projects\apache-tomcat-8.0.20-8080
25-Aug-2018 20:57:04.339 INFO [main] org.apache.catalina.startup.VersionLoggerListener.log Command line argument: -Djava.util.logging.config.file=F:\nginx\projects\apache-tomcat-8.0.20-8080\conf\logging.properties
25-Aug-2018 20:57:04.346 INFO [main] org.apache.catalina.startup.VersionLoggerListener.log Command line argument: -Djava.util.logging.manager=org.apache.juli.ClassLoaderLogManager
25-Aug-2018 20:57:04.351 INFO [main] org.apache.catalina.startup.VersionLoggerListener.log Command line argument: -Djava.endorsed.dirs=F:\nginx\projects\apache-tomcat-8.0.20-8080\endorsed
25-Aug-2018 20:57:04.357 INFO [main] org.apache.catalina.startup.VersionLoggerListener.log Command line argument: -Dcatalina.base=F:\nginx\projects\apache-tomcat-8.0.20-8080
25-Aug-2018 20:57:04.372 INFO [main] org.apache.catalina.startup.VersionLoggerListener.log Command line argument: -Dcatalina.home=F:\nginx\projects\apache-tomcat-8.0.20-8080
25-Aug-2018 20:57:04.377 INFO [main] org.apache.catalina.startup.VersionLoggerListener.log Command line argument: -Djava.io.tmpdir=F:\nginx\projects\apache-tomcat-8.0.20-8080\temp
25-Aug-2018 20:57:04.383 INFO [main] org.apache.catalina.core.AprLifecycleListener.lifecycleEvent Loaded APR based Apache Tomcat Native library 1.1.32 using APR version 1.5.1.
25-Aug-2018 20:57:04.390 INFO [main] org.apache.catalina.core.AprLifecycleListener.lifecycleEvent APR capabilities: IPv6 [true], sendfile [true], accept filters [false], random [true].
25-Aug-2018 20:57:05.628 INFO [main] org.apache.catalina.core.AprLifecycleListener.initializeSSL OpenSSL successfully initialized (OpenSSL 1.0.1j 15 Oct 2014)
25-Aug-2018 20:57:06.166 INFO [main] org.apache.coyote.AbstractProtocol.init Initializing ProtocolHandler ["http-apr-8080"]
25-Aug-2018 20:57:06.206 INFO [main] org.apache.coyote.AbstractProtocol.init Initializing ProtocolHandler ["ajp-apr-8008"]
25-Aug-2018 20:57:06.213 INFO [main] org.apache.catalina.startup.Catalina.load Initialization processed in 3685 ms
25-Aug-2018 20:57:06.350 INFO [main] org.apache.catalina.core.StandardService.startInternal Starting service Catalina
25-Aug-2018 20:57:06.358 INFO [main] org.apache.catalina.core.StandardEngine.startInternal Starting Servlet Engine: Apache Tomcat/8.0.20
25-Aug-2018 20:57:06.411 INFO [localhost-startStop-1] org.apache.catalina.startup.HostConfig.deployDirectory Deploying web application directory F:\nginx\projects\apache-tomcat-8.0.20-8080\webapps\javawebsimple
25-Aug-2018 20:57:08.159 INFO [localhost-startStop-1] org.apache.catalina.util.SessionIdGeneratorBase.createSecureRandom Creation of SecureRandom instance for session ID generation using [SHA1PRNG] took [445] milliseconds.
25-Aug-2018 20:57:08.219 INFO [localhost-startStop-1] org.apache.catalina.startup.HostConfig.deployDirectory Deployment of web application directory F:\nginx\projects\apache-tomcat-8.0.20-8080\webapps\javawebsimple has finished in 1,809 ms
25-Aug-2018 20:57:08.230 INFO [main] org.apache.coyote.AbstractProtocol.start Starting ProtocolHandler ["http-apr-8080"]
25-Aug-2018 20:57:08.257 INFO [main] org.apache.coyote.AbstractProtocol.start Starting ProtocolHandler ["ajp-apr-8008"]
25-Aug-2018 20:57:08.261 INFO [main] org.apache.catalina.startup.Catalina.start Server startup in 2057 ms
25-Aug-2018 20:57:32.684 INFO [main] org.apache.catalina.core.StandardServer.await A valid shutdown command was received via the shutdown port. Stopping the Server instance.
25-Aug-2018 20:57:32.688 INFO [main] org.apache.coyote.AbstractProtocol.pause Pausing ProtocolHandler ["http-apr-8080"]
25-Aug-2018 20:57:32.756 INFO [main] org.apache.coyote.AbstractProtocol.pause Pausing ProtocolHandler ["ajp-apr-8008"]
25-Aug-2018 20:57:32.808 INFO [main] org.apache.catalina.core.StandardService.stopInternal Stopping service Catalina
25-Aug-2018 20:57:32.897 INFO [main] org.apache.coyote.AbstractProtocol.stop Stopping ProtocolHandler ["http-apr-8080"]
25-Aug-2018 20:57:32.954 INFO [main] org.apache.coyote.AbstractProtocol.stop Stopping ProtocolHandler ["ajp-apr-8008"]
25-Aug-2018 20:57:33.006 INFO [main] org.apache.coyote.AbstractProtocol.destroy Destroying ProtocolHandler ["http-apr-8080"]
25-Aug-2018 20:57:33.007 INFO [main] org.apache.coyote.AbstractProtocol.destroy Destroying ProtocolHandler ["ajp-apr-8008"]
25-Aug-2018 20:58:13.683 INFO [main] org.apache.catalina.startup.VersionLoggerListener.log Server version:        Apache Tomcat/8.0.20
25-Aug-2018 20:58:13.692 INFO [main] org.apache.catalina.startup.VersionLoggerListener.log Server built:          Feb 15 2015 18:10:42 UTC
25-Aug-2018 20:58:13.694 INFO [main] org.apache.catalina.startup.VersionLoggerListener.log Server number:         8.0.20.0
25-Aug-2018 20:58:13.701 INFO [main] org.apache.catalina.startup.VersionLoggerListener.log OS Name:               Windows 7
25-Aug-2018 20:58:13.706 INFO [main] org.apache.catalina.startup.VersionLoggerListener.log OS Version:            6.1
25-Aug-2018 20:58:13.708 INFO [main] org.apache.catalina.startup.VersionLoggerListener.log Architecture:          amd64
25-Aug-2018 20:58:13.709 INFO [main] org.apache.catalina.startup.VersionLoggerListener.log Java Home:             D:\Program Files\java\install1.8\jre
25-Aug-2018 20:58:13.711 INFO [main] org.apache.catalina.startup.VersionLoggerListener.log JVM Version:           1.8.0_20-b26
25-Aug-2018 20:58:13.713 INFO [main] org.apache.catalina.startup.VersionLoggerListener.log JVM Vendor:            Oracle Corporation
25-Aug-2018 20:58:13.719 INFO [main] org.apache.catalina.startup.VersionLoggerListener.log CATALINA_BASE:         F:\nginx\projects\apache-tomcat-8.0.20-8080
25-Aug-2018 20:58:13.721 INFO [main] org.apache.catalina.startup.VersionLoggerListener.log CATALINA_HOME:         F:\nginx\projects\apache-tomcat-8.0.20-8080
25-Aug-2018 20:58:13.724 INFO [main] org.apache.catalina.startup.VersionLoggerListener.log Command line argument: -Djava.util.logging.config.file=F:\nginx\projects\apache-tomcat-8.0.20-8080\conf\logging.properties
25-Aug-2018 20:58:13.729 INFO [main] org.apache.catalina.startup.VersionLoggerListener.log Command line argument: -Djava.util.logging.manager=org.apache.juli.ClassLoaderLogManager
25-Aug-2018 20:58:13.737 INFO [main] org.apache.catalina.startup.VersionLoggerListener.log Command line argument: -Djava.endorsed.dirs=F:\nginx\projects\apache-tomcat-8.0.20-8080\endorsed
25-Aug-2018 20:58:13.740 INFO [main] org.apache.catalina.startup.VersionLoggerListener.log Command line argument: -Dcatalina.base=F:\nginx\projects\apache-tomcat-8.0.20-8080
25-Aug-2018 20:58:13.746 INFO [main] org.apache.catalina.startup.VersionLoggerListener.log Command line argument: -Dcatalina.home=F:\nginx\projects\apache-tomcat-8.0.20-8080
25-Aug-2018 20:58:13.750 INFO [main] org.apache.catalina.startup.VersionLoggerListener.log Command line argument: -Djava.io.tmpdir=F:\nginx\projects\apache-tomcat-8.0.20-8080\temp
25-Aug-2018 20:58:13.756 INFO [main] org.apache.catalina.core.AprLifecycleListener.lifecycleEvent Loaded APR based Apache Tomcat Native library 1.1.32 using APR version 1.5.1.
25-Aug-2018 20:58:13.759 INFO [main] org.apache.catalina.core.AprLifecycleListener.lifecycleEvent APR capabilities: IPv6 [true], sendfile [true], accept filters [false], random [true].
25-Aug-2018 20:58:14.975 INFO [main] org.apache.catalina.core.AprLifecycleListener.initializeSSL OpenSSL successfully initialized (OpenSSL 1.0.1j 15 Oct 2014)
25-Aug-2018 20:58:15.621 INFO [main] org.apache.coyote.AbstractProtocol.init Initializing ProtocolHandler ["http-apr-8080"]
25-Aug-2018 20:58:15.670 INFO [main] org.apache.coyote.AbstractProtocol.init Initializing ProtocolHandler ["ajp-apr-8009"]
25-Aug-2018 20:58:15.678 INFO [main] org.apache.catalina.startup.Catalina.load Initialization processed in 3680 ms
25-Aug-2018 20:58:15.802 INFO [main] org.apache.catalina.core.StandardService.startInternal Starting service Catalina
25-Aug-2018 20:58:15.805 INFO [main] org.apache.catalina.core.StandardEngine.startInternal Starting Servlet Engine: Apache Tomcat/8.0.20
25-Aug-2018 20:58:15.860 INFO [localhost-startStop-1] org.apache.catalina.startup.HostConfig.deployDirectory Deploying web application directory F:\nginx\projects\apache-tomcat-8.0.20-8080\webapps\javawebsimple
25-Aug-2018 20:58:17.416 INFO [localhost-startStop-1] org.apache.catalina.util.SessionIdGeneratorBase.createSecureRandom Creation of SecureRandom instance for session ID generation using [SHA1PRNG] took [461] milliseconds.
25-Aug-2018 20:58:17.529 INFO [localhost-startStop-1] org.apache.catalina.startup.HostConfig.deployDirectory Deployment of web application directory F:\nginx\projects\apache-tomcat-8.0.20-8080\webapps\javawebsimple has finished in 1,668 ms
25-Aug-2018 20:58:17.549 INFO [main] org.apache.coyote.AbstractProtocol.start Starting ProtocolHandler ["http-apr-8080"]
25-Aug-2018 20:58:17.580 INFO [main] org.apache.coyote.AbstractProtocol.start Starting ProtocolHandler ["ajp-apr-8009"]
25-Aug-2018 20:58:17.585 INFO [main] org.apache.catalina.startup.Catalina.start Server startup in 1917 ms
25-Aug-2018 21:17:58.703 INFO [main] org.apache.catalina.startup.VersionLoggerListener.log Server version:        Apache Tomcat/8.0.20
25-Aug-2018 21:17:58.707 INFO [main] org.apache.catalina.startup.VersionLoggerListener.log Server built:          Feb 15 2015 18:10:42 UTC
25-Aug-2018 21:17:58.707 INFO [main] org.apache.catalina.startup.VersionLoggerListener.log Server number:         8.0.20.0
25-Aug-2018 21:17:58.708 INFO [main] org.apache.catalina.startup.VersionLoggerListener.log OS Name:               Windows 7
25-Aug-2018 21:17:58.708 INFO [main] org.apache.catalina.startup.VersionLoggerListener.log OS Version:            6.1
25-Aug-2018 21:17:58.709 INFO [main] org.apache.catalina.startup.VersionLoggerListener.log Architecture:          amd64
25-Aug-2018 21:17:58.709 INFO [main] org.apache.catalina.startup.VersionLoggerListener.log Java Home:             D:\Program Files\java\install1.8\jre
25-Aug-2018 21:17:58.710 INFO [main] org.apache.catalina.startup.VersionLoggerListener.log JVM Version:           1.8.0_20-b26
25-Aug-2018 21:17:58.711 INFO [main] org.apache.catalina.startup.VersionLoggerListener.log JVM Vendor:            Oracle Corporation
25-Aug-2018 21:17:58.711 INFO [main] org.apache.catalina.startup.VersionLoggerListener.log CATALINA_BASE:         F:\nginx\projects\apache-tomcat-8.0.20-8080
25-Aug-2018 21:17:58.712 INFO [main] org.apache.catalina.startup.VersionLoggerListener.log CATALINA_HOME:         F:\nginx\projects\apache-tomcat-8.0.20-8080
25-Aug-2018 21:17:58.713 INFO [main] org.apache.catalina.startup.VersionLoggerListener.log Command line argument: -Djava.util.logging.config.file=F:\nginx\projects\apache-tomcat-8.0.20-8080\conf\logging.properties
25-Aug-2018 21:17:58.714 INFO [main] org.apache.catalina.startup.VersionLoggerListener.log Command line argument: -Djava.util.logging.manager=org.apache.juli.ClassLoaderLogManager
25-Aug-2018 21:17:58.718 INFO [main] org.apache.catalina.startup.VersionLoggerListener.log Command line argument: -Djava.endorsed.dirs=F:\nginx\projects\apache-tomcat-8.0.20-8080\endorsed
25-Aug-2018 21:17:58.719 INFO [main] org.apache.catalina.startup.VersionLoggerListener.log Command line argument: -Dcatalina.base=F:\nginx\projects\apache-tomcat-8.0.20-8080
25-Aug-2018 21:17:58.720 INFO [main] org.apache.catalina.startup.VersionLoggerListener.log Command line argument: -Dcatalina.home=F:\nginx\projects\apache-tomcat-8.0.20-8080
25-Aug-2018 21:17:58.723 INFO [main] org.apache.catalina.startup.VersionLoggerListener.log Command line argument: -Djava.io.tmpdir=F:\nginx\projects\apache-tomcat-8.0.20-8080\temp
25-Aug-2018 21:17:58.727 INFO [main] org.apache.catalina.core.AprLifecycleListener.lifecycleEvent Loaded APR based Apache Tomcat Native library 1.1.32 using APR version 1.5.1.
25-Aug-2018 21:17:58.730 INFO [main] org.apache.catalina.core.AprLifecycleListener.lifecycleEvent APR capabilities: IPv6 [true], sendfile [true], accept filters [false], random [true].
25-Aug-2018 21:17:59.908 INFO [main] org.apache.catalina.core.AprLifecycleListener.initializeSSL OpenSSL successfully initialized (OpenSSL 1.0.1j 15 Oct 2014)
25-Aug-2018 21:18:00.480 INFO [main] org.apache.coyote.AbstractProtocol.init Initializing ProtocolHandler ["http-apr-8080"]
25-Aug-2018 21:18:00.527 INFO [main] org.apache.coyote.AbstractProtocol.init Initializing ProtocolHandler ["ajp-apr-8009"]
25-Aug-2018 21:18:00.539 SEVERE [main] org.apache.coyote.AbstractProtocol.init Failed to initialize end point associated with ProtocolHandler ["ajp-apr-8009"]
 java.lang.Exception: Socket bind failed: [730048] ?????????б┴???(з┐?иж/???????/???)????ик??
	at org.apache.tomcat.util.net.AprEndpoint.bind(AprEndpoint.java:459)
	at org.apache.tomcat.util.net.AbstractEndpoint.init(AbstractEndpoint.java:732)
	at org.apache.coyote.AbstractProtocol.init(AbstractProtocol.java:457)
	at org.apache.catalina.connector.Connector.initInternal(Connector.java:960)
	at org.apache.catalina.util.LifecycleBase.init(LifecycleBase.java:102)
	at org.apache.catalina.core.StandardService.initInternal(StandardService.java:567)
	at org.apache.catalina.util.LifecycleBase.init(LifecycleBase.java:102)
	at org.apache.catalina.core.StandardServer.initInternal(StandardServer.java:851)
	at org.apache.catalina.util.LifecycleBase.init(LifecycleBase.java:102)
	at org.apache.catalina.startup.Catalina.load(Catalina.java:576)
	at org.apache.catalina.startup.Catalina.load(Catalina.java:599)
	at sun.reflect.NativeMethodAccessorImpl.invoke0(Native Method)
	at sun.reflect.NativeMethodAccessorImpl.invoke(NativeMethodAccessorImpl.java:62)
	at sun.reflect.DelegatingMethodAccessorImpl.invoke(DelegatingMethodAccessorImpl.java:43)
	at java.lang.reflect.Method.invoke(Method.java:483)
	at org.apache.catalina.startup.Bootstrap.load(Bootstrap.java:310)
	at org.apache.catalina.startup.Bootstrap.main(Bootstrap.java:484)

25-Aug-2018 21:18:00.570 SEVERE [main] org.apache.catalina.core.StandardService.initInternal Failed to initialize connector [Connector[AJP/1.3-8009]]
 org.apache.catalina.LifecycleException: Failed to initialize component [Connector[AJP/1.3-8009]]
	at org.apache.catalina.util.LifecycleBase.init(LifecycleBase.java:106)
	at org.apache.catalina.core.StandardService.initInternal(StandardService.java:567)
	at org.apache.catalina.util.LifecycleBase.init(LifecycleBase.java:102)
	at org.apache.catalina.core.StandardServer.initInternal(StandardServer.java:851)
	at org.apache.catalina.util.LifecycleBase.init(LifecycleBase.java:102)
	at org.apache.catalina.startup.Catalina.load(Catalina.java:576)
	at org.apache.catalina.startup.Catalina.load(Catalina.java:599)
	at sun.reflect.NativeMethodAccessorImpl.invoke0(Native Method)
	at sun.reflect.NativeMethodAccessorImpl.invoke(NativeMethodAccessorImpl.java:62)
	at sun.reflect.DelegatingMethodAccessorImpl.invoke(DelegatingMethodAccessorImpl.java:43)
	at java.lang.reflect.Method.invoke(Method.java:483)
	at org.apache.catalina.startup.Bootstrap.load(Bootstrap.java:310)
	at org.apache.catalina.startup.Bootstrap.main(Bootstrap.java:484)
Caused by: org.apache.catalina.LifecycleException: Protocol handler initialization failed
	at org.apache.catalina.connector.Connector.initInternal(Connector.java:962)
	at org.apache.catalina.util.LifecycleBase.init(LifecycleBase.java:102)
	... 12 more
Caused by: java.lang.Exception: Socket bind failed: [730048] ?????????б┴???(з┐?иж/???????/???)????ик??
	at org.apache.tomcat.util.net.AprEndpoint.bind(AprEndpoint.java:459)
	at org.apache.tomcat.util.net.AbstractEndpoint.init(AbstractEndpoint.java:732)
	at org.apache.coyote.AbstractProtocol.init(AbstractProtocol.java:457)
	at org.apache.catalina.connector.Connector.initInternal(Connector.java:960)
	... 13 more

25-Aug-2018 21:18:00.660 INFO [main] org.apache.catalina.startup.Catalina.load Initialization processed in 3735 ms
25-Aug-2018 21:18:00.833 INFO [main] org.apache.catalina.core.StandardService.startInternal Starting service Catalina
25-Aug-2018 21:18:00.845 INFO [main] org.apache.catalina.core.StandardEngine.startInternal Starting Servlet Engine: Apache Tomcat/8.0.20
25-Aug-2018 21:18:00.917 INFO [localhost-startStop-1] org.apache.catalina.startup.HostConfig.deployDirectory Deploying web application directory F:\nginx\projects\apache-tomcat-8.0.20-8080\webapps\javawebsimple
25-Aug-2018 21:18:02.855 INFO [localhost-startStop-1] org.apache.catalina.util.SessionIdGeneratorBase.createSecureRandom Creation of SecureRandom instance for session ID generation using [SHA1PRNG] took [680] milliseconds.
25-Aug-2018 21:18:02.933 INFO [localhost-startStop-1] org.apache.catalina.startup.HostConfig.deployDirectory Deployment of web application directory F:\nginx\projects\apache-tomcat-8.0.20-8080\webapps\javawebsimple has finished in 2,016 ms
25-Aug-2018 21:18:02.941 INFO [main] org.apache.coyote.AbstractProtocol.start Starting ProtocolHandler ["http-apr-8080"]
25-Aug-2018 21:18:02.966 INFO [main] org.apache.catalina.startup.Catalina.start Server startup in 2320 ms
25-Aug-2018 21:40:46.537 INFO [main] org.apache.catalina.startup.VersionLoggerListener.log Server version:        Apache Tomcat/8.0.20
25-Aug-2018 21:40:46.543 INFO [main] org.apache.catalina.startup.VersionLoggerListener.log Server built:          Feb 15 2015 18:10:42 UTC
25-Aug-2018 21:40:46.544 INFO [main] org.apache.catalina.startup.VersionLoggerListener.log Server number:         8.0.20.0
25-Aug-2018 21:40:46.545 INFO [main] org.apache.catalina.startup.VersionLoggerListener.log OS Name:               Windows 7
25-Aug-2018 21:40:46.546 INFO [main] org.apache.catalina.startup.VersionLoggerListener.log OS Version:            6.1
25-Aug-2018 21:40:46.547 INFO [main] org.apache.catalina.startup.VersionLoggerListener.log Architecture:          amd64
25-Aug-2018 21:40:46.548 INFO [main] org.apache.catalina.startup.VersionLoggerListener.log Java Home:             D:\Program Files\java\install1.8\jre
25-Aug-2018 21:40:46.561 INFO [main] org.apache.catalina.startup.VersionLoggerListener.log JVM Version:           1.8.0_20-b26
25-Aug-2018 21:40:46.562 INFO [main] org.apache.catalina.startup.VersionLoggerListener.log JVM Vendor:            Oracle Corporation
25-Aug-2018 21:40:46.565 INFO [main] org.apache.catalina.startup.VersionLoggerListener.log CATALINA_BASE:         F:\nginx\projects\apache-tomcat-8.0.20-8080
25-Aug-2018 21:40:46.567 INFO [main] org.apache.catalina.startup.VersionLoggerListener.log CATALINA_HOME:         F:\nginx\projects\apache-tomcat-8.0.20-8080
25-Aug-2018 21:40:46.571 INFO [main] org.apache.catalina.startup.VersionLoggerListener.log Command line argument: -Djava.util.logging.config.file=F:\nginx\projects\apache-tomcat-8.0.20-8080\conf\logging.properties
25-Aug-2018 21:40:46.573 INFO [main] org.apache.catalina.startup.VersionLoggerListener.log Command line argument: -Djava.util.logging.manager=org.apache.juli.ClassLoaderLogManager
25-Aug-2018 21:40:46.575 INFO [main] org.apache.catalina.startup.VersionLoggerListener.log Command line argument: -Djava.endorsed.dirs=F:\nginx\projects\apache-tomcat-8.0.20-8080\endorsed
25-Aug-2018 21:40:46.578 INFO [main] org.apache.catalina.startup.VersionLoggerListener.log Command line argument: -Dcatalina.base=F:\nginx\projects\apache-tomcat-8.0.20-8080
25-Aug-2018 21:40:46.581 INFO [main] org.apache.catalina.startup.VersionLoggerListener.log Command line argument: -Dcatalina.home=F:\nginx\projects\apache-tomcat-8.0.20-8080
25-Aug-2018 21:40:46.585 INFO [main] org.apache.catalina.startup.VersionLoggerListener.log Command line argument: -Djava.io.tmpdir=F:\nginx\projects\apache-tomcat-8.0.20-8080\temp
25-Aug-2018 21:40:46.589 INFO [main] org.apache.catalina.core.AprLifecycleListener.lifecycleEvent Loaded APR based Apache Tomcat Native library 1.1.32 using APR version 1.5.1.
25-Aug-2018 21:40:46.592 INFO [main] org.apache.catalina.core.AprLifecycleListener.lifecycleEvent APR capabilities: IPv6 [true], sendfile [true], accept filters [false], random [true].
25-Aug-2018 21:40:47.778 INFO [main] org.apache.catalina.core.AprLifecycleListener.initializeSSL OpenSSL successfully initialized (OpenSSL 1.0.1j 15 Oct 2014)
25-Aug-2018 21:40:48.385 INFO [main] org.apache.coyote.AbstractProtocol.init Initializing ProtocolHandler ["http-apr-8080"]
25-Aug-2018 21:40:48.443 INFO [main] org.apache.coyote.AbstractProtocol.init Initializing ProtocolHandler ["ajp-apr-8009"]
25-Aug-2018 21:40:48.450 SEVERE [main] org.apache.coyote.AbstractProtocol.init Failed to initialize end point associated with ProtocolHandler ["ajp-apr-8009"]
 java.lang.Exception: Socket bind failed: [730048] ?????????б┴???(з┐?иж/???????/???)????ик??
	at org.apache.tomcat.util.net.AprEndpoint.bind(AprEndpoint.java:459)
	at org.apache.tomcat.util.net.AbstractEndpoint.init(AbstractEndpoint.java:732)
	at org.apache.coyote.AbstractProtocol.init(AbstractProtocol.java:457)
	at org.apache.catalina.connector.Connector.initInternal(Connector.java:960)
	at org.apache.catalina.util.LifecycleBase.init(LifecycleBase.java:102)
	at org.apache.catalina.core.StandardService.initInternal(StandardService.java:567)
	at org.apache.catalina.util.LifecycleBase.init(LifecycleBase.java:102)
	at org.apache.catalina.core.StandardServer.initInternal(StandardServer.java:851)
	at org.apache.catalina.util.LifecycleBase.init(LifecycleBase.java:102)
	at org.apache.catalina.startup.Catalina.load(Catalina.java:576)
	at org.apache.catalina.startup.Catalina.load(Catalina.java:599)
	at sun.reflect.NativeMethodAccessorImpl.invoke0(Native Method)
	at sun.reflect.NativeMethodAccessorImpl.invoke(NativeMethodAccessorImpl.java:62)
	at sun.reflect.DelegatingMethodAccessorImpl.invoke(DelegatingMethodAccessorImpl.java:43)
	at java.lang.reflect.Method.invoke(Method.java:483)
	at org.apache.catalina.startup.Bootstrap.load(Bootstrap.java:310)
	at org.apache.catalina.startup.Bootstrap.main(Bootstrap.java:484)

25-Aug-2018 21:40:48.476 SEVERE [main] org.apache.catalina.core.StandardService.initInternal Failed to initialize connector [Connector[AJP/1.3-8009]]
 org.apache.catalina.LifecycleException: Failed to initialize component [Connector[AJP/1.3-8009]]
	at org.apache.catalina.util.LifecycleBase.init(LifecycleBase.java:106)
	at org.apache.catalina.core.StandardService.initInternal(StandardService.java:567)
	at org.apache.catalina.util.LifecycleBase.init(LifecycleBase.java:102)
	at org.apache.catalina.core.StandardServer.initInternal(StandardServer.java:851)
	at org.apache.catalina.util.LifecycleBase.init(LifecycleBase.java:102)
	at org.apache.catalina.startup.Catalina.load(Catalina.java:576)
	at org.apache.catalina.startup.Catalina.load(Catalina.java:599)
	at sun.reflect.NativeMethodAccessorImpl.invoke0(Native Method)
	at sun.reflect.NativeMethodAccessorImpl.invoke(NativeMethodAccessorImpl.java:62)
	at sun.reflect.DelegatingMethodAccessorImpl.invoke(DelegatingMethodAccessorImpl.java:43)
	at java.lang.reflect.Method.invoke(Method.java:483)
	at org.apache.catalina.startup.Bootstrap.load(Bootstrap.java:310)
	at org.apache.catalina.startup.Bootstrap.main(Bootstrap.java:484)
Caused by: org.apache.catalina.LifecycleException: Protocol handler initialization failed
	at org.apache.catalina.connector.Connector.initInternal(Connector.java:962)
	at org.apache.catalina.util.LifecycleBase.init(LifecycleBase.java:102)
	... 12 more
Caused by: java.lang.Exception: Socket bind failed: [730048] ?????????б┴???(з┐?иж/???????/???)????ик??
	at org.apache.tomcat.util.net.AprEndpoint.bind(AprEndpoint.java:459)
	at org.apache.tomcat.util.net.AbstractEndpoint.init(AbstractEndpoint.java:732)
	at org.apache.coyote.AbstractProtocol.init(AbstractProtocol.java:457)
	at org.apache.catalina.connector.Connector.initInternal(Connector.java:960)
	... 13 more

25-Aug-2018 21:40:48.509 INFO [main] org.apache.catalina.startup.Catalina.load Initialization processed in 3622 ms
25-Aug-2018 21:40:48.631 INFO [main] org.apache.catalina.core.StandardService.startInternal Starting service Catalina
25-Aug-2018 21:40:48.633 INFO [main] org.apache.catalina.core.StandardEngine.startInternal Starting Servlet Engine: Apache Tomcat/8.0.20
25-Aug-2018 21:40:48.672 INFO [localhost-startStop-1] org.apache.catalina.startup.HostConfig.deployDirectory Deploying web application directory F:\nginx\projects\apache-tomcat-8.0.20-8080\webapps\javawebsimple
25-Aug-2018 21:40:50.322 INFO [localhost-startStop-1] org.apache.catalina.util.SessionIdGeneratorBase.createSecureRandom Creation of SecureRandom instance for session ID generation using [SHA1PRNG] took [450] milliseconds.
25-Aug-2018 21:40:50.394 INFO [localhost-startStop-1] org.apache.catalina.startup.HostConfig.deployDirectory Deployment of web application directory F:\nginx\projects\apache-tomcat-8.0.20-8080\webapps\javawebsimple has finished in 1,723 ms
25-Aug-2018 21:40:50.405 INFO [main] org.apache.coyote.AbstractProtocol.start Starting ProtocolHandler ["http-apr-8080"]
25-Aug-2018 21:40:50.429 INFO [main] org.apache.catalina.startup.Catalina.start Server startup in 1933 ms
25-Aug-2018 21:44:56.555 INFO [main] org.apache.catalina.startup.VersionLoggerListener.log Server version:        Apache Tomcat/8.0.20
25-Aug-2018 21:44:56.560 INFO [main] org.apache.catalina.startup.VersionLoggerListener.log Server built:          Feb 15 2015 18:10:42 UTC
25-Aug-2018 21:44:56.560 INFO [main] org.apache.catalina.startup.VersionLoggerListener.log Server number:         8.0.20.0
25-Aug-2018 21:44:56.561 INFO [main] org.apache.catalina.startup.VersionLoggerListener.log OS Name:               Windows 7
25-Aug-2018 21:44:56.562 INFO [main] org.apache.catalina.startup.VersionLoggerListener.log OS Version:            6.1
25-Aug-2018 21:44:56.563 INFO [main] org.apache.catalina.startup.VersionLoggerListener.log Architecture:          amd64
25-Aug-2018 21:44:56.564 INFO [main] org.apache.catalina.startup.VersionLoggerListener.log Java Home:             D:\Program Files\java\install1.8\jre
25-Aug-2018 21:44:56.565 INFO [main] org.apache.catalina.startup.VersionLoggerListener.log JVM Version:           1.8.0_20-b26
25-Aug-2018 21:44:56.566 INFO [main] org.apache.catalina.startup.VersionLoggerListener.log JVM Vendor:            Oracle Corporation
25-Aug-2018 21:44:56.567 INFO [main] org.apache.catalina.startup.VersionLoggerListener.log CATALINA_BASE:         F:\nginx\projects\apache-tomcat-8.0.20-8080
25-Aug-2018 21:44:56.567 INFO [main] org.apache.catalina.startup.VersionLoggerListener.log CATALINA_HOME:         F:\nginx\projects\apache-tomcat-8.0.20-8080
25-Aug-2018 21:44:56.569 INFO [main] org.apache.catalina.startup.VersionLoggerListener.log Command line argument: -Djava.util.logging.config.file=F:\nginx\projects\apache-tomcat-8.0.20-8080\conf\logging.properties
25-Aug-2018 21:44:56.573 INFO [main] org.apache.catalina.startup.VersionLoggerListener.log Command line argument: -Djava.util.logging.manager=org.apache.juli.ClassLoaderLogManager
25-Aug-2018 21:44:56.576 INFO [main] org.apache.catalina.startup.VersionLoggerListener.log Command line argument: -Djava.endorsed.dirs=F:\nginx\projects\apache-tomcat-8.0.20-8080\endorsed
25-Aug-2018 21:44:56.580 INFO [main] org.apache.catalina.startup.VersionLoggerListener.log Command line argument: -Dcatalina.base=F:\nginx\projects\apache-tomcat-8.0.20-8080
25-Aug-2018 21:44:56.583 INFO [main] org.apache.catalina.startup.VersionLoggerListener.log Command line argument: -Dcatalina.home=F:\nginx\projects\apache-tomcat-8.0.20-8080
25-Aug-2018 21:44:56.586 INFO [main] org.apache.catalina.startup.VersionLoggerListener.log Command line argument: -Djava.io.tmpdir=F:\nginx\projects\apache-tomcat-8.0.20-8080\temp
25-Aug-2018 21:44:56.589 INFO [main] org.apache.catalina.core.AprLifecycleListener.lifecycleEvent Loaded APR based Apache Tomcat Native library 1.1.32 using APR version 1.5.1.
25-Aug-2018 21:44:56.593 INFO [main] org.apache.catalina.core.AprLifecycleListener.lifecycleEvent APR capabilities: IPv6 [true], sendfile [true], accept filters [false], random [true].
25-Aug-2018 21:44:57.861 INFO [main] org.apache.catalina.core.AprLifecycleListener.initializeSSL OpenSSL successfully initialized (OpenSSL 1.0.1j 15 Oct 2014)
25-Aug-2018 21:44:58.371 INFO [main] org.apache.coyote.AbstractProtocol.init Initializing ProtocolHandler ["http-apr-8080"]
25-Aug-2018 21:44:58.404 INFO [main] org.apache.coyote.AbstractProtocol.init Initializing ProtocolHandler ["ajp-apr-8001"]
25-Aug-2018 21:44:58.409 INFO [main] org.apache.catalina.startup.Catalina.load Initialization processed in 3682 ms
25-Aug-2018 21:44:58.533 INFO [main] org.apache.catalina.core.StandardService.startInternal Starting service Catalina
25-Aug-2018 21:44:58.535 INFO [main] org.apache.catalina.core.StandardEngine.startInternal Starting Servlet Engine: Apache Tomcat/8.0.20
25-Aug-2018 21:44:58.575 INFO [localhost-startStop-1] org.apache.catalina.startup.HostConfig.deployDirectory Deploying web application directory F:\nginx\projects\apache-tomcat-8.0.20-8080\webapps\javawebsimple
25-Aug-2018 21:45:00.228 INFO [localhost-startStop-1] org.apache.catalina.util.SessionIdGeneratorBase.createSecureRandom Creation of SecureRandom instance for session ID generation using [SHA1PRNG] took [443] milliseconds.
25-Aug-2018 21:45:00.293 INFO [localhost-startStop-1] org.apache.catalina.startup.HostConfig.deployDirectory Deployment of web application directory F:\nginx\projects\apache-tomcat-8.0.20-8080\webapps\javawebsimple has finished in 1,719 ms
25-Aug-2018 21:45:00.306 INFO [main] org.apache.coyote.AbstractProtocol.start Starting ProtocolHandler ["http-apr-8080"]
25-Aug-2018 21:45:00.334 INFO [main] org.apache.coyote.AbstractProtocol.start Starting ProtocolHandler ["ajp-apr-8001"]
25-Aug-2018 21:45:00.337 INFO [main] org.apache.catalina.startup.Catalina.start Server startup in 1943 ms
