27-Aug-2018 09:12:37.476 INFO [main] org.apache.catalina.startup.VersionLoggerListener.log Server version:        Apache Tomcat/8.0.20
27-Aug-2018 09:12:37.476 INFO [main] org.apache.catalina.startup.VersionLoggerListener.log Server built:          Feb 15 2015 18:10:42 UTC
27-Aug-2018 09:12:37.476 INFO [main] org.apache.catalina.startup.VersionLoggerListener.log Server number:         8.0.20.0
27-Aug-2018 09:12:37.476 INFO [main] org.apache.catalina.startup.VersionLoggerListener.log OS Name:               Windows 7
27-Aug-2018 09:12:37.476 INFO [main] org.apache.catalina.startup.VersionLoggerListener.log OS Version:            6.1
27-Aug-2018 09:12:37.492 INFO [main] org.apache.catalina.startup.VersionLoggerListener.log Architecture:          amd64
27-Aug-2018 09:12:37.492 INFO [main] org.apache.catalina.startup.VersionLoggerListener.log Java Home:             D:\Program Files\java\install1.8\jre
27-Aug-2018 09:12:37.492 INFO [main] org.apache.catalina.startup.VersionLoggerListener.log JVM Version:           1.8.0_20-b26
27-Aug-2018 09:12:37.492 INFO [main] org.apache.catalina.startup.VersionLoggerListener.log JVM Vendor:            Oracle Corporation
27-Aug-2018 09:12:37.492 INFO [main] org.apache.catalina.startup.VersionLoggerListener.log CATALINA_BASE:         F:\nginx\projects\apache-tomcat-8.0.20-8080
27-Aug-2018 09:12:37.492 INFO [main] org.apache.catalina.startup.VersionLoggerListener.log CATALINA_HOME:         F:\nginx\projects\apache-tomcat-8.0.20-8080
27-Aug-2018 09:12:37.492 INFO [main] org.apache.catalina.startup.VersionLoggerListener.log Command line argument: -Djava.util.logging.config.file=F:\nginx\projects\apache-tomcat-8.0.20-8080\conf\logging.properties
27-Aug-2018 09:12:37.492 INFO [main] org.apache.catalina.startup.VersionLoggerListener.log Command line argument: -Djava.util.logging.manager=org.apache.juli.ClassLoaderLogManager
27-Aug-2018 09:12:37.507 INFO [main] org.apache.catalina.startup.VersionLoggerListener.log Command line argument: -Djava.endorsed.dirs=F:\nginx\projects\apache-tomcat-8.0.20-8080\endorsed
27-Aug-2018 09:12:37.507 INFO [main] org.apache.catalina.startup.VersionLoggerListener.log Command line argument: -Dcatalina.base=F:\nginx\projects\apache-tomcat-8.0.20-8080
27-Aug-2018 09:12:37.507 INFO [main] org.apache.catalina.startup.VersionLoggerListener.log Command line argument: -Dcatalina.home=F:\nginx\projects\apache-tomcat-8.0.20-8080
27-Aug-2018 09:12:37.523 INFO [main] org.apache.catalina.startup.VersionLoggerListener.log Command line argument: -Djava.io.tmpdir=F:\nginx\projects\apache-tomcat-8.0.20-8080\temp
27-Aug-2018 09:12:37.523 INFO [main] org.apache.catalina.core.AprLifecycleListener.lifecycleEvent Loaded APR based Apache Tomcat Native library 1.1.32 using APR version 1.5.1.
27-Aug-2018 09:12:37.523 INFO [main] org.apache.catalina.core.AprLifecycleListener.lifecycleEvent APR capabilities: IPv6 [true], sendfile [true], accept filters [false], random [true].
27-Aug-2018 09:12:38.724 INFO [main] org.apache.catalina.core.AprLifecycleListener.initializeSSL OpenSSL successfully initialized (OpenSSL 1.0.1j 15 Oct 2014)
27-Aug-2018 09:12:39.645 INFO [main] org.apache.coyote.AbstractProtocol.init Initializing ProtocolHandler ["http-apr-8080"]
27-Aug-2018 09:12:39.738 INFO [main] org.apache.coyote.AbstractProtocol.init Initializing ProtocolHandler ["ajp-apr-8001"]
27-Aug-2018 09:12:39.754 INFO [main] org.apache.catalina.startup.Catalina.load Initialization processed in 4363 ms
27-Aug-2018 09:12:40.003 INFO [main] org.apache.catalina.core.StandardService.startInternal Starting service Catalina
27-Aug-2018 09:12:40.019 INFO [main] org.apache.catalina.core.StandardEngine.startInternal Starting Servlet Engine: Apache Tomcat/8.0.20
27-Aug-2018 09:12:40.098 INFO [localhost-startStop-1] org.apache.catalina.startup.HostConfig.deployDirectory Deploying web application directory F:\nginx\projects\apache-tomcat-8.0.20-8080\webapps\ROOT
27-Aug-2018 09:12:42.183 INFO [localhost-startStop-1] org.apache.catalina.util.SessionIdGeneratorBase.createSecureRandom Creation of SecureRandom instance for session ID generation using [SHA1PRNG] took [469] milliseconds.
27-Aug-2018 09:12:42.261 INFO [localhost-startStop-1] org.apache.catalina.startup.HostConfig.deployDirectory Deployment of web application directory F:\nginx\projects\apache-tomcat-8.0.20-8080\webapps\ROOT has finished in 2,164 ms
27-Aug-2018 09:12:42.276 INFO [main] org.apache.coyote.AbstractProtocol.start Starting ProtocolHandler ["http-apr-8080"]
27-Aug-2018 09:12:42.307 INFO [main] org.apache.coyote.AbstractProtocol.start Starting ProtocolHandler ["ajp-apr-8001"]
27-Aug-2018 09:12:42.323 INFO [main] org.apache.catalina.startup.Catalina.start Server startup in 2556 ms
27-Aug-2018 09:17:23.649 INFO [main] org.apache.catalina.startup.VersionLoggerListener.log Server version:        Apache Tomcat/8.0.20
27-Aug-2018 09:17:23.653 INFO [main] org.apache.catalina.startup.VersionLoggerListener.log Server built:          Feb 15 2015 18:10:42 UTC
27-Aug-2018 09:17:23.654 INFO [main] org.apache.catalina.startup.VersionLoggerListener.log Server number:         8.0.20.0
27-Aug-2018 09:17:23.655 INFO [main] org.apache.catalina.startup.VersionLoggerListener.log OS Name:               Windows 7
27-Aug-2018 09:17:23.656 INFO [main] org.apache.catalina.startup.VersionLoggerListener.log OS Version:            6.1
27-Aug-2018 09:17:23.657 INFO [main] org.apache.catalina.startup.VersionLoggerListener.log Architecture:          amd64
27-Aug-2018 09:17:23.657 INFO [main] org.apache.catalina.startup.VersionLoggerListener.log Java Home:             D:\Program Files\java\install1.8\jre
27-Aug-2018 09:17:23.658 INFO [main] org.apache.catalina.startup.VersionLoggerListener.log JVM Version:           1.8.0_20-b26
27-Aug-2018 09:17:23.659 INFO [main] org.apache.catalina.startup.VersionLoggerListener.log JVM Vendor:            Oracle Corporation
27-Aug-2018 09:17:23.660 INFO [main] org.apache.catalina.startup.VersionLoggerListener.log CATALINA_BASE:         F:\nginx\projects\apache-tomcat-8.0.20-8080
27-Aug-2018 09:17:23.661 INFO [main] org.apache.catalina.startup.VersionLoggerListener.log CATALINA_HOME:         F:\nginx\projects\apache-tomcat-8.0.20-8080
27-Aug-2018 09:17:23.662 INFO [main] org.apache.catalina.startup.VersionLoggerListener.log Command line argument: -Djava.util.logging.config.file=F:\nginx\projects\apache-tomcat-8.0.20-8080\conf\logging.properties
27-Aug-2018 09:17:23.664 INFO [main] org.apache.catalina.startup.VersionLoggerListener.log Command line argument: -Djava.util.logging.manager=org.apache.juli.ClassLoaderLogManager
27-Aug-2018 09:17:23.667 INFO [main] org.apache.catalina.startup.VersionLoggerListener.log Command line argument: -Djava.endorsed.dirs=F:\nginx\projects\apache-tomcat-8.0.20-8080\endorsed
27-Aug-2018 09:17:23.671 INFO [main] org.apache.catalina.startup.VersionLoggerListener.log Command line argument: -Dcatalina.base=F:\nginx\projects\apache-tomcat-8.0.20-8080
27-Aug-2018 09:17:23.674 INFO [main] org.apache.catalina.startup.VersionLoggerListener.log Command line argument: -Dcatalina.home=F:\nginx\projects\apache-tomcat-8.0.20-8080
27-Aug-2018 09:17:23.676 INFO [main] org.apache.catalina.startup.VersionLoggerListener.log Command line argument: -Djava.io.tmpdir=F:\nginx\projects\apache-tomcat-8.0.20-8080\temp
27-Aug-2018 09:17:23.679 INFO [main] org.apache.catalina.core.AprLifecycleListener.lifecycleEvent Loaded APR based Apache Tomcat Native library 1.1.32 using APR version 1.5.1.
27-Aug-2018 09:17:23.683 INFO [main] org.apache.catalina.core.AprLifecycleListener.lifecycleEvent APR capabilities: IPv6 [true], sendfile [true], accept filters [false], random [true].
27-Aug-2018 09:17:24.869 INFO [main] org.apache.catalina.core.AprLifecycleListener.initializeSSL OpenSSL successfully initialized (OpenSSL 1.0.1j 15 Oct 2014)
27-Aug-2018 09:17:25.349 INFO [main] org.apache.coyote.AbstractProtocol.init Initializing ProtocolHandler ["http-apr-8080"]
27-Aug-2018 09:17:25.398 INFO [main] org.apache.coyote.AbstractProtocol.init Initializing ProtocolHandler ["ajp-apr-8001"]
27-Aug-2018 09:17:25.405 INFO [main] org.apache.catalina.startup.Catalina.load Initialization processed in 3348 ms
27-Aug-2018 09:17:25.525 INFO [main] org.apache.catalina.core.StandardService.startInternal Starting service Catalina
27-Aug-2018 09:17:25.526 INFO [main] org.apache.catalina.core.StandardEngine.startInternal Starting Servlet Engine: Apache Tomcat/8.0.20
27-Aug-2018 09:17:25.629 INFO [localhost-startStop-1] org.apache.catalina.startup.HostConfig.deployWAR Deploying web application archive F:\nginx\projects\apache-tomcat-8.0.20-8080\webapps\repository2018.war
27-Aug-2018 09:18:19.284 INFO [localhost-startStop-1] org.apache.catalina.startup.HostConfig.deployWAR Deployment of web application archive F:\nginx\projects\apache-tomcat-8.0.20-8080\webapps\repository2018.war has finished in 53,651 ms
27-Aug-2018 09:18:19.300 INFO [main] org.apache.coyote.AbstractProtocol.start Starting ProtocolHandler ["http-apr-8080"]
27-Aug-2018 09:18:19.339 INFO [main] org.apache.coyote.AbstractProtocol.start Starting ProtocolHandler ["ajp-apr-8001"]
27-Aug-2018 09:18:19.343 INFO [main] org.apache.catalina.startup.Catalina.start Server startup in 54111 ms
27-Aug-2018 09:49:52.753 INFO [main] org.apache.catalina.core.StandardServer.await A valid shutdown command was received via the shutdown port. Stopping the Server instance.
27-Aug-2018 09:49:52.757 INFO [main] org.apache.coyote.AbstractProtocol.pause Pausing ProtocolHandler ["http-apr-8080"]
27-Aug-2018 09:49:52.814 INFO [main] org.apache.coyote.AbstractProtocol.pause Pausing ProtocolHandler ["ajp-apr-8001"]
27-Aug-2018 09:49:52.869 INFO [main] org.apache.catalina.core.StandardService.stopInternal Stopping service Catalina
27-Aug-2018 09:49:53.769 WARNING [localhost-startStop-2] org.apache.catalina.loader.WebappClassLoaderBase.clearReferencesThreads The web application [repository2018] appears to have started a thread named [org.springframework.data.redis.listener.RedisMessageListenerContainer#0-315] but has failed to stop it. This is very likely to create a memory leak. Stack trace of thread:
 java.lang.Thread.sleep(Native Method)
 org.springframework.data.redis.listener.RedisMessageListenerContainer.sleepBeforeRecoveryAttempt(RedisMessageListenerContainer.java:658)
 org.springframework.data.redis.listener.RedisMessageListenerContainer.handleSubscriptionException(RedisMessageListenerContainer.java:644)
 org.springframework.data.redis.listener.RedisMessageListenerContainer$SubscriptionTask.run(RedisMessageListenerContainer.java:750)
 java.lang.Thread.run(Thread.java:745)
27-Aug-2018 09:49:53.798 INFO [main] org.apache.coyote.AbstractProtocol.stop Stopping ProtocolHandler ["http-apr-8080"]
27-Aug-2018 09:49:53.853 INFO [main] org.apache.coyote.AbstractProtocol.stop Stopping ProtocolHandler ["ajp-apr-8001"]
27-Aug-2018 09:49:53.906 INFO [main] org.apache.coyote.AbstractProtocol.destroy Destroying ProtocolHandler ["http-apr-8080"]
27-Aug-2018 09:49:53.910 INFO [main] org.apache.coyote.AbstractProtocol.destroy Destroying ProtocolHandler ["ajp-apr-8001"]
27-Aug-2018 09:51:11.943 INFO [main] org.apache.catalina.startup.VersionLoggerListener.log Server version:        Apache Tomcat/8.0.20
27-Aug-2018 09:51:11.947 INFO [main] org.apache.catalina.startup.VersionLoggerListener.log Server built:          Feb 15 2015 18:10:42 UTC
27-Aug-2018 09:51:11.948 INFO [main] org.apache.catalina.startup.VersionLoggerListener.log Server number:         8.0.20.0
27-Aug-2018 09:51:11.949 INFO [main] org.apache.catalina.startup.VersionLoggerListener.log OS Name:               Windows 7
27-Aug-2018 09:51:11.950 INFO [main] org.apache.catalina.startup.VersionLoggerListener.log OS Version:            6.1
27-Aug-2018 09:51:11.950 INFO [main] org.apache.catalina.startup.VersionLoggerListener.log Architecture:          amd64
27-Aug-2018 09:51:11.951 INFO [main] org.apache.catalina.startup.VersionLoggerListener.log Java Home:             D:\Program Files\java\install1.8\jre
27-Aug-2018 09:51:11.952 INFO [main] org.apache.catalina.startup.VersionLoggerListener.log JVM Version:           1.8.0_20-b26
27-Aug-2018 09:51:11.953 INFO [main] org.apache.catalina.startup.VersionLoggerListener.log JVM Vendor:            Oracle Corporation
27-Aug-2018 09:51:11.953 INFO [main] org.apache.catalina.startup.VersionLoggerListener.log CATALINA_BASE:         F:\nginx\projects\apache-tomcat-8.0.20-8080
27-Aug-2018 09:51:11.954 INFO [main] org.apache.catalina.startup.VersionLoggerListener.log CATALINA_HOME:         F:\nginx\projects\apache-tomcat-8.0.20-8080
27-Aug-2018 09:51:11.956 INFO [main] org.apache.catalina.startup.VersionLoggerListener.log Command line argument: -Djava.util.logging.config.file=F:\nginx\projects\apache-tomcat-8.0.20-8080\conf\logging.properties
27-Aug-2018 09:51:11.958 INFO [main] org.apache.catalina.startup.VersionLoggerListener.log Command line argument: -Djava.util.logging.manager=org.apache.juli.ClassLoaderLogManager
27-Aug-2018 09:51:11.960 INFO [main] org.apache.catalina.startup.VersionLoggerListener.log Command line argument: -Djava.endorsed.dirs=F:\nginx\projects\apache-tomcat-8.0.20-8080\endorsed
27-Aug-2018 09:51:11.963 INFO [main] org.apache.catalina.startup.VersionLoggerListener.log Command line argument: -Dcatalina.base=F:\nginx\projects\apache-tomcat-8.0.20-8080
27-Aug-2018 09:51:11.965 INFO [main] org.apache.catalina.startup.VersionLoggerListener.log Command line argument: -Dcatalina.home=F:\nginx\projects\apache-tomcat-8.0.20-8080
27-Aug-2018 09:51:11.967 INFO [main] org.apache.catalina.startup.VersionLoggerListener.log Command line argument: -Djava.io.tmpdir=F:\nginx\projects\apache-tomcat-8.0.20-8080\temp
27-Aug-2018 09:51:11.970 INFO [main] org.apache.catalina.core.AprLifecycleListener.lifecycleEvent Loaded APR based Apache Tomcat Native library 1.1.32 using APR version 1.5.1.
27-Aug-2018 09:51:11.973 INFO [main] org.apache.catalina.core.AprLifecycleListener.lifecycleEvent APR capabilities: IPv6 [true], sendfile [true], accept filters [false], random [true].
27-Aug-2018 09:51:13.161 INFO [main] org.apache.catalina.core.AprLifecycleListener.initializeSSL OpenSSL successfully initialized (OpenSSL 1.0.1j 15 Oct 2014)
27-Aug-2018 09:51:13.656 INFO [main] org.apache.coyote.AbstractProtocol.init Initializing ProtocolHandler ["http-apr-8080"]
27-Aug-2018 09:51:13.699 INFO [main] org.apache.coyote.AbstractProtocol.init Initializing ProtocolHandler ["ajp-apr-8001"]
27-Aug-2018 09:51:13.706 INFO [main] org.apache.catalina.startup.Catalina.load Initialization processed in 3308 ms
27-Aug-2018 09:51:13.831 INFO [main] org.apache.catalina.core.StandardService.startInternal Starting service Catalina
27-Aug-2018 09:51:13.836 INFO [main] org.apache.catalina.core.StandardEngine.startInternal Starting Servlet Engine: Apache Tomcat/8.0.20
27-Aug-2018 09:51:13.929 INFO [localhost-startStop-1] org.apache.catalina.startup.HostConfig.deployDirectory Deploying web application directory F:\nginx\projects\apache-tomcat-8.0.20-8080\webapps\ROOT
27-Aug-2018 09:51:15.794 INFO [localhost-startStop-1] org.apache.catalina.util.SessionIdGeneratorBase.createSecureRandom Creation of SecureRandom instance for session ID generation using [SHA1PRNG] took [420] milliseconds.
27-Aug-2018 09:51:15.867 INFO [localhost-startStop-1] org.apache.catalina.startup.HostConfig.deployDirectory Deployment of web application directory F:\nginx\projects\apache-tomcat-8.0.20-8080\webapps\ROOT has finished in 1,942 ms
27-Aug-2018 09:51:15.876 INFO [main] org.apache.coyote.AbstractProtocol.start Starting ProtocolHandler ["http-apr-8080"]
27-Aug-2018 09:51:15.900 INFO [main] org.apache.coyote.AbstractProtocol.start Starting ProtocolHandler ["ajp-apr-8001"]
27-Aug-2018 09:51:15.904 INFO [main] org.apache.catalina.startup.Catalina.start Server startup in 2202 ms
27-Aug-2018 11:34:09.167 INFO [main] org.apache.catalina.core.StandardServer.await A valid shutdown command was received via the shutdown port. Stopping the Server instance.
27-Aug-2018 11:34:09.177 INFO [main] org.apache.coyote.AbstractProtocol.pause Pausing ProtocolHandler ["http-apr-8080"]
27-Aug-2018 11:34:09.251 INFO [main] org.apache.coyote.AbstractProtocol.pause Pausing ProtocolHandler ["ajp-apr-8001"]
27-Aug-2018 11:34:09.305 INFO [main] org.apache.catalina.core.StandardService.stopInternal Stopping service Catalina
27-Aug-2018 11:34:09.372 INFO [main] org.apache.coyote.AbstractProtocol.stop Stopping ProtocolHandler ["http-apr-8080"]
27-Aug-2018 11:34:09.430 INFO [main] org.apache.coyote.AbstractProtocol.stop Stopping ProtocolHandler ["ajp-apr-8001"]
27-Aug-2018 11:34:09.483 INFO [main] org.apache.coyote.AbstractProtocol.destroy Destroying ProtocolHandler ["http-apr-8080"]
27-Aug-2018 11:34:09.485 INFO [main] org.apache.coyote.AbstractProtocol.destroy Destroying ProtocolHandler ["ajp-apr-8001"]
27-Aug-2018 11:34:22.166 INFO [main] org.apache.catalina.startup.VersionLoggerListener.log Server version:        Apache Tomcat/8.0.20
27-Aug-2018 11:34:22.173 INFO [main] org.apache.catalina.startup.VersionLoggerListener.log Server built:          Feb 15 2015 18:10:42 UTC
27-Aug-2018 11:34:22.175 INFO [main] org.apache.catalina.startup.VersionLoggerListener.log Server number:         8.0.20.0
27-Aug-2018 11:34:22.176 INFO [main] org.apache.catalina.startup.VersionLoggerListener.log OS Name:               Windows 7
27-Aug-2018 11:34:22.178 INFO [main] org.apache.catalina.startup.VersionLoggerListener.log OS Version:            6.1
27-Aug-2018 11:34:22.179 INFO [main] org.apache.catalina.startup.VersionLoggerListener.log Architecture:          amd64
27-Aug-2018 11:34:22.180 INFO [main] org.apache.catalina.startup.VersionLoggerListener.log Java Home:             D:\Program Files\java\install1.8\jre
27-Aug-2018 11:34:22.181 INFO [main] org.apache.catalina.startup.VersionLoggerListener.log JVM Version:           1.8.0_20-b26
27-Aug-2018 11:34:22.182 INFO [main] org.apache.catalina.startup.VersionLoggerListener.log JVM Vendor:            Oracle Corporation
27-Aug-2018 11:34:22.184 INFO [main] org.apache.catalina.startup.VersionLoggerListener.log CATALINA_BASE:         F:\nginx\projects\apache-tomcat-8.0.20-8080
27-Aug-2018 11:34:22.185 INFO [main] org.apache.catalina.startup.VersionLoggerListener.log CATALINA_HOME:         F:\nginx\projects\apache-tomcat-8.0.20-8080
27-Aug-2018 11:34:22.188 INFO [main] org.apache.catalina.startup.VersionLoggerListener.log Command line argument: -Djava.util.logging.config.file=F:\nginx\projects\apache-tomcat-8.0.20-8080\conf\logging.properties
27-Aug-2018 11:34:22.190 INFO [main] org.apache.catalina.startup.VersionLoggerListener.log Command line argument: -Djava.util.logging.manager=org.apache.juli.ClassLoaderLogManager
27-Aug-2018 11:34:22.196 INFO [main] org.apache.catalina.startup.VersionLoggerListener.log Command line argument: -Djava.endorsed.dirs=F:\nginx\projects\apache-tomcat-8.0.20-8080\endorsed
27-Aug-2018 11:34:22.198 INFO [main] org.apache.catalina.startup.VersionLoggerListener.log Command line argument: -Dcatalina.base=F:\nginx\projects\apache-tomcat-8.0.20-8080
27-Aug-2018 11:34:22.201 INFO [main] org.apache.catalina.startup.VersionLoggerListener.log Command line argument: -Dcatalina.home=F:\nginx\projects\apache-tomcat-8.0.20-8080
27-Aug-2018 11:34:22.204 INFO [main] org.apache.catalina.startup.VersionLoggerListener.log Command line argument: -Djava.io.tmpdir=F:\nginx\projects\apache-tomcat-8.0.20-8080\temp
27-Aug-2018 11:34:22.207 INFO [main] org.apache.catalina.core.AprLifecycleListener.lifecycleEvent Loaded APR based Apache Tomcat Native library 1.1.32 using APR version 1.5.1.
27-Aug-2018 11:34:22.210 INFO [main] org.apache.catalina.core.AprLifecycleListener.lifecycleEvent APR capabilities: IPv6 [true], sendfile [true], accept filters [false], random [true].
27-Aug-2018 11:34:23.472 INFO [main] org.apache.catalina.core.AprLifecycleListener.initializeSSL OpenSSL successfully initialized (OpenSSL 1.0.1j 15 Oct 2014)
27-Aug-2018 11:34:24.315 INFO [main] org.apache.coyote.AbstractProtocol.init Initializing ProtocolHandler ["http-apr-8080"]
27-Aug-2018 11:34:24.520 INFO [main] org.apache.coyote.AbstractProtocol.init Initializing ProtocolHandler ["ajp-apr-8001"]
27-Aug-2018 11:34:24.526 INFO [main] org.apache.catalina.startup.Catalina.load Initialization processed in 4271 ms
27-Aug-2018 11:34:24.950 INFO [main] org.apache.catalina.core.StandardService.startInternal Starting service Catalina
27-Aug-2018 11:34:24.958 INFO [main] org.apache.catalina.core.StandardEngine.startInternal Starting Servlet Engine: Apache Tomcat/8.0.20
27-Aug-2018 11:34:25.088 INFO [localhost-startStop-1] org.apache.catalina.startup.HostConfig.deployDirectory Deploying web application directory F:\nginx\projects\apache-tomcat-8.0.20-8080\webapps\ROOT1
27-Aug-2018 11:34:26.933 INFO [localhost-startStop-1] org.apache.catalina.util.SessionIdGeneratorBase.createSecureRandom Creation of SecureRandom instance for session ID generation using [SHA1PRNG] took [606] milliseconds.
27-Aug-2018 11:34:27.033 INFO [localhost-startStop-1] org.apache.catalina.startup.HostConfig.deployDirectory Deployment of web application directory F:\nginx\projects\apache-tomcat-8.0.20-8080\webapps\ROOT1 has finished in 1,945 ms
27-Aug-2018 11:34:27.150 INFO [main] org.apache.coyote.AbstractProtocol.start Starting ProtocolHandler ["http-apr-8080"]
27-Aug-2018 11:34:27.190 INFO [main] org.apache.coyote.AbstractProtocol.start Starting ProtocolHandler ["ajp-apr-8001"]
27-Aug-2018 11:34:27.194 INFO [main] org.apache.catalina.startup.Catalina.start Server startup in 2615 ms
27-Aug-2018 13:51:53.456 INFO [main] org.apache.catalina.startup.VersionLoggerListener.log Server version:        Apache Tomcat/8.0.20
27-Aug-2018 13:51:53.462 INFO [main] org.apache.catalina.startup.VersionLoggerListener.log Server built:          Feb 15 2015 18:10:42 UTC
27-Aug-2018 13:51:53.463 INFO [main] org.apache.catalina.startup.VersionLoggerListener.log Server number:         8.0.20.0
27-Aug-2018 13:51:53.464 INFO [main] org.apache.catalina.startup.VersionLoggerListener.log OS Name:               Windows 7
27-Aug-2018 13:51:53.465 INFO [main] org.apache.catalina.startup.VersionLoggerListener.log OS Version:            6.1
27-Aug-2018 13:51:53.466 INFO [main] org.apache.catalina.startup.VersionLoggerListener.log Architecture:          amd64
27-Aug-2018 13:51:53.467 INFO [main] org.apache.catalina.startup.VersionLoggerListener.log Java Home:             D:\Program Files\java\install1.8\jre
27-Aug-2018 13:51:53.468 INFO [main] org.apache.catalina.startup.VersionLoggerListener.log JVM Version:           1.8.0_20-b26
27-Aug-2018 13:51:53.469 INFO [main] org.apache.catalina.startup.VersionLoggerListener.log JVM Vendor:            Oracle Corporation
27-Aug-2018 13:51:53.469 INFO [main] org.apache.catalina.startup.VersionLoggerListener.log CATALINA_BASE:         F:\nginx\projects\apache-tomcat-8.0.20-8080
27-Aug-2018 13:51:53.470 INFO [main] org.apache.catalina.startup.VersionLoggerListener.log CATALINA_HOME:         F:\nginx\projects\apache-tomcat-8.0.20-8080
27-Aug-2018 13:51:53.473 INFO [main] org.apache.catalina.startup.VersionLoggerListener.log Command line argument: -Djava.util.logging.config.file=F:\nginx\projects\apache-tomcat-8.0.20-8080\conf\logging.properties
27-Aug-2018 13:51:53.476 INFO [main] org.apache.catalina.startup.VersionLoggerListener.log Command line argument: -Djava.util.logging.manager=org.apache.juli.ClassLoaderLogManager
27-Aug-2018 13:51:53.482 INFO [main] org.apache.catalina.startup.VersionLoggerListener.log Command line argument: -Djava.endorsed.dirs=F:\nginx\projects\apache-tomcat-8.0.20-8080\endorsed
27-Aug-2018 13:51:53.487 INFO [main] org.apache.catalina.startup.VersionLoggerListener.log Command line argument: -Dcatalina.base=F:\nginx\projects\apache-tomcat-8.0.20-8080
27-Aug-2018 13:51:53.492 INFO [main] org.apache.catalina.startup.VersionLoggerListener.log Command line argument: -Dcatalina.home=F:\nginx\projects\apache-tomcat-8.0.20-8080
27-Aug-2018 13:51:53.495 INFO [main] org.apache.catalina.startup.VersionLoggerListener.log Command line argument: -Djava.io.tmpdir=F:\nginx\projects\apache-tomcat-8.0.20-8080\temp
27-Aug-2018 13:51:53.498 INFO [main] org.apache.catalina.core.AprLifecycleListener.lifecycleEvent Loaded APR based Apache Tomcat Native library 1.1.32 using APR version 1.5.1.
27-Aug-2018 13:51:53.501 INFO [main] org.apache.catalina.core.AprLifecycleListener.lifecycleEvent APR capabilities: IPv6 [true], sendfile [true], accept filters [false], random [true].
27-Aug-2018 13:51:54.888 INFO [main] org.apache.catalina.core.AprLifecycleListener.initializeSSL OpenSSL successfully initialized (OpenSSL 1.0.1j 15 Oct 2014)
27-Aug-2018 13:51:55.630 INFO [main] org.apache.coyote.AbstractProtocol.init Initializing ProtocolHandler ["http-apr-8080"]
27-Aug-2018 13:51:55.673 INFO [main] org.apache.coyote.AbstractProtocol.init Initializing ProtocolHandler ["ajp-apr-8001"]
27-Aug-2018 13:51:55.680 INFO [main] org.apache.catalina.startup.Catalina.load Initialization processed in 4220 ms
27-Aug-2018 13:51:55.828 INFO [main] org.apache.catalina.core.StandardService.startInternal Starting service Catalina
27-Aug-2018 13:51:55.830 INFO [main] org.apache.catalina.core.StandardEngine.startInternal Starting Servlet Engine: Apache Tomcat/8.0.20
27-Aug-2018 13:51:55.887 INFO [localhost-startStop-1] org.apache.catalina.startup.HostConfig.deployDirectory Deploying web application directory F:\nginx\projects\apache-tomcat-8.0.20-8080\webapps\javawebsimple
27-Aug-2018 13:51:58.094 INFO [localhost-startStop-1] org.apache.catalina.util.SessionIdGeneratorBase.createSecureRandom Creation of SecureRandom instance for session ID generation using [SHA1PRNG] took [667] milliseconds.
27-Aug-2018 13:51:58.170 INFO [localhost-startStop-1] org.apache.catalina.startup.HostConfig.deployDirectory Deployment of web application directory F:\nginx\projects\apache-tomcat-8.0.20-8080\webapps\javawebsimple has finished in 2,282 ms
27-Aug-2018 13:51:58.188 INFO [main] org.apache.coyote.AbstractProtocol.start Starting ProtocolHandler ["http-apr-8080"]
27-Aug-2018 13:51:58.219 INFO [main] org.apache.coyote.AbstractProtocol.start Starting ProtocolHandler ["ajp-apr-8001"]
27-Aug-2018 13:51:58.224 INFO [main] org.apache.catalina.startup.Catalina.start Server startup in 2545 ms
27-Aug-2018 14:52:34.614 INFO [ContainerBackgroundProcessor[StandardEngine[Catalina]]] org.apache.catalina.startup.HostConfig.undeploy Undeploying context [/javawebsimple]
27-Aug-2018 14:52:34.754 INFO [localhost-startStop-2] org.apache.catalina.startup.HostConfig.deployDirectory Deploying web application directory F:\nginx\projects\apache-tomcat-8.0.20-8080\webapps\ROOT
27-Aug-2018 14:52:34.888 INFO [localhost-startStop-2] org.apache.catalina.startup.HostConfig.deployDirectory Deployment of web application directory F:\nginx\projects\apache-tomcat-8.0.20-8080\webapps\ROOT has finished in 133 ms
27-Aug-2018 14:52:37.620 INFO [main] org.apache.catalina.core.StandardServer.await A valid shutdown command was received via the shutdown port. Stopping the Server instance.
27-Aug-2018 14:52:37.625 INFO [main] org.apache.coyote.AbstractProtocol.pause Pausing ProtocolHandler ["http-apr-8080"]
27-Aug-2018 14:52:37.640 INFO [main] org.apache.coyote.AbstractProtocol.pause Pausing ProtocolHandler ["ajp-apr-8001"]
27-Aug-2018 14:52:37.693 INFO [main] org.apache.catalina.core.StandardService.stopInternal Stopping service Catalina
27-Aug-2018 14:52:37.715 INFO [main] org.apache.coyote.AbstractProtocol.stop Stopping ProtocolHandler ["http-apr-8080"]
27-Aug-2018 14:52:37.773 INFO [main] org.apache.coyote.AbstractProtocol.stop Stopping ProtocolHandler ["ajp-apr-8001"]
27-Aug-2018 14:52:37.827 INFO [main] org.apache.coyote.AbstractProtocol.destroy Destroying ProtocolHandler ["http-apr-8080"]
27-Aug-2018 14:52:37.830 INFO [main] org.apache.coyote.AbstractProtocol.destroy Destroying ProtocolHandler ["ajp-apr-8001"]
27-Aug-2018 14:52:42.656 INFO [main] org.apache.catalina.startup.VersionLoggerListener.log Server version:        Apache Tomcat/8.0.20
27-Aug-2018 14:52:42.663 INFO [main] org.apache.catalina.startup.VersionLoggerListener.log Server built:          Feb 15 2015 18:10:42 UTC
27-Aug-2018 14:52:42.666 INFO [main] org.apache.catalina.startup.VersionLoggerListener.log Server number:         8.0.20.0
27-Aug-2018 14:52:42.671 INFO [main] org.apache.catalina.startup.VersionLoggerListener.log OS Name:               Windows 7
27-Aug-2018 14:52:42.680 INFO [main] org.apache.catalina.startup.VersionLoggerListener.log OS Version:            6.1
27-Aug-2018 14:52:42.681 INFO [main] org.apache.catalina.startup.VersionLoggerListener.log Architecture:          amd64
27-Aug-2018 14:52:42.683 INFO [main] org.apache.catalina.startup.VersionLoggerListener.log Java Home:             D:\Program Files\java\install1.8\jre
27-Aug-2018 14:52:42.684 INFO [main] org.apache.catalina.startup.VersionLoggerListener.log JVM Version:           1.8.0_20-b26
27-Aug-2018 14:52:42.685 INFO [main] org.apache.catalina.startup.VersionLoggerListener.log JVM Vendor:            Oracle Corporation
27-Aug-2018 14:52:42.686 INFO [main] org.apache.catalina.startup.VersionLoggerListener.log CATALINA_BASE:         F:\nginx\projects\apache-tomcat-8.0.20-8080
27-Aug-2018 14:52:42.687 INFO [main] org.apache.catalina.startup.VersionLoggerListener.log CATALINA_HOME:         F:\nginx\projects\apache-tomcat-8.0.20-8080
27-Aug-2018 14:52:42.690 INFO [main] org.apache.catalina.startup.VersionLoggerListener.log Command line argument: -Djava.util.logging.config.file=F:\nginx\projects\apache-tomcat-8.0.20-8080\conf\logging.properties
27-Aug-2018 14:52:42.693 INFO [main] org.apache.catalina.startup.VersionLoggerListener.log Command line argument: -Djava.util.logging.manager=org.apache.juli.ClassLoaderLogManager
27-Aug-2018 14:52:42.698 INFO [main] org.apache.catalina.startup.VersionLoggerListener.log Command line argument: -Djava.endorsed.dirs=F:\nginx\projects\apache-tomcat-8.0.20-8080\endorsed
27-Aug-2018 14:52:42.705 INFO [main] org.apache.catalina.startup.VersionLoggerListener.log Command line argument: -Dcatalina.base=F:\nginx\projects\apache-tomcat-8.0.20-8080
27-Aug-2018 14:52:42.718 INFO [main] org.apache.catalina.startup.VersionLoggerListener.log Command line argument: -Dcatalina.home=F:\nginx\projects\apache-tomcat-8.0.20-8080
27-Aug-2018 14:52:42.721 INFO [main] org.apache.catalina.startup.VersionLoggerListener.log Command line argument: -Djava.io.tmpdir=F:\nginx\projects\apache-tomcat-8.0.20-8080\temp
27-Aug-2018 14:52:42.725 INFO [main] org.apache.catalina.core.AprLifecycleListener.lifecycleEvent Loaded APR based Apache Tomcat Native library 1.1.32 using APR version 1.5.1.
27-Aug-2018 14:52:42.727 INFO [main] org.apache.catalina.core.AprLifecycleListener.lifecycleEvent APR capabilities: IPv6 [true], sendfile [true], accept filters [false], random [true].
27-Aug-2018 14:52:43.981 INFO [main] org.apache.catalina.core.AprLifecycleListener.initializeSSL OpenSSL successfully initialized (OpenSSL 1.0.1j 15 Oct 2014)
27-Aug-2018 14:52:44.625 INFO [main] org.apache.coyote.AbstractProtocol.init Initializing ProtocolHandler ["http-apr-8080"]
27-Aug-2018 14:52:44.692 INFO [main] org.apache.coyote.AbstractProtocol.init Initializing ProtocolHandler ["ajp-apr-8001"]
27-Aug-2018 14:52:44.703 INFO [main] org.apache.catalina.startup.Catalina.load Initialization processed in 3828 ms
27-Aug-2018 14:52:44.864 INFO [main] org.apache.catalina.core.StandardService.startInternal Starting service Catalina
27-Aug-2018 14:52:44.867 INFO [main] org.apache.catalina.core.StandardEngine.startInternal Starting Servlet Engine: Apache Tomcat/8.0.20
27-Aug-2018 14:52:44.919 INFO [localhost-startStop-1] org.apache.catalina.startup.HostConfig.deployDirectory Deploying web application directory F:\nginx\projects\apache-tomcat-8.0.20-8080\webapps\ROOT
27-Aug-2018 14:52:46.574 INFO [localhost-startStop-1] org.apache.catalina.util.SessionIdGeneratorBase.createSecureRandom Creation of SecureRandom instance for session ID generation using [SHA1PRNG] took [399] milliseconds.
27-Aug-2018 14:52:46.655 INFO [localhost-startStop-1] org.apache.catalina.startup.HostConfig.deployDirectory Deployment of web application directory F:\nginx\projects\apache-tomcat-8.0.20-8080\webapps\ROOT has finished in 1,735 ms
27-Aug-2018 14:52:46.669 INFO [main] org.apache.coyote.AbstractProtocol.start Starting ProtocolHandler ["http-apr-8080"]
27-Aug-2018 14:52:46.703 INFO [main] org.apache.coyote.AbstractProtocol.start Starting ProtocolHandler ["ajp-apr-8001"]
27-Aug-2018 14:52:46.710 INFO [main] org.apache.catalina.startup.Catalina.start Server startup in 2009 ms
27-Aug-2018 15:03:57.647 INFO [ContainerBackgroundProcessor[StandardEngine[Catalina]]] org.apache.catalina.startup.HostConfig.undeploy Undeploying context []
27-Aug-2018 15:04:43.399 INFO [main] org.apache.catalina.startup.VersionLoggerListener.log Server version:        Apache Tomcat/8.0.20
27-Aug-2018 15:04:43.404 INFO [main] org.apache.catalina.startup.VersionLoggerListener.log Server built:          Feb 15 2015 18:10:42 UTC
27-Aug-2018 15:04:43.405 INFO [main] org.apache.catalina.startup.VersionLoggerListener.log Server number:         8.0.20.0
27-Aug-2018 15:04:43.406 INFO [main] org.apache.catalina.startup.VersionLoggerListener.log OS Name:               Windows 7
27-Aug-2018 15:04:43.407 INFO [main] org.apache.catalina.startup.VersionLoggerListener.log OS Version:            6.1
27-Aug-2018 15:04:43.408 INFO [main] org.apache.catalina.startup.VersionLoggerListener.log Architecture:          amd64
27-Aug-2018 15:04:43.408 INFO [main] org.apache.catalina.startup.VersionLoggerListener.log Java Home:             D:\Program Files\java\install1.8\jre
27-Aug-2018 15:04:43.409 INFO [main] org.apache.catalina.startup.VersionLoggerListener.log JVM Version:           1.8.0_20-b26
27-Aug-2018 15:04:43.410 INFO [main] org.apache.catalina.startup.VersionLoggerListener.log JVM Vendor:            Oracle Corporation
27-Aug-2018 15:04:43.411 INFO [main] org.apache.catalina.startup.VersionLoggerListener.log CATALINA_BASE:         F:\nginx\projects\apache-tomcat-8.0.20-8080
27-Aug-2018 15:04:43.412 INFO [main] org.apache.catalina.startup.VersionLoggerListener.log CATALINA_HOME:         F:\nginx\projects\apache-tomcat-8.0.20-8080
27-Aug-2018 15:04:43.414 INFO [main] org.apache.catalina.startup.VersionLoggerListener.log Command line argument: -Djava.util.logging.config.file=F:\nginx\projects\apache-tomcat-8.0.20-8080\conf\logging.properties
27-Aug-2018 15:04:43.416 INFO [main] org.apache.catalina.startup.VersionLoggerListener.log Command line argument: -Djava.util.logging.manager=org.apache.juli.ClassLoaderLogManager
27-Aug-2018 15:04:43.419 INFO [main] org.apache.catalina.startup.VersionLoggerListener.log Command line argument: -Djava.endorsed.dirs=F:\nginx\projects\apache-tomcat-8.0.20-8080\endorsed
27-Aug-2018 15:04:43.421 INFO [main] org.apache.catalina.startup.VersionLoggerListener.log Command line argument: -Dcatalina.base=F:\nginx\projects\apache-tomcat-8.0.20-8080
27-Aug-2018 15:04:43.425 INFO [main] org.apache.catalina.startup.VersionLoggerListener.log Command line argument: -Dcatalina.home=F:\nginx\projects\apache-tomcat-8.0.20-8080
27-Aug-2018 15:04:43.429 INFO [main] org.apache.catalina.startup.VersionLoggerListener.log Command line argument: -Djava.io.tmpdir=F:\nginx\projects\apache-tomcat-8.0.20-8080\temp
27-Aug-2018 15:04:43.433 INFO [main] org.apache.catalina.core.AprLifecycleListener.lifecycleEvent Loaded APR based Apache Tomcat Native library 1.1.32 using APR version 1.5.1.
27-Aug-2018 15:04:43.436 INFO [main] org.apache.catalina.core.AprLifecycleListener.lifecycleEvent APR capabilities: IPv6 [true], sendfile [true], accept filters [false], random [true].
27-Aug-2018 15:04:44.671 INFO [main] org.apache.catalina.core.AprLifecycleListener.initializeSSL OpenSSL successfully initialized (OpenSSL 1.0.1j 15 Oct 2014)
27-Aug-2018 15:04:45.198 INFO [main] org.apache.coyote.AbstractProtocol.init Initializing ProtocolHandler ["http-apr-8080"]
27-Aug-2018 15:04:45.245 INFO [main] org.apache.coyote.AbstractProtocol.init Initializing ProtocolHandler ["ajp-apr-8001"]
27-Aug-2018 15:04:45.252 INFO [main] org.apache.catalina.startup.Catalina.load Initialization processed in 3596 ms
27-Aug-2018 15:04:45.394 INFO [main] org.apache.catalina.core.StandardService.startInternal Starting service Catalina
27-Aug-2018 15:04:45.397 INFO [main] org.apache.catalina.core.StandardEngine.startInternal Starting Servlet Engine: Apache Tomcat/8.0.20
27-Aug-2018 15:04:45.453 INFO [localhost-startStop-1] org.apache.catalina.startup.HostConfig.deployDirectory Deploying web application directory F:\nginx\projects\apache-tomcat-8.0.20-8080\webapps\ROOT
27-Aug-2018 15:04:47.013 INFO [localhost-startStop-1] org.apache.catalina.util.SessionIdGeneratorBase.createSecureRandom Creation of SecureRandom instance for session ID generation using [SHA1PRNG] took [406] milliseconds.
27-Aug-2018 15:04:47.084 INFO [localhost-startStop-1] org.apache.catalina.startup.HostConfig.deployDirectory Deployment of web application directory F:\nginx\projects\apache-tomcat-8.0.20-8080\webapps\ROOT has finished in 1,630 ms
27-Aug-2018 15:04:47.105 INFO [main] org.apache.coyote.AbstractProtocol.start Starting ProtocolHandler ["http-apr-8080"]
27-Aug-2018 15:04:47.135 INFO [main] org.apache.coyote.AbstractProtocol.start Starting ProtocolHandler ["ajp-apr-8001"]
27-Aug-2018 15:04:47.140 INFO [main] org.apache.catalina.startup.Catalina.start Server startup in 1890 ms
27-Aug-2018 15:45:30.443 INFO [main] org.apache.catalina.startup.VersionLoggerListener.log Server version:        Apache Tomcat/8.0.20
27-Aug-2018 15:45:30.448 INFO [main] org.apache.catalina.startup.VersionLoggerListener.log Server built:          Feb 15 2015 18:10:42 UTC
27-Aug-2018 15:45:30.449 INFO [main] org.apache.catalina.startup.VersionLoggerListener.log Server number:         8.0.20.0
27-Aug-2018 15:45:30.450 INFO [main] org.apache.catalina.startup.VersionLoggerListener.log OS Name:               Windows 7
27-Aug-2018 15:45:30.451 INFO [main] org.apache.catalina.startup.VersionLoggerListener.log OS Version:            6.1
27-Aug-2018 15:45:30.452 INFO [main] org.apache.catalina.startup.VersionLoggerListener.log Architecture:          amd64
27-Aug-2018 15:45:30.453 INFO [main] org.apache.catalina.startup.VersionLoggerListener.log Java Home:             D:\Program Files\java\install1.8\jre
27-Aug-2018 15:45:30.454 INFO [main] org.apache.catalina.startup.VersionLoggerListener.log JVM Version:           1.8.0_20-b26
27-Aug-2018 15:45:30.455 INFO [main] org.apache.catalina.startup.VersionLoggerListener.log JVM Vendor:            Oracle Corporation
27-Aug-2018 15:45:30.455 INFO [main] org.apache.catalina.startup.VersionLoggerListener.log CATALINA_BASE:         F:\nginx\projects\apache-tomcat-8.0.20-8080
27-Aug-2018 15:45:30.457 INFO [main] org.apache.catalina.startup.VersionLoggerListener.log CATALINA_HOME:         F:\nginx\projects\apache-tomcat-8.0.20-8080
27-Aug-2018 15:45:30.458 INFO [main] org.apache.catalina.startup.VersionLoggerListener.log Command line argument: -Djava.util.logging.config.file=F:\nginx\projects\apache-tomcat-8.0.20-8080\conf\logging.properties
27-Aug-2018 15:45:30.460 INFO [main] org.apache.catalina.startup.VersionLoggerListener.log Command line argument: -Djava.util.logging.manager=org.apache.juli.ClassLoaderLogManager
27-Aug-2018 15:45:30.463 INFO [main] org.apache.catalina.startup.VersionLoggerListener.log Command line argument: -Djava.endorsed.dirs=F:\nginx\projects\apache-tomcat-8.0.20-8080\endorsed
27-Aug-2018 15:45:30.467 INFO [main] org.apache.catalina.startup.VersionLoggerListener.log Command line argument: -Dcatalina.base=F:\nginx\projects\apache-tomcat-8.0.20-8080
27-Aug-2018 15:45:30.470 INFO [main] org.apache.catalina.startup.VersionLoggerListener.log Command line argument: -Dcatalina.home=F:\nginx\projects\apache-tomcat-8.0.20-8080
27-Aug-2018 15:45:30.472 INFO [main] org.apache.catalina.startup.VersionLoggerListener.log Command line argument: -Djava.io.tmpdir=F:\nginx\projects\apache-tomcat-8.0.20-8080\temp
27-Aug-2018 15:45:30.475 INFO [main] org.apache.catalina.core.AprLifecycleListener.lifecycleEvent Loaded APR based Apache Tomcat Native library 1.1.32 using APR version 1.5.1.
27-Aug-2018 15:45:30.477 INFO [main] org.apache.catalina.core.AprLifecycleListener.lifecycleEvent APR capabilities: IPv6 [true], sendfile [true], accept filters [false], random [true].
27-Aug-2018 15:45:31.675 INFO [main] org.apache.catalina.core.AprLifecycleListener.initializeSSL OpenSSL successfully initialized (OpenSSL 1.0.1j 15 Oct 2014)
27-Aug-2018 15:45:32.170 INFO [main] org.apache.coyote.AbstractProtocol.init Initializing ProtocolHandler ["http-apr-8080"]
27-Aug-2018 15:45:32.211 SEVERE [main] org.apache.coyote.AbstractProtocol.init Failed to initialize end point associated with ProtocolHandler ["http-apr-8080"]
 java.lang.Exception: Socket bind failed: [730048] ?????????б┴???(з┐?иж/???????/???)????ик??
	at org.apache.tomcat.util.net.AprEndpoint.bind(AprEndpoint.java:459)
	at org.apache.tomcat.util.net.AbstractEndpoint.init(AbstractEndpoint.java:732)
	at org.apache.coyote.AbstractProtocol.init(AbstractProtocol.java:457)
	at org.apache.catalina.connector.Connector.initInternal(Connector.java:960)
	at org.apache.catalina.util.LifecycleBase.init(LifecycleBase.java:102)
	at org.apache.catalina.core.StandardService.initInternal(StandardService.java:567)
	at org.apache.catalina.util.LifecycleBase.init(LifecycleBase.java:102)
	at org.apache.catalina.core.StandardServer.initInternal(StandardServer.java:851)
	at org.apache.catalina.util.LifecycleBase.init(LifecycleBase.java:102)
	at org.apache.catalina.startup.Catalina.load(Catalina.java:576)
	at org.apache.catalina.startup.Catalina.load(Catalina.java:599)
	at sun.reflect.NativeMethodAccessorImpl.invoke0(Native Method)
	at sun.reflect.NativeMethodAccessorImpl.invoke(NativeMethodAccessorImpl.java:62)
	at sun.reflect.DelegatingMethodAccessorImpl.invoke(DelegatingMethodAccessorImpl.java:43)
	at java.lang.reflect.Method.invoke(Method.java:483)
	at org.apache.catalina.startup.Bootstrap.load(Bootstrap.java:310)
	at org.apache.catalina.startup.Bootstrap.main(Bootstrap.java:484)

27-Aug-2018 15:45:32.238 SEVERE [main] org.apache.catalina.core.StandardService.initInternal Failed to initialize connector [Connector[HTTP/1.1-8080]]
 org.apache.catalina.LifecycleException: Failed to initialize component [Connector[HTTP/1.1-8080]]
	at org.apache.catalina.util.LifecycleBase.init(LifecycleBase.java:106)
	at org.apache.catalina.core.StandardService.initInternal(StandardService.java:567)
	at org.apache.catalina.util.LifecycleBase.init(LifecycleBase.java:102)
	at org.apache.catalina.core.StandardServer.initInternal(StandardServer.java:851)
	at org.apache.catalina.util.LifecycleBase.init(LifecycleBase.java:102)
	at org.apache.catalina.startup.Catalina.load(Catalina.java:576)
	at org.apache.catalina.startup.Catalina.load(Catalina.java:599)
	at sun.reflect.NativeMethodAccessorImpl.invoke0(Native Method)
	at sun.reflect.NativeMethodAccessorImpl.invoke(NativeMethodAccessorImpl.java:62)
	at sun.reflect.DelegatingMethodAccessorImpl.invoke(DelegatingMethodAccessorImpl.java:43)
	at java.lang.reflect.Method.invoke(Method.java:483)
	at org.apache.catalina.startup.Bootstrap.load(Bootstrap.java:310)
	at org.apache.catalina.startup.Bootstrap.main(Bootstrap.java:484)
Caused by: org.apache.catalina.LifecycleException: Protocol handler initialization failed
	at org.apache.catalina.connector.Connector.initInternal(Connector.java:962)
	at org.apache.catalina.util.LifecycleBase.init(LifecycleBase.java:102)
	... 12 more
Caused by: java.lang.Exception: Socket bind failed: [730048] ?????????б┴???(з┐?иж/???????/???)????ик??
	at org.apache.tomcat.util.net.AprEndpoint.bind(AprEndpoint.java:459)
	at org.apache.tomcat.util.net.AbstractEndpoint.init(AbstractEndpoint.java:732)
	at org.apache.coyote.AbstractProtocol.init(AbstractProtocol.java:457)
	at org.apache.catalina.connector.Connector.initInternal(Connector.java:960)
	... 13 more

27-Aug-2018 15:45:32.273 INFO [main] org.apache.coyote.AbstractProtocol.init Initializing ProtocolHandler ["ajp-apr-8001"]
27-Aug-2018 15:45:32.283 SEVERE [main] org.apache.coyote.AbstractProtocol.init Failed to initialize end point associated with ProtocolHandler ["ajp-apr-8001"]
 java.lang.Exception: Socket bind failed: [730048] ?????????б┴???(з┐?иж/???????/???)????ик??
	at org.apache.tomcat.util.net.AprEndpoint.bind(AprEndpoint.java:459)
	at org.apache.tomcat.util.net.AbstractEndpoint.init(AbstractEndpoint.java:732)
	at org.apache.coyote.AbstractProtocol.init(AbstractProtocol.java:457)
	at org.apache.catalina.connector.Connector.initInternal(Connector.java:960)
	at org.apache.catalina.util.LifecycleBase.init(LifecycleBase.java:102)
	at org.apache.catalina.core.StandardService.initInternal(StandardService.java:567)
	at org.apache.catalina.util.LifecycleBase.init(LifecycleBase.java:102)
	at org.apache.catalina.core.StandardServer.initInternal(StandardServer.java:851)
	at org.apache.catalina.util.LifecycleBase.init(LifecycleBase.java:102)
	at org.apache.catalina.startup.Catalina.load(Catalina.java:576)
	at org.apache.catalina.startup.Catalina.load(Catalina.java:599)
	at sun.reflect.NativeMethodAccessorImpl.invoke0(Native Method)
	at sun.reflect.NativeMethodAccessorImpl.invoke(NativeMethodAccessorImpl.java:62)
	at sun.reflect.DelegatingMethodAccessorImpl.invoke(DelegatingMethodAccessorImpl.java:43)
	at java.lang.reflect.Method.invoke(Method.java:483)
	at org.apache.catalina.startup.Bootstrap.load(Bootstrap.java:310)
	at org.apache.catalina.startup.Bootstrap.main(Bootstrap.java:484)

27-Aug-2018 15:45:32.304 SEVERE [main] org.apache.catalina.core.StandardService.initInternal Failed to initialize connector [Connector[AJP/1.3-8001]]
 org.apache.catalina.LifecycleException: Failed to initialize component [Connector[AJP/1.3-8001]]
	at org.apache.catalina.util.LifecycleBase.init(LifecycleBase.java:106)
	at org.apache.catalina.core.StandardService.initInternal(StandardService.java:567)
	at org.apache.catalina.util.LifecycleBase.init(LifecycleBase.java:102)
	at org.apache.catalina.core.StandardServer.initInternal(StandardServer.java:851)
	at org.apache.catalina.util.LifecycleBase.init(LifecycleBase.java:102)
	at org.apache.catalina.startup.Catalina.load(Catalina.java:576)
	at org.apache.catalina.startup.Catalina.load(Catalina.java:599)
	at sun.reflect.NativeMethodAccessorImpl.invoke0(Native Method)
	at sun.reflect.NativeMethodAccessorImpl.invoke(NativeMethodAccessorImpl.java:62)
	at sun.reflect.DelegatingMethodAccessorImpl.invoke(DelegatingMethodAccessorImpl.java:43)
	at java.lang.reflect.Method.invoke(Method.java:483)
	at org.apache.catalina.startup.Bootstrap.load(Bootstrap.java:310)
	at org.apache.catalina.startup.Bootstrap.main(Bootstrap.java:484)
Caused by: org.apache.catalina.LifecycleException: Protocol handler initialization failed
	at org.apache.catalina.connector.Connector.initInternal(Connector.java:962)
	at org.apache.catalina.util.LifecycleBase.init(LifecycleBase.java:102)
	... 12 more
Caused by: java.lang.Exception: Socket bind failed: [730048] ?????????б┴???(з┐?иж/???????/???)????ик??
	at org.apache.tomcat.util.net.AprEndpoint.bind(AprEndpoint.java:459)
	at org.apache.tomcat.util.net.AbstractEndpoint.init(AbstractEndpoint.java:732)
	at org.apache.coyote.AbstractProtocol.init(AbstractProtocol.java:457)
	at org.apache.catalina.connector.Connector.initInternal(Connector.java:960)
	... 13 more

27-Aug-2018 15:45:32.336 INFO [main] org.apache.catalina.startup.Catalina.load Initialization processed in 3788 ms
27-Aug-2018 15:45:32.450 INFO [main] org.apache.catalina.core.StandardService.startInternal Starting service Catalina
27-Aug-2018 15:45:32.452 INFO [main] org.apache.catalina.core.StandardEngine.startInternal Starting Servlet Engine: Apache Tomcat/8.0.20
27-Aug-2018 15:45:32.490 INFO [localhost-startStop-1] org.apache.catalina.startup.HostConfig.deployDirectory Deploying web application directory F:\nginx\projects\apache-tomcat-8.0.20-8080\webapps\ROOT
27-Aug-2018 15:45:33.999 INFO [localhost-startStop-1] org.apache.catalina.util.SessionIdGeneratorBase.createSecureRandom Creation of SecureRandom instance for session ID generation using [SHA1PRNG] took [397] milliseconds.
27-Aug-2018 15:45:34.068 INFO [localhost-startStop-1] org.apache.catalina.startup.HostConfig.deployDirectory Deployment of web application directory F:\nginx\projects\apache-tomcat-8.0.20-8080\webapps\ROOT has finished in 1,578 ms
27-Aug-2018 15:45:34.080 INFO [main] org.apache.catalina.startup.Catalina.start Server startup in 1743 ms
27-Aug-2018 15:45:34.098 SEVERE [main] org.apache.catalina.core.StandardServer.await StandardServer.await: create[localhost:8004]: 
 java.net.BindException: Address already in use: JVM_Bind
	at java.net.DualStackPlainSocketImpl.bind0(Native Method)
	at java.net.DualStackPlainSocketImpl.socketBind(DualStackPlainSocketImpl.java:106)
	at java.net.AbstractPlainSocketImpl.bind(AbstractPlainSocketImpl.java:382)
	at java.net.PlainSocketImpl.bind(PlainSocketImpl.java:190)
	at java.net.ServerSocket.bind(ServerSocket.java:375)
	at java.net.ServerSocket.<init>(ServerSocket.java:237)
	at org.apache.catalina.core.StandardServer.await(StandardServer.java:420)
	at org.apache.catalina.startup.Catalina.await(Catalina.java:713)
	at org.apache.catalina.startup.Catalina.start(Catalina.java:659)
	at sun.reflect.NativeMethodAccessorImpl.invoke0(Native Method)
	at sun.reflect.NativeMethodAccessorImpl.invoke(NativeMethodAccessorImpl.java:62)
	at sun.reflect.DelegatingMethodAccessorImpl.invoke(DelegatingMethodAccessorImpl.java:43)
	at java.lang.reflect.Method.invoke(Method.java:483)
	at org.apache.catalina.startup.Bootstrap.start(Bootstrap.java:351)
	at org.apache.catalina.startup.Bootstrap.main(Bootstrap.java:485)

27-Aug-2018 15:45:34.108 INFO [main] org.apache.coyote.AbstractProtocol.pause Pausing ProtocolHandler ["http-apr-8080"]
27-Aug-2018 15:45:34.111 INFO [main] org.apache.coyote.AbstractProtocol.pause Pausing ProtocolHandler ["ajp-apr-8001"]
27-Aug-2018 15:45:34.113 INFO [main] org.apache.catalina.core.StandardService.stopInternal Stopping service Catalina
27-Aug-2018 15:45:34.154 INFO [main] org.apache.coyote.AbstractProtocol.stop Stopping ProtocolHandler ["http-apr-8080"]
27-Aug-2018 15:45:34.156 INFO [main] org.apache.coyote.AbstractProtocol.destroy Destroying ProtocolHandler ["http-apr-8080"]
27-Aug-2018 15:45:34.161 INFO [main] org.apache.coyote.AbstractProtocol.stop Stopping ProtocolHandler ["ajp-apr-8001"]
27-Aug-2018 15:45:34.162 INFO [main] org.apache.coyote.AbstractProtocol.destroy Destroying ProtocolHandler ["ajp-apr-8001"]
27-Aug-2018 15:45:54.393 INFO [main] org.apache.catalina.startup.VersionLoggerListener.log Server version:        Apache Tomcat/8.0.20
27-Aug-2018 15:45:54.398 INFO [main] org.apache.catalina.startup.VersionLoggerListener.log Server built:          Feb 15 2015 18:10:42 UTC
27-Aug-2018 15:45:54.400 INFO [main] org.apache.catalina.startup.VersionLoggerListener.log Server number:         8.0.20.0
27-Aug-2018 15:45:54.401 INFO [main] org.apache.catalina.startup.VersionLoggerListener.log OS Name:               Windows 7
27-Aug-2018 15:45:54.402 INFO [main] org.apache.catalina.startup.VersionLoggerListener.log OS Version:            6.1
27-Aug-2018 15:45:54.403 INFO [main] org.apache.catalina.startup.VersionLoggerListener.log Architecture:          amd64
27-Aug-2018 15:45:54.403 INFO [main] org.apache.catalina.startup.VersionLoggerListener.log Java Home:             D:\Program Files\java\install1.8\jre
27-Aug-2018 15:45:54.404 INFO [main] org.apache.catalina.startup.VersionLoggerListener.log JVM Version:           1.8.0_20-b26
27-Aug-2018 15:45:54.405 INFO [main] org.apache.catalina.startup.VersionLoggerListener.log JVM Vendor:            Oracle Corporation
27-Aug-2018 15:45:54.406 INFO [main] org.apache.catalina.startup.VersionLoggerListener.log CATALINA_BASE:         F:\nginx\projects\apache-tomcat-8.0.20-8080
27-Aug-2018 15:45:54.406 INFO [main] org.apache.catalina.startup.VersionLoggerListener.log CATALINA_HOME:         F:\nginx\projects\apache-tomcat-8.0.20-8080
27-Aug-2018 15:45:54.408 INFO [main] org.apache.catalina.startup.VersionLoggerListener.log Command line argument: -Djava.util.logging.config.file=F:\nginx\projects\apache-tomcat-8.0.20-8080\conf\logging.properties
27-Aug-2018 15:45:54.410 INFO [main] org.apache.catalina.startup.VersionLoggerListener.log Command line argument: -Djava.util.logging.manager=org.apache.juli.ClassLoaderLogManager
27-Aug-2018 15:45:54.413 INFO [main] org.apache.catalina.startup.VersionLoggerListener.log Command line argument: -Djava.endorsed.dirs=F:\nginx\projects\apache-tomcat-8.0.20-8080\endorsed
27-Aug-2018 15:45:54.418 INFO [main] org.apache.catalina.startup.VersionLoggerListener.log Command line argument: -Dcatalina.base=F:\nginx\projects\apache-tomcat-8.0.20-8080
27-Aug-2018 15:45:54.421 INFO [main] org.apache.catalina.startup.VersionLoggerListener.log Command line argument: -Dcatalina.home=F:\nginx\projects\apache-tomcat-8.0.20-8080
27-Aug-2018 15:45:54.423 INFO [main] org.apache.catalina.startup.VersionLoggerListener.log Command line argument: -Djava.io.tmpdir=F:\nginx\projects\apache-tomcat-8.0.20-8080\temp
27-Aug-2018 15:45:54.426 INFO [main] org.apache.catalina.core.AprLifecycleListener.lifecycleEvent Loaded APR based Apache Tomcat Native library 1.1.32 using APR version 1.5.1.
27-Aug-2018 15:45:54.429 INFO [main] org.apache.catalina.core.AprLifecycleListener.lifecycleEvent APR capabilities: IPv6 [true], sendfile [true], accept filters [false], random [true].
27-Aug-2018 15:45:55.591 INFO [main] org.apache.catalina.core.AprLifecycleListener.initializeSSL OpenSSL successfully initialized (OpenSSL 1.0.1j 15 Oct 2014)
27-Aug-2018 15:45:56.119 INFO [main] org.apache.coyote.AbstractProtocol.init Initializing ProtocolHandler ["http-apr-8080"]
27-Aug-2018 15:45:56.167 SEVERE [main] org.apache.coyote.AbstractProtocol.init Failed to initialize end point associated with ProtocolHandler ["http-apr-8080"]
 java.lang.Exception: Socket bind failed: [730048] ?????????б┴???(з┐?иж/???????/???)????ик??
	at org.apache.tomcat.util.net.AprEndpoint.bind(AprEndpoint.java:459)
	at org.apache.tomcat.util.net.AbstractEndpoint.init(AbstractEndpoint.java:732)
	at org.apache.coyote.AbstractProtocol.init(AbstractProtocol.java:457)
	at org.apache.catalina.connector.Connector.initInternal(Connector.java:960)
	at org.apache.catalina.util.LifecycleBase.init(LifecycleBase.java:102)
	at org.apache.catalina.core.StandardService.initInternal(StandardService.java:567)
	at org.apache.catalina.util.LifecycleBase.init(LifecycleBase.java:102)
	at org.apache.catalina.core.StandardServer.initInternal(StandardServer.java:851)
	at org.apache.catalina.util.LifecycleBase.init(LifecycleBase.java:102)
	at org.apache.catalina.startup.Catalina.load(Catalina.java:576)
	at org.apache.catalina.startup.Catalina.load(Catalina.java:599)
	at sun.reflect.NativeMethodAccessorImpl.invoke0(Native Method)
	at sun.reflect.NativeMethodAccessorImpl.invoke(NativeMethodAccessorImpl.java:62)
	at sun.reflect.DelegatingMethodAccessorImpl.invoke(DelegatingMethodAccessorImpl.java:43)
	at java.lang.reflect.Method.invoke(Method.java:483)
	at org.apache.catalina.startup.Bootstrap.load(Bootstrap.java:310)
	at org.apache.catalina.startup.Bootstrap.main(Bootstrap.java:484)

27-Aug-2018 15:45:56.191 SEVERE [main] org.apache.catalina.core.StandardService.initInternal Failed to initialize connector [Connector[HTTP/1.1-8080]]
 org.apache.catalina.LifecycleException: Failed to initialize component [Connector[HTTP/1.1-8080]]
	at org.apache.catalina.util.LifecycleBase.init(LifecycleBase.java:106)
	at org.apache.catalina.core.StandardService.initInternal(StandardService.java:567)
	at org.apache.catalina.util.LifecycleBase.init(LifecycleBase.java:102)
	at org.apache.catalina.core.StandardServer.initInternal(StandardServer.java:851)
	at org.apache.catalina.util.LifecycleBase.init(LifecycleBase.java:102)
	at org.apache.catalina.startup.Catalina.load(Catalina.java:576)
	at org.apache.catalina.startup.Catalina.load(Catalina.java:599)
	at sun.reflect.NativeMethodAccessorImpl.invoke0(Native Method)
	at sun.reflect.NativeMethodAccessorImpl.invoke(NativeMethodAccessorImpl.java:62)
	at sun.reflect.DelegatingMethodAccessorImpl.invoke(DelegatingMethodAccessorImpl.java:43)
	at java.lang.reflect.Method.invoke(Method.java:483)
	at org.apache.catalina.startup.Bootstrap.load(Bootstrap.java:310)
	at org.apache.catalina.startup.Bootstrap.main(Bootstrap.java:484)
Caused by: org.apache.catalina.LifecycleException: Protocol handler initialization failed
	at org.apache.catalina.connector.Connector.initInternal(Connector.java:962)
	at org.apache.catalina.util.LifecycleBase.init(LifecycleBase.java:102)
	... 12 more
Caused by: java.lang.Exception: Socket bind failed: [730048] ?????????б┴???(з┐?иж/???????/???)????ик??
	at org.apache.tomcat.util.net.AprEndpoint.bind(AprEndpoint.java:459)
	at org.apache.tomcat.util.net.AbstractEndpoint.init(AbstractEndpoint.java:732)
	at org.apache.coyote.AbstractProtocol.init(AbstractProtocol.java:457)
	at org.apache.catalina.connector.Connector.initInternal(Connector.java:960)
	... 13 more

27-Aug-2018 15:45:56.207 INFO [main] org.apache.coyote.AbstractProtocol.init Initializing ProtocolHandler ["ajp-apr-8001"]
27-Aug-2018 15:45:56.217 SEVERE [main] org.apache.coyote.AbstractProtocol.init Failed to initialize end point associated with ProtocolHandler ["ajp-apr-8001"]
 java.lang.Exception: Socket bind failed: [730048] ?????????б┴???(з┐?иж/???????/???)????ик??
	at org.apache.tomcat.util.net.AprEndpoint.bind(AprEndpoint.java:459)
	at org.apache.tomcat.util.net.AbstractEndpoint.init(AbstractEndpoint.java:732)
	at org.apache.coyote.AbstractProtocol.init(AbstractProtocol.java:457)
	at org.apache.catalina.connector.Connector.initInternal(Connector.java:960)
	at org.apache.catalina.util.LifecycleBase.init(LifecycleBase.java:102)
	at org.apache.catalina.core.StandardService.initInternal(StandardService.java:567)
	at org.apache.catalina.util.LifecycleBase.init(LifecycleBase.java:102)
	at org.apache.catalina.core.StandardServer.initInternal(StandardServer.java:851)
	at org.apache.catalina.util.LifecycleBase.init(LifecycleBase.java:102)
	at org.apache.catalina.startup.Catalina.load(Catalina.java:576)
	at org.apache.catalina.startup.Catalina.load(Catalina.java:599)
	at sun.reflect.NativeMethodAccessorImpl.invoke0(Native Method)
	at sun.reflect.NativeMethodAccessorImpl.invoke(NativeMethodAccessorImpl.java:62)
	at sun.reflect.DelegatingMethodAccessorImpl.invoke(DelegatingMethodAccessorImpl.java:43)
	at java.lang.reflect.Method.invoke(Method.java:483)
	at org.apache.catalina.startup.Bootstrap.load(Bootstrap.java:310)
	at org.apache.catalina.startup.Bootstrap.main(Bootstrap.java:484)

27-Aug-2018 15:45:56.252 SEVERE [main] org.apache.catalina.core.StandardService.initInternal Failed to initialize connector [Connector[AJP/1.3-8001]]
 org.apache.catalina.LifecycleException: Failed to initialize component [Connector[AJP/1.3-8001]]
	at org.apache.catalina.util.LifecycleBase.init(LifecycleBase.java:106)
	at org.apache.catalina.core.StandardService.initInternal(StandardService.java:567)
	at org.apache.catalina.util.LifecycleBase.init(LifecycleBase.java:102)
	at org.apache.catalina.core.StandardServer.initInternal(StandardServer.java:851)
	at org.apache.catalina.util.LifecycleBase.init(LifecycleBase.java:102)
	at org.apache.catalina.startup.Catalina.load(Catalina.java:576)
	at org.apache.catalina.startup.Catalina.load(Catalina.java:599)
	at sun.reflect.NativeMethodAccessorImpl.invoke0(Native Method)
	at sun.reflect.NativeMethodAccessorImpl.invoke(NativeMethodAccessorImpl.java:62)
	at sun.reflect.DelegatingMethodAccessorImpl.invoke(DelegatingMethodAccessorImpl.java:43)
	at java.lang.reflect.Method.invoke(Method.java:483)
	at org.apache.catalina.startup.Bootstrap.load(Bootstrap.java:310)
	at org.apache.catalina.startup.Bootstrap.main(Bootstrap.java:484)
Caused by: org.apache.catalina.LifecycleException: Protocol handler initialization failed
	at org.apache.catalina.connector.Connector.initInternal(Connector.java:962)
	at org.apache.catalina.util.LifecycleBase.init(LifecycleBase.java:102)
	... 12 more
Caused by: java.lang.Exception: Socket bind failed: [730048] ?????????б┴???(з┐?иж/???????/???)????ик??
	at org.apache.tomcat.util.net.AprEndpoint.bind(AprEndpoint.java:459)
	at org.apache.tomcat.util.net.AbstractEndpoint.init(AbstractEndpoint.java:732)
	at org.apache.coyote.AbstractProtocol.init(AbstractProtocol.java:457)
	at org.apache.catalina.connector.Connector.initInternal(Connector.java:960)
	... 13 more

27-Aug-2018 15:45:56.269 INFO [main] org.apache.catalina.startup.Catalina.load Initialization processed in 3500 ms
27-Aug-2018 15:45:56.404 INFO [main] org.apache.catalina.core.StandardService.startInternal Starting service Catalina
27-Aug-2018 15:45:56.405 INFO [main] org.apache.catalina.core.StandardEngine.startInternal Starting Servlet Engine: Apache Tomcat/8.0.20
27-Aug-2018 15:45:56.495 INFO [localhost-startStop-1] org.apache.catalina.startup.HostConfig.deployDirectory Deploying web application directory F:\nginx\projects\apache-tomcat-8.0.20-8080\webapps\ROOT
27-Aug-2018 15:45:57.924 INFO [localhost-startStop-1] org.apache.catalina.util.SessionIdGeneratorBase.createSecureRandom Creation of SecureRandom instance for session ID generation using [SHA1PRNG] took [415] milliseconds.
27-Aug-2018 15:45:58.020 INFO [localhost-startStop-1] org.apache.catalina.startup.HostConfig.deployDirectory Deployment of web application directory F:\nginx\projects\apache-tomcat-8.0.20-8080\webapps\ROOT has finished in 1,525 ms
27-Aug-2018 15:45:58.030 INFO [main] org.apache.catalina.startup.Catalina.start Server startup in 1770 ms
27-Aug-2018 15:45:58.046 SEVERE [main] org.apache.catalina.core.StandardServer.await StandardServer.await: create[localhost:8004]: 
 java.net.BindException: Address already in use: JVM_Bind
	at java.net.DualStackPlainSocketImpl.bind0(Native Method)
	at java.net.DualStackPlainSocketImpl.socketBind(DualStackPlainSocketImpl.java:106)
	at java.net.AbstractPlainSocketImpl.bind(AbstractPlainSocketImpl.java:382)
	at java.net.PlainSocketImpl.bind(PlainSocketImpl.java:190)
	at java.net.ServerSocket.bind(ServerSocket.java:375)
	at java.net.ServerSocket.<init>(ServerSocket.java:237)
	at org.apache.catalina.core.StandardServer.await(StandardServer.java:420)
	at org.apache.catalina.startup.Catalina.await(Catalina.java:713)
	at org.apache.catalina.startup.Catalina.start(Catalina.java:659)
	at sun.reflect.NativeMethodAccessorImpl.invoke0(Native Method)
	at sun.reflect.NativeMethodAccessorImpl.invoke(NativeMethodAccessorImpl.java:62)
	at sun.reflect.DelegatingMethodAccessorImpl.invoke(DelegatingMethodAccessorImpl.java:43)
	at java.lang.reflect.Method.invoke(Method.java:483)
	at org.apache.catalina.startup.Bootstrap.start(Bootstrap.java:351)
	at org.apache.catalina.startup.Bootstrap.main(Bootstrap.java:485)

27-Aug-2018 15:45:58.051 INFO [main] org.apache.coyote.AbstractProtocol.pause Pausing ProtocolHandler ["http-apr-8080"]
27-Aug-2018 15:45:58.052 INFO [main] org.apache.coyote.AbstractProtocol.pause Pausing ProtocolHandler ["ajp-apr-8001"]
27-Aug-2018 15:45:58.053 INFO [main] org.apache.catalina.core.StandardService.stopInternal Stopping service Catalina
27-Aug-2018 15:45:58.091 INFO [main] org.apache.coyote.AbstractProtocol.stop Stopping ProtocolHandler ["http-apr-8080"]
27-Aug-2018 15:45:58.092 INFO [main] org.apache.coyote.AbstractProtocol.destroy Destroying ProtocolHandler ["http-apr-8080"]
27-Aug-2018 15:45:58.093 INFO [main] org.apache.coyote.AbstractProtocol.stop Stopping ProtocolHandler ["ajp-apr-8001"]
27-Aug-2018 15:45:58.095 INFO [main] org.apache.coyote.AbstractProtocol.destroy Destroying ProtocolHandler ["ajp-apr-8001"]
27-Aug-2018 15:46:39.175 INFO [main] org.apache.catalina.startup.VersionLoggerListener.log Server version:        Apache Tomcat/8.0.20
27-Aug-2018 15:46:39.183 INFO [main] org.apache.catalina.startup.VersionLoggerListener.log Server built:          Feb 15 2015 18:10:42 UTC
27-Aug-2018 15:46:39.185 INFO [main] org.apache.catalina.startup.VersionLoggerListener.log Server number:         8.0.20.0
27-Aug-2018 15:46:39.186 INFO [main] org.apache.catalina.startup.VersionLoggerListener.log OS Name:               Windows 7
27-Aug-2018 15:46:39.187 INFO [main] org.apache.catalina.startup.VersionLoggerListener.log OS Version:            6.1
27-Aug-2018 15:46:39.188 INFO [main] org.apache.catalina.startup.VersionLoggerListener.log Architecture:          amd64
27-Aug-2018 15:46:39.189 INFO [main] org.apache.catalina.startup.VersionLoggerListener.log Java Home:             D:\Program Files\java\install1.8\jre
27-Aug-2018 15:46:39.190 INFO [main] org.apache.catalina.startup.VersionLoggerListener.log JVM Version:           1.8.0_20-b26
27-Aug-2018 15:46:39.191 INFO [main] org.apache.catalina.startup.VersionLoggerListener.log JVM Vendor:            Oracle Corporation
27-Aug-2018 15:46:39.197 INFO [main] org.apache.catalina.startup.VersionLoggerListener.log CATALINA_BASE:         F:\nginx\projects\apache-tomcat-8.0.20-8080
27-Aug-2018 15:46:39.198 INFO [main] org.apache.catalina.startup.VersionLoggerListener.log CATALINA_HOME:         F:\nginx\projects\apache-tomcat-8.0.20-8080
27-Aug-2018 15:46:39.200 INFO [main] org.apache.catalina.startup.VersionLoggerListener.log Command line argument: -Djava.util.logging.config.file=F:\nginx\projects\apache-tomcat-8.0.20-8080\conf\logging.properties
27-Aug-2018 15:46:39.203 INFO [main] org.apache.catalina.startup.VersionLoggerListener.log Command line argument: -Djava.util.logging.manager=org.apache.juli.ClassLoaderLogManager
27-Aug-2018 15:46:39.205 INFO [main] org.apache.catalina.startup.VersionLoggerListener.log Command line argument: -Djava.endorsed.dirs=F:\nginx\projects\apache-tomcat-8.0.20-8080\endorsed
27-Aug-2018 15:46:39.208 INFO [main] org.apache.catalina.startup.VersionLoggerListener.log Command line argument: -Dcatalina.base=F:\nginx\projects\apache-tomcat-8.0.20-8080
27-Aug-2018 15:46:39.214 INFO [main] org.apache.catalina.startup.VersionLoggerListener.log Command line argument: -Dcatalina.home=F:\nginx\projects\apache-tomcat-8.0.20-8080
27-Aug-2018 15:46:39.219 INFO [main] org.apache.catalina.startup.VersionLoggerListener.log Command line argument: -Djava.io.tmpdir=F:\nginx\projects\apache-tomcat-8.0.20-8080\temp
27-Aug-2018 15:46:39.226 INFO [main] org.apache.catalina.core.AprLifecycleListener.lifecycleEvent Loaded APR based Apache Tomcat Native library 1.1.32 using APR version 1.5.1.
27-Aug-2018 15:46:39.229 INFO [main] org.apache.catalina.core.AprLifecycleListener.lifecycleEvent APR capabilities: IPv6 [true], sendfile [true], accept filters [false], random [true].
27-Aug-2018 15:46:40.589 INFO [main] org.apache.catalina.core.AprLifecycleListener.initializeSSL OpenSSL successfully initialized (OpenSSL 1.0.1j 15 Oct 2014)
27-Aug-2018 15:46:41.209 INFO [main] org.apache.coyote.AbstractProtocol.init Initializing ProtocolHandler ["http-apr-8080"]
27-Aug-2018 15:46:41.261 INFO [main] org.apache.coyote.AbstractProtocol.init Initializing ProtocolHandler ["ajp-apr-8001"]
27-Aug-2018 15:46:41.270 INFO [main] org.apache.catalina.startup.Catalina.load Initialization processed in 3962 ms
27-Aug-2018 15:46:41.477 INFO [main] org.apache.catalina.core.StandardService.startInternal Starting service Catalina
27-Aug-2018 15:46:41.479 INFO [main] org.apache.catalina.core.StandardEngine.startInternal Starting Servlet Engine: Apache Tomcat/8.0.20
27-Aug-2018 15:46:41.526 INFO [localhost-startStop-1] org.apache.catalina.startup.HostConfig.deployDirectory Deploying web application directory F:\nginx\projects\apache-tomcat-8.0.20-8080\webapps\ROOT
27-Aug-2018 15:46:43.076 INFO [localhost-startStop-1] org.apache.catalina.util.SessionIdGeneratorBase.createSecureRandom Creation of SecureRandom instance for session ID generation using [SHA1PRNG] took [501] milliseconds.
27-Aug-2018 15:46:43.186 INFO [localhost-startStop-1] org.apache.catalina.startup.HostConfig.deployDirectory Deployment of web application directory F:\nginx\projects\apache-tomcat-8.0.20-8080\webapps\ROOT has finished in 1,660 ms
27-Aug-2018 15:46:43.205 INFO [main] org.apache.coyote.AbstractProtocol.start Starting ProtocolHandler ["http-apr-8080"]
27-Aug-2018 15:46:43.245 INFO [main] org.apache.coyote.AbstractProtocol.start Starting ProtocolHandler ["ajp-apr-8001"]
27-Aug-2018 15:46:43.250 INFO [main] org.apache.catalina.startup.Catalina.start Server startup in 1962 ms
27-Aug-2018 16:00:53.693 INFO [localhost-startStop-2] org.apache.catalina.startup.HostConfig.deployWAR Deploying web application archive F:\nginx\projects\apache-tomcat-8.0.20-8080\webapps\repository2018.war
27-Aug-2018 16:01:43.236 INFO [localhost-startStop-2] org.apache.catalina.startup.HostConfig.deployWAR Deployment of web application archive F:\nginx\projects\apache-tomcat-8.0.20-8080\webapps\repository2018.war has finished in 49,544 ms
27-Aug-2018 16:01:55.450 INFO [main] org.apache.catalina.core.StandardServer.await A valid shutdown command was received via the shutdown port. Stopping the Server instance.
27-Aug-2018 16:01:55.454 INFO [main] org.apache.coyote.AbstractProtocol.pause Pausing ProtocolHandler ["http-apr-8080"]
27-Aug-2018 16:01:55.506 INFO [main] org.apache.coyote.AbstractProtocol.pause Pausing ProtocolHandler ["ajp-apr-8001"]
27-Aug-2018 16:01:55.558 INFO [main] org.apache.catalina.core.StandardService.stopInternal Stopping service Catalina
27-Aug-2018 16:01:56.507 INFO [main] org.apache.coyote.AbstractProtocol.stop Stopping ProtocolHandler ["http-apr-8080"]
27-Aug-2018 16:01:56.589 INFO [main] org.apache.coyote.AbstractProtocol.stop Stopping ProtocolHandler ["ajp-apr-8001"]
27-Aug-2018 16:01:56.642 INFO [main] org.apache.coyote.AbstractProtocol.destroy Destroying ProtocolHandler ["http-apr-8080"]
27-Aug-2018 16:01:56.645 INFO [main] org.apache.coyote.AbstractProtocol.destroy Destroying ProtocolHandler ["ajp-apr-8001"]
27-Aug-2018 16:01:59.528 INFO [main] org.apache.catalina.startup.VersionLoggerListener.log Server version:        Apache Tomcat/8.0.20
27-Aug-2018 16:01:59.534 INFO [main] org.apache.catalina.startup.VersionLoggerListener.log Server built:          Feb 15 2015 18:10:42 UTC
27-Aug-2018 16:01:59.535 INFO [main] org.apache.catalina.startup.VersionLoggerListener.log Server number:         8.0.20.0
27-Aug-2018 16:01:59.536 INFO [main] org.apache.catalina.startup.VersionLoggerListener.log OS Name:               Windows 7
27-Aug-2018 16:01:59.537 INFO [main] org.apache.catalina.startup.VersionLoggerListener.log OS Version:            6.1
27-Aug-2018 16:01:59.538 INFO [main] org.apache.catalina.startup.VersionLoggerListener.log Architecture:          amd64
27-Aug-2018 16:01:59.539 INFO [main] org.apache.catalina.startup.VersionLoggerListener.log Java Home:             D:\Program Files\java\install1.8\jre
27-Aug-2018 16:01:59.539 INFO [main] org.apache.catalina.startup.VersionLoggerListener.log JVM Version:           1.8.0_20-b26
27-Aug-2018 16:01:59.540 INFO [main] org.apache.catalina.startup.VersionLoggerListener.log JVM Vendor:            Oracle Corporation
27-Aug-2018 16:01:59.541 INFO [main] org.apache.catalina.startup.VersionLoggerListener.log CATALINA_BASE:         F:\nginx\projects\apache-tomcat-8.0.20-8080
27-Aug-2018 16:01:59.542 INFO [main] org.apache.catalina.startup.VersionLoggerListener.log CATALINA_HOME:         F:\nginx\projects\apache-tomcat-8.0.20-8080
27-Aug-2018 16:01:59.543 INFO [main] org.apache.catalina.startup.VersionLoggerListener.log Command line argument: -Djava.util.logging.config.file=F:\nginx\projects\apache-tomcat-8.0.20-8080\conf\logging.properties
27-Aug-2018 16:01:59.548 INFO [main] org.apache.catalina.startup.VersionLoggerListener.log Command line argument: -Djava.util.logging.manager=org.apache.juli.ClassLoaderLogManager
27-Aug-2018 16:01:59.551 INFO [main] org.apache.catalina.startup.VersionLoggerListener.log Command line argument: -Djava.endorsed.dirs=F:\nginx\projects\apache-tomcat-8.0.20-8080\endorsed
27-Aug-2018 16:01:59.554 INFO [main] org.apache.catalina.startup.VersionLoggerListener.log Command line argument: -Dcatalina.base=F:\nginx\projects\apache-tomcat-8.0.20-8080
27-Aug-2018 16:01:59.556 INFO [main] org.apache.catalina.startup.VersionLoggerListener.log Command line argument: -Dcatalina.home=F:\nginx\projects\apache-tomcat-8.0.20-8080
27-Aug-2018 16:01:59.559 INFO [main] org.apache.catalina.startup.VersionLoggerListener.log Command line argument: -Djava.io.tmpdir=F:\nginx\projects\apache-tomcat-8.0.20-8080\temp
27-Aug-2018 16:01:59.563 INFO [main] org.apache.catalina.core.AprLifecycleListener.lifecycleEvent Loaded APR based Apache Tomcat Native library 1.1.32 using APR version 1.5.1.
27-Aug-2018 16:01:59.566 INFO [main] org.apache.catalina.core.AprLifecycleListener.lifecycleEvent APR capabilities: IPv6 [true], sendfile [true], accept filters [false], random [true].
27-Aug-2018 16:02:00.774 INFO [main] org.apache.catalina.core.AprLifecycleListener.initializeSSL OpenSSL successfully initialized (OpenSSL 1.0.1j 15 Oct 2014)
27-Aug-2018 16:02:01.302 INFO [main] org.apache.coyote.AbstractProtocol.init Initializing ProtocolHandler ["http-apr-8080"]
27-Aug-2018 16:02:01.352 INFO [main] org.apache.coyote.AbstractProtocol.init Initializing ProtocolHandler ["ajp-apr-8001"]
27-Aug-2018 16:02:01.363 INFO [main] org.apache.catalina.startup.Catalina.load Initialization processed in 3596 ms
27-Aug-2018 16:02:01.511 INFO [main] org.apache.catalina.core.StandardService.startInternal Starting service Catalina
27-Aug-2018 16:02:01.522 INFO [main] org.apache.catalina.core.StandardEngine.startInternal Starting Servlet Engine: Apache Tomcat/8.0.20
27-Aug-2018 16:02:01.746 INFO [localhost-startStop-1] org.apache.catalina.startup.HostConfig.deployWAR Deploying web application archive F:\nginx\projects\apache-tomcat-8.0.20-8080\webapps\repository2018.war
27-Aug-2018 16:02:51.135 INFO [localhost-startStop-1] org.apache.catalina.startup.HostConfig.deployWAR Deployment of web application archive F:\nginx\projects\apache-tomcat-8.0.20-8080\webapps\repository2018.war has finished in 49,385 ms
27-Aug-2018 16:02:51.145 INFO [localhost-startStop-1] org.apache.catalina.startup.HostConfig.deployDirectory Deploying web application directory F:\nginx\projects\apache-tomcat-8.0.20-8080\webapps\ROOT
27-Aug-2018 16:02:51.282 INFO [localhost-startStop-1] org.apache.catalina.startup.HostConfig.deployDirectory Deployment of web application directory F:\nginx\projects\apache-tomcat-8.0.20-8080\webapps\ROOT has finished in 137 ms
27-Aug-2018 16:02:51.310 INFO [main] org.apache.coyote.AbstractProtocol.start Starting ProtocolHandler ["http-apr-8080"]
27-Aug-2018 16:02:51.353 INFO [main] org.apache.coyote.AbstractProtocol.start Starting ProtocolHandler ["ajp-apr-8001"]
27-Aug-2018 16:02:51.358 INFO [main] org.apache.catalina.startup.Catalina.start Server startup in 50121 ms
27-Aug-2018 16:08:49.946 INFO [main] org.apache.catalina.startup.VersionLoggerListener.log Server version:        Apache Tomcat/8.0.20
27-Aug-2018 16:08:49.958 INFO [main] org.apache.catalina.startup.VersionLoggerListener.log Server built:          Feb 15 2015 18:10:42 UTC
27-Aug-2018 16:08:49.959 INFO [main] org.apache.catalina.startup.VersionLoggerListener.log Server number:         8.0.20.0
27-Aug-2018 16:08:49.961 INFO [main] org.apache.catalina.startup.VersionLoggerListener.log OS Name:               Windows 7
27-Aug-2018 16:08:49.961 INFO [main] org.apache.catalina.startup.VersionLoggerListener.log OS Version:            6.1
27-Aug-2018 16:08:49.962 INFO [main] org.apache.catalina.startup.VersionLoggerListener.log Architecture:          amd64
27-Aug-2018 16:08:49.964 INFO [main] org.apache.catalina.startup.VersionLoggerListener.log Java Home:             D:\Program Files\java\install1.8\jre
27-Aug-2018 16:08:49.965 INFO [main] org.apache.catalina.startup.VersionLoggerListener.log JVM Version:           1.8.0_20-b26
27-Aug-2018 16:08:49.967 INFO [main] org.apache.catalina.startup.VersionLoggerListener.log JVM Vendor:            Oracle Corporation
27-Aug-2018 16:08:49.969 INFO [main] org.apache.catalina.startup.VersionLoggerListener.log CATALINA_BASE:         F:\nginx\projects\apache-tomcat-8.0.20-8080
27-Aug-2018 16:08:49.971 INFO [main] org.apache.catalina.startup.VersionLoggerListener.log CATALINA_HOME:         F:\nginx\projects\apache-tomcat-8.0.20-8080
27-Aug-2018 16:08:49.976 INFO [main] org.apache.catalina.startup.VersionLoggerListener.log Command line argument: -Djava.util.logging.config.file=F:\nginx\projects\apache-tomcat-8.0.20-8080\conf\logging.properties
27-Aug-2018 16:08:49.985 INFO [main] org.apache.catalina.startup.VersionLoggerListener.log Command line argument: -Djava.util.logging.manager=org.apache.juli.ClassLoaderLogManager
27-Aug-2018 16:08:49.992 INFO [main] org.apache.catalina.startup.VersionLoggerListener.log Command line argument: -Djava.endorsed.dirs=F:\nginx\projects\apache-tomcat-8.0.20-8080\endorsed
27-Aug-2018 16:08:50.000 INFO [main] org.apache.catalina.startup.VersionLoggerListener.log Command line argument: -Dcatalina.base=F:\nginx\projects\apache-tomcat-8.0.20-8080
27-Aug-2018 16:08:50.006 INFO [main] org.apache.catalina.startup.VersionLoggerListener.log Command line argument: -Dcatalina.home=F:\nginx\projects\apache-tomcat-8.0.20-8080
27-Aug-2018 16:08:50.012 INFO [main] org.apache.catalina.startup.VersionLoggerListener.log Command line argument: -Djava.io.tmpdir=F:\nginx\projects\apache-tomcat-8.0.20-8080\temp
27-Aug-2018 16:08:50.020 INFO [main] org.apache.catalina.core.AprLifecycleListener.lifecycleEvent Loaded APR based Apache Tomcat Native library 1.1.32 using APR version 1.5.1.
27-Aug-2018 16:08:50.023 INFO [main] org.apache.catalina.core.AprLifecycleListener.lifecycleEvent APR capabilities: IPv6 [true], sendfile [true], accept filters [false], random [true].
27-Aug-2018 16:08:51.340 INFO [main] org.apache.catalina.core.AprLifecycleListener.initializeSSL OpenSSL successfully initialized (OpenSSL 1.0.1j 15 Oct 2014)
27-Aug-2018 16:08:52.036 INFO [main] org.apache.coyote.AbstractProtocol.init Initializing ProtocolHandler ["http-apr-8080"]
27-Aug-2018 16:08:52.082 INFO [main] org.apache.coyote.AbstractProtocol.init Initializing ProtocolHandler ["ajp-apr-8001"]
27-Aug-2018 16:08:52.087 INFO [main] org.apache.catalina.startup.Catalina.load Initialization processed in 3913 ms
27-Aug-2018 16:08:52.225 INFO [main] org.apache.catalina.core.StandardService.startInternal Starting service Catalina
27-Aug-2018 16:08:52.234 INFO [main] org.apache.catalina.core.StandardEngine.startInternal Starting Servlet Engine: Apache Tomcat/8.0.20
27-Aug-2018 16:08:52.360 INFO [localhost-startStop-1] org.apache.catalina.startup.HostConfig.deployWAR Deploying web application archive F:\nginx\projects\apache-tomcat-8.0.20-8080\webapps\javawebsimple.war
27-Aug-2018 16:08:53.793 INFO [localhost-startStop-1] org.apache.catalina.util.SessionIdGeneratorBase.createSecureRandom Creation of SecureRandom instance for session ID generation using [SHA1PRNG] took [489] milliseconds.
27-Aug-2018 16:08:53.874 INFO [localhost-startStop-1] org.apache.catalina.startup.HostConfig.deployWAR Deployment of web application archive F:\nginx\projects\apache-tomcat-8.0.20-8080\webapps\javawebsimple.war has finished in 1,513 ms
27-Aug-2018 16:08:53.889 INFO [localhost-startStop-1] org.apache.catalina.startup.HostConfig.deployDirectory Deploying web application directory F:\nginx\projects\apache-tomcat-8.0.20-8080\webapps\ROOT
27-Aug-2018 16:08:54.094 INFO [localhost-startStop-1] org.apache.catalina.startup.HostConfig.deployDirectory Deployment of web application directory F:\nginx\projects\apache-tomcat-8.0.20-8080\webapps\ROOT has finished in 205 ms
27-Aug-2018 16:08:54.122 INFO [main] org.apache.coyote.AbstractProtocol.start Starting ProtocolHandler ["http-apr-8080"]
27-Aug-2018 16:08:54.182 INFO [main] org.apache.coyote.AbstractProtocol.start Starting ProtocolHandler ["ajp-apr-8001"]
27-Aug-2018 16:08:54.188 INFO [main] org.apache.catalina.startup.Catalina.start Server startup in 2098 ms
27-Aug-2018 16:10:17.218 INFO [main] org.apache.catalina.startup.VersionLoggerListener.log Server version:        Apache Tomcat/8.0.20
27-Aug-2018 16:10:17.225 INFO [main] org.apache.catalina.startup.VersionLoggerListener.log Server built:          Feb 15 2015 18:10:42 UTC
27-Aug-2018 16:10:17.226 INFO [main] org.apache.catalina.startup.VersionLoggerListener.log Server number:         8.0.20.0
27-Aug-2018 16:10:17.227 INFO [main] org.apache.catalina.startup.VersionLoggerListener.log OS Name:               Windows 7
27-Aug-2018 16:10:17.229 INFO [main] org.apache.catalina.startup.VersionLoggerListener.log OS Version:            6.1
27-Aug-2018 16:10:17.230 INFO [main] org.apache.catalina.startup.VersionLoggerListener.log Architecture:          amd64
27-Aug-2018 16:10:17.231 INFO [main] org.apache.catalina.startup.VersionLoggerListener.log Java Home:             D:\Program Files\java\install1.8\jre
27-Aug-2018 16:10:17.232 INFO [main] org.apache.catalina.startup.VersionLoggerListener.log JVM Version:           1.8.0_20-b26
27-Aug-2018 16:10:17.234 INFO [main] org.apache.catalina.startup.VersionLoggerListener.log JVM Vendor:            Oracle Corporation
27-Aug-2018 16:10:17.235 INFO [main] org.apache.catalina.startup.VersionLoggerListener.log CATALINA_BASE:         F:\nginx\projects\apache-tomcat-8.0.20-8080
27-Aug-2018 16:10:17.236 INFO [main] org.apache.catalina.startup.VersionLoggerListener.log CATALINA_HOME:         F:\nginx\projects\apache-tomcat-8.0.20-8080
27-Aug-2018 16:10:17.237 INFO [main] org.apache.catalina.startup.VersionLoggerListener.log Command line argument: -Djava.util.logging.config.file=F:\nginx\projects\apache-tomcat-8.0.20-8080\conf\logging.properties
27-Aug-2018 16:10:17.241 INFO [main] org.apache.catalina.startup.VersionLoggerListener.log Command line argument: -Djava.util.logging.manager=org.apache.juli.ClassLoaderLogManager
27-Aug-2018 16:10:17.244 INFO [main] org.apache.catalina.startup.VersionLoggerListener.log Command line argument: -Djava.endorsed.dirs=F:\nginx\projects\apache-tomcat-8.0.20-8080\endorsed
27-Aug-2018 16:10:17.247 INFO [main] org.apache.catalina.startup.VersionLoggerListener.log Command line argument: -Dcatalina.base=F:\nginx\projects\apache-tomcat-8.0.20-8080
27-Aug-2018 16:10:17.253 INFO [main] org.apache.catalina.startup.VersionLoggerListener.log Command line argument: -Dcatalina.home=F:\nginx\projects\apache-tomcat-8.0.20-8080
27-Aug-2018 16:10:17.257 INFO [main] org.apache.catalina.startup.VersionLoggerListener.log Command line argument: -Djava.io.tmpdir=F:\nginx\projects\apache-tomcat-8.0.20-8080\temp
27-Aug-2018 16:10:17.260 INFO [main] org.apache.catalina.core.AprLifecycleListener.lifecycleEvent Loaded APR based Apache Tomcat Native library 1.1.32 using APR version 1.5.1.
27-Aug-2018 16:10:17.263 INFO [main] org.apache.catalina.core.AprLifecycleListener.lifecycleEvent APR capabilities: IPv6 [true], sendfile [true], accept filters [false], random [true].
27-Aug-2018 16:10:18.554 INFO [main] org.apache.catalina.core.AprLifecycleListener.initializeSSL OpenSSL successfully initialized (OpenSSL 1.0.1j 15 Oct 2014)
27-Aug-2018 16:10:19.163 INFO [main] org.apache.coyote.AbstractProtocol.init Initializing ProtocolHandler ["http-apr-8080"]
27-Aug-2018 16:10:19.201 INFO [main] org.apache.coyote.AbstractProtocol.init Initializing ProtocolHandler ["ajp-apr-8001"]
27-Aug-2018 16:10:19.207 INFO [main] org.apache.catalina.startup.Catalina.load Initialization processed in 3604 ms
27-Aug-2018 16:10:19.352 INFO [main] org.apache.catalina.core.StandardService.startInternal Starting service Catalina
27-Aug-2018 16:10:19.355 INFO [main] org.apache.catalina.core.StandardEngine.startInternal Starting Servlet Engine: Apache Tomcat/8.0.20
27-Aug-2018 16:10:19.425 INFO [localhost-startStop-1] org.apache.catalina.startup.HostConfig.deployDirectory Deploying web application directory F:\nginx\projects\apache-tomcat-8.0.20-8080\webapps\javawebsimple
27-Aug-2018 16:10:21.236 INFO [localhost-startStop-1] org.apache.catalina.util.SessionIdGeneratorBase.createSecureRandom Creation of SecureRandom instance for session ID generation using [SHA1PRNG] took [525] milliseconds.
27-Aug-2018 16:10:21.298 INFO [localhost-startStop-1] org.apache.catalina.startup.HostConfig.deployDirectory Deployment of web application directory F:\nginx\projects\apache-tomcat-8.0.20-8080\webapps\javawebsimple has finished in 1,872 ms
27-Aug-2018 16:10:21.307 INFO [localhost-startStop-1] org.apache.catalina.startup.HostConfig.deployDirectory Deploying web application directory F:\nginx\projects\apache-tomcat-8.0.20-8080\webapps\ROOT
27-Aug-2018 16:10:21.414 INFO [localhost-startStop-1] org.apache.catalina.startup.HostConfig.deployDirectory Deployment of web application directory F:\nginx\projects\apache-tomcat-8.0.20-8080\webapps\ROOT has finished in 107 ms
27-Aug-2018 16:10:21.430 INFO [main] org.apache.coyote.AbstractProtocol.start Starting ProtocolHandler ["http-apr-8080"]
27-Aug-2018 16:10:21.461 INFO [main] org.apache.coyote.AbstractProtocol.start Starting ProtocolHandler ["ajp-apr-8001"]
27-Aug-2018 16:10:21.466 INFO [main] org.apache.catalina.startup.Catalina.start Server startup in 2262 ms
